<?xml version="1.0" encoding="UTF-8"?>
<coverage generated="1764046586830" clover="3.2.0">
  <project timestamp="1764046586830" name="All files">
    <metrics statements="1332" coveredstatements="847" conditionals="1263" coveredconditionals="486" methods="204" coveredmethods="117" elements="2799" coveredelements="1450" complexity="0" loc="1332" ncloc="1332" packages="9" files="29" classes="29"/>
    <package name="src">
      <metrics statements="93" coveredstatements="79" conditionals="33" coveredconditionals="20" methods="16" coveredmethods="12"/>
      <file name="app.js" path="/Users/vamsikolli/Projects/smart_travel_comp/travel-app-be/src/app.js">
        <metrics statements="93" coveredstatements="79" conditionals="33" coveredconditionals="20" methods="16" coveredmethods="12"/>
        <line num="1" count="14" type="stmt"/>
        <line num="3" count="14" type="cond" truecount="1" falsecount="1"/>
        <line num="5" count="14" type="stmt"/>
        <line num="6" count="14" type="stmt"/>
        <line num="7" count="14" type="stmt"/>
        <line num="8" count="14" type="stmt"/>
        <line num="9" count="14" type="stmt"/>
        <line num="10" count="14" type="stmt"/>
        <line num="11" count="14" type="stmt"/>
        <line num="12" count="14" type="stmt"/>
        <line num="13" count="14" type="stmt"/>
        <line num="14" count="14" type="stmt"/>
        <line num="15" count="14" type="stmt"/>
        <line num="16" count="14" type="stmt"/>
        <line num="17" count="14" type="stmt"/>
        <line num="23" count="14" type="stmt"/>
        <line num="28" count="14" type="stmt"/>
        <line num="34" count="14" type="stmt"/>
        <line num="35" count="14" type="stmt"/>
        <line num="36" count="14" type="stmt"/>
        <line num="39" count="14" type="cond" truecount="1" falsecount="1"/>
        <line num="40" count="14" type="stmt"/>
        <line num="49" count="14" type="cond" truecount="1" falsecount="1"/>
        <line num="50" count="14" type="cond" truecount="1" falsecount="1"/>
        <line num="51" count="14" type="cond" truecount="1" falsecount="1"/>
        <line num="52" count="14" type="stmt"/>
        <line num="54" count="14" type="cond" truecount="1" falsecount="1"/>
        <line num="55" count="0" type="stmt"/>
        <line num="61" count="14" type="stmt"/>
        <line num="68" count="14" type="stmt"/>
        <line num="100" count="14" type="stmt"/>
        <line num="109" count="15" type="stmt"/>
        <line num="110" count="15" type="stmt"/>
        <line num="112" count="15" type="stmt"/>
        <line num="115" count="137" type="cond" truecount="4" falsecount="0"/>
        <line num="116" count="136" type="stmt"/>
        <line num="118" count="1" type="stmt"/>
        <line num="125" count="15" type="stmt"/>
        <line num="150" count="15" type="stmt"/>
        <line num="151" count="15" type="stmt"/>
        <line num="154" count="15" type="stmt"/>
        <line num="157" count="15" type="stmt"/>
        <line num="162" count="15" type="stmt"/>
        <line num="163" count="15" type="stmt"/>
        <line num="164" count="136" type="cond" truecount="1" falsecount="1"/>
        <line num="165" count="272" type="cond" truecount="1" falsecount="1"/>
        <line num="166" count="0" type="stmt"/>
        <line num="168" count="136" type="stmt"/>
        <line num="172" count="15" type="stmt"/>
        <line num="173" count="105" type="stmt"/>
        <line num="177" count="15" type="stmt"/>
        <line num="182" count="15" type="stmt"/>
        <line num="183" count="134" type="cond" truecount="1" falsecount="1"/>
        <line num="184" count="268" type="cond" truecount="1" falsecount="1"/>
        <line num="185" count="0" type="stmt"/>
        <line num="187" count="134" type="stmt"/>
        <line num="191" count="15" type="stmt"/>
        <line num="192" count="15" type="stmt"/>
        <line num="193" count="15" type="stmt"/>
        <line num="196" count="15" type="stmt"/>
        <line num="204" count="15" type="stmt"/>
        <line num="205" count="128" type="cond" truecount="2" falsecount="0"/>
        <line num="206" count="128" type="stmt"/>
        <line num="211" count="128" type="stmt"/>
        <line num="214" count="45" type="stmt"/>
        <line num="215" count="30" type="stmt"/>
        <line num="217" count="15" type="stmt"/>
        <line num="218" count="0" type="stmt"/>
        <line num="219" count="0" type="stmt"/>
        <line num="220" count="0" type="stmt"/>
        <line num="222" count="0" type="stmt"/>
        <line num="223" count="0" type="stmt"/>
        <line num="236" count="15" type="stmt"/>
        <line num="237" count="0" type="stmt"/>
        <line num="238" count="0" type="cond" truecount="0" falsecount="2"/>
        <line num="239" count="0" type="stmt"/>
        <line num="241" count="0" type="stmt"/>
        <line num="242" count="0" type="stmt"/>
        <line num="251" count="15" type="stmt"/>
        <line num="252" count="2" type="stmt"/>
        <line num="260" count="15" type="stmt"/>
        <line num="261" count="15" type="stmt"/>
        <line num="262" count="15" type="stmt"/>
        <line num="263" count="15" type="stmt"/>
        <line num="264" count="15" type="stmt"/>
        <line num="265" count="15" type="stmt"/>
        <line num="266" count="15" type="stmt"/>
        <line num="267" count="15" type="stmt"/>
        <line num="269" count="15" type="stmt"/>
        <line num="270" count="0" type="stmt"/>
        <line num="277" count="15" type="stmt"/>
        <line num="279" count="15" type="stmt"/>
        <line num="282" count="14" type="stmt"/>
      </file>
    </package>
    <package name="src.config">
      <metrics statements="19" coveredstatements="16" conditionals="12" coveredconditionals="6" methods="1" coveredmethods="1"/>
      <file name="firebaseAdmin.js" path="/Users/vamsikolli/Projects/smart_travel_comp/travel-app-be/src/config/firebaseAdmin.js">
        <metrics statements="19" coveredstatements="16" conditionals="12" coveredconditionals="6" methods="1" coveredmethods="1"/>
        <line num="1" count="14" type="stmt"/>
        <line num="6" count="14" type="cond" truecount="1" falsecount="1"/>
        <line num="9" count="14" type="cond" truecount="1" falsecount="1"/>
        <line num="10" count="14" type="cond" truecount="1" falsecount="1"/>
        <line num="11" count="0" type="stmt"/>
        <line num="16" count="14" type="stmt"/>
        <line num="17" count="14" type="cond" truecount="1" falsecount="1"/>
        <line num="20" count="14" type="stmt"/>
        <line num="22" count="14" type="cond" truecount="1" falsecount="1"/>
        <line num="23" count="0" type="stmt"/>
        <line num="26" count="14" type="stmt"/>
        <line num="28" count="0" type="stmt"/>
        <line num="35" count="14" type="cond" truecount="1" falsecount="1"/>
        <line num="36" count="14" type="stmt"/>
        <line num="37" count="14" type="stmt"/>
        <line num="39" count="14" type="stmt"/>
        <line num="46" count="14" type="stmt"/>
        <line num="47" count="14" type="stmt"/>
        <line num="49" count="14" type="stmt"/>
      </file>
    </package>
    <package name="src.controllers">
      <metrics statements="401" coveredstatements="293" conditionals="381" coveredconditionals="195" methods="44" coveredmethods="34"/>
      <file name="culturalEtiquetteController.js" path="/Users/vamsikolli/Projects/smart_travel_comp/travel-app-be/src/controllers/culturalEtiquetteController.js">
        <metrics statements="6" coveredstatements="4" conditionals="0" coveredconditionals="0" methods="1" coveredmethods="1"/>
        <line num="8" count="14" type="stmt"/>
        <line num="10" count="14" type="stmt"/>
        <line num="11" count="2" type="stmt"/>
        <line num="16" count="2" type="stmt"/>
        <line num="20" count="0" type="stmt"/>
        <line num="25" count="0" type="stmt"/>
      </file>
      <file name="cultureIntelligenceController.js" path="/Users/vamsikolli/Projects/smart_travel_comp/travel-app-be/src/controllers/cultureIntelligenceController.js">
        <metrics statements="132" coveredstatements="103" conditionals="154" coveredconditionals="76" methods="14" coveredmethods="13"/>
        <line num="1" count="14" type="stmt"/>
        <line num="2" count="14" type="stmt"/>
        <line num="7" count="14" type="stmt"/>
        <line num="8" count="14" type="stmt"/>
        <line num="10" count="14" type="stmt"/>
        <line num="11" count="14" type="stmt"/>
        <line num="13" count="14" type="cond" truecount="2" falsecount="0"/>
        <line num="16" count="50" type="cond" truecount="3" falsecount="1"/>
        <line num="17" count="50" type="stmt"/>
        <line num="25" count="52" type="cond" truecount="1" falsecount="1"/>
        <line num="29" count="52" type="cond" truecount="1" falsecount="1"/>
        <line num="33" count="25" type="cond" truecount="1" falsecount="1"/>
        <line num="34" count="25" type="cond" truecount="2" falsecount="2"/>
        <line num="35" count="25" type="stmt"/>
        <line num="36" count="25" type="stmt"/>
        <line num="40" count="25" type="stmt"/>
        <line num="41" count="25" type="stmt"/>
        <line num="42" count="25" type="stmt"/>
        <line num="43" count="0" type="cond" truecount="0" falsecount="2"/>
        <line num="45" count="0" type="stmt"/>
        <line num="46" count="0" type="cond" truecount="0" falsecount="5"/>
        <line num="48" count="0" type="cond" truecount="0" falsecount="2"/>
        <line num="49" count="0" type="stmt"/>
        <line num="51" count="0" type="cond" truecount="0" falsecount="2"/>
        <line num="55" count="0" type="stmt"/>
        <line num="58" count="0" type="stmt"/>
        <line num="60" count="25" type="stmt"/>
        <line num="61" count="25" type="stmt"/>
        <line num="66" count="3" type="stmt"/>
        <line num="67" count="3" type="stmt"/>
        <line num="68" count="3" type="stmt"/>
        <line num="78" count="3" type="stmt"/>
        <line num="83" count="3" type="stmt"/>
        <line num="84" count="3" type="stmt"/>
        <line num="85" count="15" type="stmt"/>
        <line num="86" count="15" type="cond" truecount="3" falsecount="1"/>
        <line num="87" count="0" type="stmt"/>
        <line num="98" count="25" type="stmt"/>
        <line num="128" count="6" type="cond" truecount="3" falsecount="1"/>
        <line num="129" count="0" type="stmt"/>
        <line num="132" count="6" type="stmt"/>
        <line num="133" count="6" type="stmt"/>
        <line num="135" count="1" type="stmt"/>
        <line num="136" count="1" type="cond" truecount="1" falsecount="1"/>
        <line num="137" count="0" type="stmt"/>
        <line num="138" count="0" type="stmt"/>
        <line num="140" count="0" type="stmt"/>
        <line num="146" count="1" type="stmt"/>
        <line num="154" count="26" type="stmt"/>
        <line num="161" count="26" type="cond" truecount="1" falsecount="1"/>
        <line num="163" count="26" type="stmt"/>
        <line num="166" count="26" type="cond" truecount="2" falsecount="0"/>
        <line num="167" count="1" type="stmt"/>
        <line num="178" count="25" type="cond" truecount="2" falsecount="0"/>
        <line num="182" count="25" type="cond" truecount="2" falsecount="0"/>
        <line num="183" count="25" type="cond" truecount="2" falsecount="0"/>
        <line num="185" count="25" type="stmt"/>
        <line num="188" count="25" type="stmt"/>
        <line num="192" count="25" type="stmt"/>
        <line num="193" count="25" type="cond" truecount="1" falsecount="1"/>
        <line num="194" count="25" type="stmt"/>
        <line num="195" count="25" type="cond" truecount="1" falsecount="1"/>
        <line num="196" count="0" type="stmt"/>
        <line num="200" count="25" type="stmt"/>
        <line num="201" count="25" type="stmt"/>
        <line num="216" count="25" type="stmt"/>
        <line num="224" count="4" type="stmt"/>
        <line num="225" count="4" type="stmt"/>
        <line num="234" count="1" type="stmt"/>
        <line num="238" count="1" type="stmt"/>
        <line num="249" count="3" type="stmt"/>
        <line num="265" count="3" type="stmt"/>
        <line num="266" count="3" type="stmt"/>
        <line num="268" count="0" type="stmt"/>
        <line num="272" count="0" type="stmt"/>
        <line num="283" count="3" type="stmt"/>
        <line num="285" count="3" type="stmt"/>
        <line num="287" count="21" type="stmt"/>
        <line num="291" count="21" type="stmt"/>
        <line num="307" count="2" type="stmt"/>
        <line num="309" count="2" type="cond" truecount="1" falsecount="1"/>
        <line num="311" count="2" type="stmt"/>
        <line num="314" count="2" type="cond" truecount="2" falsecount="0"/>
        <line num="315" count="1" type="stmt"/>
        <line num="320" count="1" type="stmt"/>
        <line num="324" count="1" type="cond" truecount="1" falsecount="1"/>
        <line num="325" count="0" type="stmt"/>
        <line num="332" count="1" type="cond" truecount="2" falsecount="0"/>
        <line num="336" count="1" type="cond" truecount="2" falsecount="0"/>
        <line num="338" count="1" type="cond" truecount="1" falsecount="1"/>
        <line num="339" count="0" type="stmt"/>
        <line num="346" count="1" type="stmt"/>
        <line num="358" count="1" type="stmt"/>
        <line num="366" count="1" type="stmt"/>
        <line num="374" count="1" type="stmt"/>
        <line num="375" count="1" type="stmt"/>
        <line num="382" count="0" type="stmt"/>
        <line num="386" count="0" type="stmt"/>
        <line num="397" count="1" type="cond" truecount="1" falsecount="1"/>
        <line num="398" count="1" type="cond" truecount="1" falsecount="1"/>
        <line num="399" count="1" type="stmt"/>
        <line num="402" count="1" type="cond" truecount="1" falsecount="1"/>
        <line num="403" count="0" type="stmt"/>
        <line num="414" count="1" type="stmt"/>
        <line num="419" count="0" type="stmt"/>
        <line num="423" count="0" type="stmt"/>
        <line num="439" count="2" type="stmt"/>
        <line num="452" count="2" type="cond" truecount="1" falsecount="1"/>
        <line num="454" count="2" type="cond" truecount="1" falsecount="1"/>
        <line num="458" count="2" type="cond" truecount="2" falsecount="0"/>
        <line num="459" count="1" type="stmt"/>
        <line num="470" count="1" type="cond" truecount="1" falsecount="1"/>
        <line num="474" count="1" type="cond" truecount="2" falsecount="0"/>
        <line num="476" count="1" type="stmt"/>
        <line num="501" count="1" type="stmt"/>
        <line num="512" count="1" type="stmt"/>
        <line num="520" count="1" type="stmt"/>
        <line num="521" count="1" type="stmt"/>
        <line num="528" count="0" type="stmt"/>
        <line num="532" count="0" type="stmt"/>
        <line num="543" count="1" type="stmt"/>
        <line num="544" count="1" type="cond" truecount="1" falsecount="1"/>
        <line num="545" count="1" type="stmt"/>
        <line num="547" count="1" type="cond" truecount="2" falsecount="2"/>
        <line num="548" count="0" type="stmt"/>
        <line num="551" count="1" type="cond" truecount="1" falsecount="1"/>
        <line num="553" count="1" type="cond" truecount="1" falsecount="1"/>
        <line num="554" count="0" type="stmt"/>
        <line num="565" count="1" type="stmt"/>
        <line num="567" count="0" type="stmt"/>
        <line num="571" count="0" type="stmt"/>
        <line num="583" count="14" type="stmt"/>
      </file>
      <file name="itineraryController.js" path="/Users/vamsikolli/Projects/smart_travel_comp/travel-app-be/src/controllers/itineraryController.js">
        <metrics statements="63" coveredstatements="60" conditionals="67" coveredconditionals="53" methods="8" coveredmethods="8"/>
        <line num="1" count="14" type="stmt"/>
        <line num="6" count="14" type="stmt"/>
        <line num="10" count="14" type="stmt"/>
        <line num="11" count="14" type="stmt"/>
        <line num="12" count="14" type="stmt"/>
        <line num="14" count="14" type="stmt"/>
        <line num="17" count="14" type="stmt"/>
        <line num="22" count="56" type="cond" truecount="2" falsecount="0"/>
        <line num="26" count="8" type="stmt"/>
        <line num="27" count="8" type="cond" truecount="3" falsecount="1"/>
        <line num="31" count="1" type="cond" truecount="2" falsecount="2"/>
        <line num="32" count="1" type="stmt"/>
        <line num="34" count="1" type="stmt"/>
        <line num="37" count="6" type="stmt"/>
        <line num="49" count="2" type="stmt"/>
        <line num="51" count="6" type="stmt"/>
        <line num="54" count="1" type="stmt"/>
        <line num="67" count="8" type="stmt"/>
        <line num="68" count="8" type="stmt"/>
        <line num="69" count="8" type="stmt"/>
        <line num="70" count="8" type="cond" truecount="2" falsecount="0"/>
        <line num="71" count="8" type="cond" truecount="2" falsecount="0"/>
        <line num="72" count="8" type="cond" truecount="2" falsecount="0"/>
        <line num="73" count="8" type="cond" truecount="2" falsecount="0"/>
        <line num="74" count="8" type="cond" truecount="2" falsecount="0"/>
        <line num="75" count="8" type="cond" truecount="2" falsecount="0"/>
        <line num="76" count="8" type="cond" truecount="2" falsecount="0"/>
        <line num="77" count="8" type="cond" truecount="2" falsecount="0"/>
        <line num="79" count="8" type="cond" truecount="6" falsecount="1"/>
        <line num="80" count="0" type="stmt"/>
        <line num="89" count="8" type="cond" truecount="2" falsecount="0"/>
        <line num="90" count="1" type="stmt"/>
        <line num="91" count="1" type="stmt"/>
        <line num="92" count="1" type="stmt"/>
        <line num="94" count="1" type="cond" truecount="1" falsecount="1"/>
        <line num="97" count="7" type="cond" truecount="2" falsecount="0"/>
        <line num="98" count="6" type="stmt"/>
        <line num="99" count="6" type="stmt"/>
        <line num="100" count="5" type="stmt"/>
        <line num="106" count="1" type="stmt"/>
        <line num="109" count="1" type="stmt"/>
        <line num="116" count="8" type="stmt"/>
        <line num="118" count="8" type="cond" truecount="2" falsecount="0"/>
        <line num="120" count="1" type="stmt"/>
        <line num="121" count="1" type="stmt"/>
        <line num="124" count="7" type="stmt"/>
        <line num="131" count="7" type="stmt"/>
        <line num="186" count="7" type="stmt"/>
        <line num="192" count="7" type="cond" truecount="2" falsecount="0"/>
        <line num="193" count="1" type="stmt"/>
        <line num="205" count="6" type="stmt"/>
        <line num="211" count="6" type="stmt"/>
        <line num="218" count="6" type="stmt"/>
        <line num="219" count="6" type="stmt"/>
        <line num="221" count="1" type="stmt"/>
        <line num="222" count="1" type="cond" truecount="1" falsecount="1"/>
        <line num="225" count="5" type="cond" truecount="3" falsecount="1"/>
        <line num="227" count="0" type="stmt"/>
        <line num="228" count="0" type="stmt"/>
        <line num="231" count="5" type="stmt"/>
        <line num="233" count="1" type="stmt"/>
        <line num="234" count="1" type="stmt"/>
        <line num="246" count="14" type="stmt"/>
      </file>
      <file name="phrasebookController.js" path="/Users/vamsikolli/Projects/smart_travel_comp/travel-app-be/src/controllers/phrasebookController.js">
        <metrics statements="42" coveredstatements="28" conditionals="38" coveredconditionals="17" methods="5" coveredmethods="2"/>
        <line num="1" count="14" type="stmt"/>
        <line num="6" count="14" type="stmt"/>
        <line num="7" count="14" type="stmt"/>
        <line num="8" count="14" type="stmt"/>
        <line num="10" count="14" type="stmt"/>
        <line num="13" count="14" type="stmt"/>
        <line num="18" count="6" type="cond" truecount="1" falsecount="1"/>
        <line num="21" count="0" type="cond" truecount="0" falsecount="2"/>
        <line num="22" count="0" type="stmt"/>
        <line num="26" count="2" type="stmt"/>
        <line num="27" count="2" type="stmt"/>
        <line num="28" count="2" type="stmt"/>
        <line num="29" count="2" type="stmt"/>
        <line num="30" count="2" type="stmt"/>
        <line num="33" count="2" type="cond" truecount="4" falsecount="1"/>
        <line num="34" count="0" type="stmt"/>
        <line num="45" count="2" type="cond" truecount="1" falsecount="1"/>
        <line num="46" count="0" type="stmt"/>
        <line num="57" count="2" type="stmt"/>
        <line num="68" count="2" type="stmt"/>
        <line num="114" count="2" type="stmt"/>
        <line num="120" count="2" type="cond" truecount="2" falsecount="0"/>
        <line num="121" count="1" type="stmt"/>
        <line num="133" count="1" type="stmt"/>
        <line num="139" count="1" type="stmt"/>
        <line num="146" count="1" type="stmt"/>
        <line num="147" count="1" type="stmt"/>
        <line num="149" count="1" type="stmt"/>
        <line num="150" count="1" type="cond" truecount="1" falsecount="1"/>
        <line num="153" count="1" type="cond" truecount="2" falsecount="2"/>
        <line num="154" count="1" type="stmt"/>
        <line num="167" count="0" type="stmt"/>
        <line num="173" count="0" type="stmt"/>
        <line num="174" count="0" type="stmt"/>
        <line num="175" count="0" type="stmt"/>
        <line num="176" count="0" type="stmt"/>
        <line num="177" count="0" type="stmt"/>
        <line num="179" count="0" type="cond" truecount="0" falsecount="3"/>
        <line num="182" count="0" type="stmt"/>
        <line num="184" count="0" type="stmt"/>
        <line num="185" count="0" type="stmt"/>
        <line num="198" count="14" type="stmt"/>
      </file>
      <file name="poiController.js" path="/Users/vamsikolli/Projects/smart_travel_comp/travel-app-be/src/controllers/poiController.js">
        <metrics statements="63" coveredstatements="50" conditionals="54" coveredconditionals="33" methods="4" coveredmethods="4"/>
        <line num="1" count="14" type="stmt"/>
        <line num="6" count="14" type="stmt"/>
        <line num="10" count="14" type="stmt"/>
        <line num="15" count="14" type="stmt"/>
        <line num="16" count="14" type="stmt"/>
        <line num="17" count="14" type="stmt"/>
        <line num="19" count="14" type="cond" truecount="2" falsecount="0"/>
        <line num="20" count="14" type="cond" truecount="2" falsecount="0"/>
        <line num="21" count="14" type="stmt"/>
        <line num="24" count="1" type="stmt"/>
        <line num="25" count="1" type="stmt"/>
        <line num="28" count="1" type="stmt"/>
        <line num="29" count="1" type="cond" truecount="1" falsecount="1"/>
        <line num="31" count="0" type="stmt"/>
        <line num="35" count="2" type="stmt"/>
        <line num="49" count="2" type="stmt"/>
        <line num="51" count="2" type="cond" truecount="1" falsecount="1"/>
        <line num="54" count="2" type="stmt"/>
        <line num="55" count="2" type="cond" truecount="4" falsecount="0"/>
        <line num="56" count="1" type="stmt"/>
        <line num="57" count="1" type="cond" truecount="1" falsecount="1"/>
        <line num="59" count="0" type="stmt"/>
        <line num="60" count="0" type="stmt"/>
        <line num="61" count="0" type="stmt"/>
        <line num="72" count="1" type="stmt"/>
        <line num="83" count="1" type="cond" truecount="2" falsecount="0"/>
        <line num="84" count="1" type="stmt"/>
        <line num="90" count="1" type="cond" truecount="1" falsecount="1"/>
        <line num="91" count="0" type="stmt"/>
        <line num="102" count="1" type="stmt"/>
        <line num="109" count="1" type="stmt"/>
        <line num="116" count="1" type="stmt"/>
        <line num="117" count="1" type="stmt"/>
        <line num="127" count="1" type="stmt"/>
        <line num="128" count="1" type="stmt"/>
        <line num="129" count="1" type="stmt"/>
        <line num="130" count="1" type="stmt"/>
        <line num="131" count="1" type="stmt"/>
        <line num="132" count="1" type="stmt"/>
        <line num="134" count="1" type="stmt"/>
        <line num="143" count="0" type="stmt"/>
        <line num="144" count="0" type="cond" truecount="0" falsecount="3"/>
        <line num="146" count="0" type="cond" truecount="0" falsecount="3"/>
        <line num="147" count="0" type="stmt"/>
        <line num="156" count="2" type="stmt"/>
        <line num="157" count="2" type="cond" truecount="2" falsecount="0"/>
        <line num="158" count="2" type="stmt"/>
        <line num="159" count="2" type="stmt"/>
        <line num="165" count="2" type="cond" truecount="1" falsecount="1"/>
        <line num="166" count="0" type="stmt"/>
        <line num="178" count="2" type="stmt"/>
        <line num="179" count="2" type="stmt"/>
        <line num="184" count="2" type="cond" truecount="2" falsecount="0"/>
        <line num="185" count="1" type="stmt"/>
        <line num="193" count="1" type="cond" truecount="2" falsecount="0"/>
        <line num="194" count="1" type="cond" truecount="3" falsecount="1"/>
        <line num="195" count="1" type="cond" truecount="1" falsecount="1"/>
        <line num="198" count="1" type="stmt"/>
        <line num="202" count="1" type="stmt"/>
        <line num="204" count="0" type="stmt"/>
        <line num="205" count="0" type="cond" truecount="0" falsecount="3"/>
        <line num="206" count="0" type="stmt"/>
        <line num="214" count="14" type="stmt"/>
      </file>
      <file name="savedPhraseController.js" path="/Users/vamsikolli/Projects/smart_travel_comp/travel-app-be/src/controllers/savedPhraseController.js">
        <metrics statements="56" coveredstatements="41" conditionals="50" coveredconditionals="15" methods="7" coveredmethods="6"/>
        <line num="1" count="14" type="stmt"/>
        <line num="6" count="14" type="stmt"/>
        <line num="11" count="14" type="stmt"/>
        <line num="13" count="14" type="stmt"/>
        <line num="15" count="14" type="stmt"/>
        <line num="16" count="0" type="stmt"/>
        <line num="24" count="14" type="stmt"/>
        <line num="25" count="1" type="stmt"/>
        <line num="26" count="1" type="stmt"/>
        <line num="27" count="1" type="cond" truecount="1" falsecount="1"/>
        <line num="28" count="0" type="stmt"/>
        <line num="41" count="1" type="stmt"/>
        <line num="47" count="1" type="stmt"/>
        <line num="49" count="0" type="stmt"/>
        <line num="50" count="0" type="cond" truecount="0" falsecount="5"/>
        <line num="51" count="0" type="stmt"/>
        <line num="52" count="0" type="stmt"/>
        <line num="53" count="0" type="stmt"/>
        <line num="67" count="3" type="stmt"/>
        <line num="73" count="3" type="stmt"/>
        <line num="74" count="3" type="stmt"/>
        <line num="75" count="7" type="stmt"/>
        <line num="80" count="7" type="cond" truecount="2" falsecount="0"/>
        <line num="81" count="6" type="stmt"/>
        <line num="84" count="2" type="stmt"/>
        <line num="90" count="2" type="stmt"/>
        <line num="97" count="2" type="cond" truecount="4" falsecount="0"/>
        <line num="100" count="2" type="cond" truecount="1" falsecount="1"/>
        <line num="102" count="2" type="stmt"/>
        <line num="105" count="2" type="cond" truecount="1" falsecount="1"/>
        <line num="107" count="2" type="stmt"/>
        <line num="120" count="14" type="stmt"/>
        <line num="121" count="3" type="stmt"/>
        <line num="122" count="3" type="stmt"/>
        <line num="123" count="3" type="cond" truecount="1" falsecount="1"/>
        <line num="124" count="0" type="stmt"/>
        <line num="137" count="3" type="cond" truecount="1" falsecount="1"/>
        <line num="138" count="3" type="cond" truecount="2" falsecount="0"/>
        <line num="139" count="1" type="stmt"/>
        <line num="146" count="2" type="stmt"/>
        <line num="154" count="2" type="stmt"/>
        <line num="156" count="0" type="stmt"/>
        <line num="157" count="0" type="stmt"/>
        <line num="170" count="14" type="stmt"/>
        <line num="171" count="1" type="stmt"/>
        <line num="172" count="1" type="stmt"/>
        <line num="173" count="1" type="cond" truecount="1" falsecount="1"/>
        <line num="174" count="0" type="stmt"/>
        <line num="187" count="1" type="stmt"/>
        <line num="192" count="1" type="stmt"/>
        <line num="193" count="1" type="cond" truecount="1" falsecount="1"/>
        <line num="194" count="1" type="stmt"/>
        <line num="197" count="0" type="stmt"/>
        <line num="198" count="0" type="stmt"/>
        <line num="200" count="0" type="stmt"/>
        <line num="201" count="0" type="stmt"/>
      </file>
      <file name="translationController.js" path="/Users/vamsikolli/Projects/smart_travel_comp/travel-app-be/src/controllers/translationController.js">
        <metrics statements="39" coveredstatements="7" conditionals="18" coveredconditionals="1" methods="5" coveredmethods="0"/>
        <line num="1" count="12" type="stmt"/>
        <line num="6" count="12" type="stmt"/>
        <line num="8" count="12" type="stmt"/>
        <line num="23" count="12" type="stmt"/>
        <line num="24" count="12" type="cond" truecount="1" falsecount="1"/>
        <line num="27" count="0" type="cond" truecount="0" falsecount="2"/>
        <line num="28" count="0" type="stmt"/>
        <line num="30" count="0" type="cond" truecount="0" falsecount="2"/>
        <line num="31" count="0" type="stmt"/>
        <line num="32" count="0" type="stmt"/>
        <line num="33" count="0" type="stmt"/>
        <line num="35" count="0" type="stmt"/>
        <line num="37" count="0" type="stmt"/>
        <line num="40" count="12" type="stmt"/>
        <line num="41" count="0" type="stmt"/>
        <line num="42" count="0" type="cond" truecount="0" falsecount="2"/>
        <line num="44" count="0" type="stmt"/>
        <line num="48" count="0" type="cond" truecount="0" falsecount="2"/>
        <line num="49" count="0" type="stmt"/>
        <line num="60" count="0" type="stmt"/>
        <line num="61" count="0" type="cond" truecount="0" falsecount="2"/>
        <line num="62" count="0" type="stmt"/>
        <line num="73" count="0" type="stmt"/>
        <line num="74" count="0" type="stmt"/>
        <line num="75" count="0" type="cond" truecount="0" falsecount="2"/>
        <line num="77" count="0" type="stmt"/>
        <line num="78" count="0" type="stmt"/>
        <line num="90" count="12" type="stmt"/>
        <line num="91" count="0" type="stmt"/>
        <line num="92" count="0" type="cond" truecount="0" falsecount="2"/>
        <line num="94" count="0" type="stmt"/>
        <line num="97" count="0" type="stmt"/>
        <line num="98" count="0" type="stmt"/>
        <line num="99" count="0" type="cond" truecount="0" falsecount="2"/>
        <line num="100" count="0" type="stmt"/>
        <line num="101" count="0" type="stmt"/>
        <line num="104" count="0" type="stmt"/>
        <line num="106" count="0" type="stmt"/>
        <line num="107" count="0" type="stmt"/>
      </file>
    </package>
    <package name="src.lib">
      <metrics statements="15" coveredstatements="10" conditionals="14" coveredconditionals="3" methods="1" coveredmethods="1"/>
      <file name="openrouterClient.js" path="/Users/vamsikolli/Projects/smart_travel_comp/travel-app-be/src/lib/openrouterClient.js">
        <metrics statements="15" coveredstatements="10" conditionals="14" coveredconditionals="3" methods="1" coveredmethods="1"/>
        <line num="1" count="10" type="stmt"/>
        <line num="3" count="10" type="stmt"/>
        <line num="4" count="10" type="cond" truecount="1" falsecount="1"/>
        <line num="13" count="21" type="cond" truecount="1" falsecount="1"/>
        <line num="14" count="0" type="stmt"/>
        <line num="17" count="21" type="stmt"/>
        <line num="26" count="21" type="stmt"/>
        <line num="36" count="21" type="cond" truecount="1" falsecount="1"/>
        <line num="37" count="21" type="stmt"/>
        <line num="38" count="0" type="cond" truecount="0" falsecount="4"/>
        <line num="40" count="0" type="stmt"/>
        <line num="44" count="21" type="stmt"/>
        <line num="45" count="0" type="cond" truecount="0" falsecount="2"/>
        <line num="46" count="0" type="stmt"/>
        <line num="49" count="10" type="stmt"/>
      </file>
    </package>
    <package name="src.middleware">
      <metrics statements="96" coveredstatements="76" conditionals="65" coveredconditionals="44" methods="16" coveredmethods="14"/>
      <file name="authenticate.js" path="/Users/vamsikolli/Projects/smart_travel_comp/travel-app-be/src/middleware/authenticate.js">
        <metrics statements="73" coveredstatements="55" conditionals="46" coveredconditionals="33" methods="9" coveredmethods="8"/>
        <line num="1" count="14" type="stmt"/>
        <line num="6" count="14" type="stmt"/>
        <line num="7" count="14" type="stmt"/>
        <line num="10" count="103" type="stmt"/>
        <line num="12" count="103" type="cond" truecount="1" falsecount="1"/>
        <line num="13" count="103" type="stmt"/>
        <line num="16" count="103" type="cond" truecount="1" falsecount="1"/>
        <line num="17" count="0" type="stmt"/>
        <line num="18" count="103" type="cond" truecount="1" falsecount="1"/>
        <line num="19" count="0" type="stmt"/>
        <line num="22" count="103" type="cond" truecount="2" falsecount="0"/>
        <line num="23" count="5" type="stmt"/>
        <line num="26" count="103" type="cond" truecount="1" falsecount="1"/>
        <line num="27" count="0" type="stmt"/>
        <line num="30" count="103" type="stmt"/>
        <line num="34" count="137" type="cond" truecount="2" falsecount="0"/>
        <line num="35" count="137" type="cond" truecount="2" falsecount="0"/>
        <line num="36" count="34" type="cond" truecount="2" falsecount="0"/>
        <line num="37" count="1" type="stmt"/>
        <line num="39" count="33" type="stmt"/>
        <line num="42" count="103" type="stmt"/>
        <line num="43" count="103" type="stmt"/>
        <line num="44" count="103" type="stmt"/>
        <line num="46" count="103" type="cond" truecount="1" falsecount="1"/>
        <line num="47" count="0" type="stmt"/>
        <line num="48" count="0" type="stmt"/>
        <line num="49" count="0" type="stmt"/>
        <line num="52" count="103" type="cond" truecount="1" falsecount="1"/>
        <line num="53" count="0" type="stmt"/>
        <line num="54" count="0" type="stmt"/>
        <line num="55" count="0" type="stmt"/>
        <line num="58" count="103" type="cond" truecount="2" falsecount="2"/>
        <line num="59" count="0" type="stmt"/>
        <line num="60" count="0" type="stmt"/>
        <line num="61" count="0" type="stmt"/>
        <line num="64" count="103" type="stmt"/>
        <line num="68" count="103" type="stmt"/>
        <line num="69" count="103" type="stmt"/>
        <line num="70" count="103" type="stmt"/>
        <line num="71" count="103" type="stmt"/>
        <line num="72" count="103" type="stmt"/>
        <line num="84" count="136" type="stmt"/>
        <line num="85" count="136" type="stmt"/>
        <line num="88" count="136" type="cond" truecount="2" falsecount="0"/>
        <line num="89" count="103" type="stmt"/>
        <line num="92" count="0" type="stmt"/>
        <line num="93" count="0" type="stmt"/>
        <line num="99" count="136" type="stmt"/>
        <line num="104" count="188" type="cond" truecount="2" falsecount="0"/>
        <line num="106" count="188" type="stmt"/>
        <line num="107" count="102" type="stmt"/>
        <line num="108" count="102" type="stmt"/>
        <line num="109" count="102" type="stmt"/>
        <line num="111" count="102" type="cond" truecount="4" falsecount="0"/>
        <line num="112" count="101" type="stmt"/>
        <line num="113" count="101" type="cond" truecount="1" falsecount="1"/>
        <line num="115" count="1" type="stmt"/>
        <line num="118" count="0" type="stmt"/>
        <line num="119" count="0" type="stmt"/>
        <line num="120" count="0" type="stmt"/>
        <line num="123" count="101" type="stmt"/>
        <line num="124" count="101" type="cond" truecount="2" falsecount="0"/>
        <line num="125" count="4" type="cond" truecount="2" falsecount="0"/>
        <line num="127" count="97" type="stmt"/>
        <line num="129" count="101" type="cond" truecount="2" falsecount="0"/>
        <line num="130" count="1" type="stmt"/>
        <line num="137" count="1" type="cond" truecount="1" falsecount="1"/>
        <line num="138" count="0" type="stmt"/>
        <line num="140" count="1" type="stmt"/>
        <line num="151" count="100" type="stmt"/>
        <line num="153" count="1" type="stmt"/>
        <line num="158" count="1" type="stmt"/>
        <line num="167" count="14" type="stmt"/>
      </file>
      <file name="validate.js" path="/Users/vamsikolli/Projects/smart_travel_comp/travel-app-be/src/middleware/validate.js">
        <metrics statements="23" coveredstatements="21" conditionals="19" coveredconditionals="11" methods="7" coveredmethods="6"/>
        <line num="1" count="14" type="stmt"/>
        <line num="5" count="14" type="stmt"/>
        <line num="8" count="5" type="cond" truecount="1" falsecount="1"/>
        <line num="13" count="5" type="stmt"/>
        <line num="14" count="6" type="stmt"/>
        <line num="15" count="6" type="cond" truecount="1" falsecount="1"/>
        <line num="20" count="57" type="stmt"/>
        <line num="21" count="19" type="stmt"/>
        <line num="23" count="19" type="cond" truecount="3" falsecount="1"/>
        <line num="24" count="19" type="cond" truecount="1" falsecount="1"/>
        <line num="26" count="14" type="cond" truecount="2" falsecount="0"/>
        <line num="27" count="8" type="stmt"/>
        <line num="28" count="6" type="cond" truecount="1" falsecount="1"/>
        <line num="29" count="0" type="stmt"/>
        <line num="31" count="6" type="stmt"/>
        <line num="34" count="14" type="stmt"/>
        <line num="36" count="5" type="cond" truecount="1" falsecount="1"/>
        <line num="37" count="5" type="stmt"/>
        <line num="48" count="0" type="stmt"/>
        <line num="53" count="43" type="stmt"/>
        <line num="54" count="14" type="stmt"/>
        <line num="55" count="14" type="stmt"/>
        <line num="57" count="14" type="stmt"/>
      </file>
    </package>
    <package name="src.poi.providers">
      <metrics statements="87" coveredstatements="6" conditionals="142" coveredconditionals="0" methods="22" coveredmethods="0"/>
      <file name="googlePlacesPoi.js" path="/Users/vamsikolli/Projects/smart_travel_comp/travel-app-be/src/poi/providers/googlePlacesPoi.js">
        <metrics statements="87" coveredstatements="6" conditionals="142" coveredconditionals="0" methods="22" coveredmethods="0"/>
        <line num="1" count="12" type="stmt"/>
        <line num="9" count="12" type="stmt"/>
        <line num="13" count="0" type="cond" truecount="0" falsecount="2"/>
        <line num="17" count="0" type="stmt"/>
        <line num="21" count="0" type="cond" truecount="0" falsecount="2"/>
        <line num="22" count="0" type="stmt"/>
        <line num="26" count="12" type="stmt"/>
        <line num="36" count="12" type="stmt"/>
        <line num="44" count="12" type="stmt"/>
        <line num="47" count="0" type="stmt"/>
        <line num="50" count="0" type="stmt"/>
        <line num="51" count="0" type="stmt"/>
        <line num="52" count="0" type="stmt"/>
        <line num="54" count="0" type="stmt"/>
        <line num="58" count="0" type="stmt"/>
        <line num="62" count="0" type="stmt"/>
        <line num="63" count="0" type="stmt"/>
        <line num="64" count="0" type="cond" truecount="0" falsecount="2"/>
        <line num="65" count="0" type="cond" truecount="0" falsecount="2"/>
        <line num="68" count="0" type="cond" truecount="0" falsecount="5"/>
        <line num="72" count="0" type="cond" truecount="0" falsecount="2"/>
        <line num="73" count="0" type="stmt"/>
        <line num="81" count="0" type="cond" truecount="0" falsecount="2"/>
        <line num="82" count="0" type="stmt"/>
        <line num="85" count="0" type="stmt"/>
        <line num="87" count="0" type="stmt"/>
        <line num="89" count="0" type="cond" truecount="0" falsecount="3"/>
        <line num="91" count="0" type="cond" truecount="0" falsecount="2"/>
        <line num="92" count="0" type="stmt"/>
        <line num="94" count="0" type="cond" truecount="0" falsecount="4"/>
        <line num="95" count="0" type="stmt"/>
        <line num="99" count="0" type="stmt"/>
        <line num="100" count="0" type="cond" truecount="0" falsecount="4"/>
        <line num="101" count="0" type="stmt"/>
        <line num="102" count="0" type="cond" truecount="0" falsecount="4"/>
        <line num="103" count="0" type="stmt"/>
        <line num="106" count="0" type="stmt"/>
        <line num="138" count="0" type="stmt"/>
        <line num="140" count="0" type="stmt"/>
        <line num="141" count="0" type="stmt"/>
        <line num="146" count="0" type="stmt"/>
        <line num="147" count="0" type="cond" truecount="0" falsecount="2"/>
        <line num="148" count="0" type="stmt"/>
        <line num="149" count="0" type="stmt"/>
        <line num="150" count="0" type="cond" truecount="0" falsecount="4"/>
        <line num="151" count="0" type="stmt"/>
        <line num="153" count="0" type="stmt"/>
        <line num="157" count="0" type="stmt"/>
        <line num="159" count="0" type="stmt"/>
        <line num="161" count="0" type="stmt"/>
        <line num="162" count="0" type="cond" truecount="0" falsecount="4"/>
        <line num="163" count="0" type="cond" truecount="0" falsecount="2"/>
        <line num="164" count="0" type="cond" truecount="0" falsecount="2"/>
        <line num="167" count="0" type="stmt"/>
        <line num="168" count="0" type="cond" truecount="0" falsecount="2"/>
        <line num="170" count="0" type="stmt"/>
        <line num="183" count="0" type="stmt"/>
        <line num="188" count="0" type="cond" truecount="0" falsecount="2"/>
        <line num="192" count="0" type="stmt"/>
        <line num="194" count="0" type="cond" truecount="0" falsecount="2"/>
        <line num="198" count="0" type="stmt"/>
        <line num="200" count="0" type="cond" truecount="0" falsecount="2"/>
        <line num="201" count="0" type="stmt"/>
        <line num="202" count="0" type="cond" truecount="0" falsecount="2"/>
        <line num="204" count="0" type="cond" truecount="0" falsecount="5"/>
        <line num="206" count="0" type="cond" truecount="0" falsecount="5"/>
        <line num="208" count="0" type="cond" truecount="0" falsecount="4"/>
        <line num="210" count="0" type="cond" truecount="0" falsecount="2"/>
        <line num="211" count="0" type="cond" truecount="0" falsecount="4"/>
        <line num="212" count="0" type="cond" truecount="0" falsecount="8"/>
        <line num="214" count="0" type="stmt"/>
        <line num="216" count="0" type="stmt"/>
        <line num="218" count="0" type="stmt"/>
        <line num="220" count="0" type="cond" truecount="0" falsecount="4"/>
        <line num="221" count="0" type="stmt"/>
        <line num="223" count="0" type="cond" truecount="0" falsecount="4"/>
        <line num="227" count="0" type="cond" truecount="0" falsecount="4"/>
        <line num="228" count="0" type="cond" truecount="0" falsecount="2"/>
        <line num="230" count="0" type="cond" truecount="0" falsecount="2"/>
        <line num="231" count="0" type="stmt"/>
        <line num="232" count="0" type="stmt"/>
        <line num="234" count="0" type="cond" truecount="0" falsecount="2"/>
        <line num="236" count="0" type="cond" truecount="0" falsecount="2"/>
        <line num="237" count="0" type="cond" truecount="0" falsecount="2"/>
        <line num="238" count="0" type="cond" truecount="0" falsecount="2"/>
        <line num="240" count="0" type="stmt"/>
        <line num="243" count="12" type="stmt"/>
      </file>
    </package>
    <package name="src.routes">
      <metrics statements="165" coveredstatements="108" conditionals="106" coveredconditionals="47" methods="17" coveredmethods="3"/>
      <file name="culturalEtiquetteRoutes.js" path="/Users/vamsikolli/Projects/smart_travel_comp/travel-app-be/src/routes/culturalEtiquetteRoutes.js">
        <metrics statements="5" coveredstatements="5" conditionals="0" coveredconditionals="0" methods="0" coveredmethods="0"/>
        <line num="1" count="14" type="stmt"/>
        <line num="2" count="14" type="stmt"/>
        <line num="5" count="14" type="stmt"/>
        <line num="9" count="14" type="stmt"/>
        <line num="11" count="14" type="stmt"/>
      </file>
      <file name="cultureIntelligenceRoutes.js" path="/Users/vamsikolli/Projects/smart_travel_comp/travel-app-be/src/routes/cultureIntelligenceRoutes.js">
        <metrics statements="11" coveredstatements="11" conditionals="0" coveredconditionals="0" methods="0" coveredmethods="0"/>
        <line num="1" count="14" type="stmt"/>
        <line num="2" count="14" type="stmt"/>
        <line num="8" count="14" type="stmt"/>
        <line num="12" count="14" type="stmt"/>
        <line num="22" count="14" type="stmt"/>
        <line num="32" count="14" type="stmt"/>
        <line num="38" count="14" type="stmt"/>
        <line num="45" count="14" type="stmt"/>
        <line num="48" count="14" type="stmt"/>
        <line num="51" count="14" type="stmt"/>
        <line num="53" count="14" type="stmt"/>
      </file>
      <file name="itineraryRoutes.js" path="/Users/vamsikolli/Projects/smart_travel_comp/travel-app-be/src/routes/itineraryRoutes.js">
        <metrics statements="7" coveredstatements="7" conditionals="0" coveredconditionals="0" methods="0" coveredmethods="0"/>
        <line num="1" count="14" type="stmt"/>
        <line num="2" count="14" type="stmt"/>
        <line num="3" count="14" type="stmt"/>
        <line num="4" count="14" type="stmt"/>
        <line num="6" count="14" type="stmt"/>
        <line num="8" count="14" type="stmt"/>
        <line num="14" count="14" type="stmt"/>
      </file>
      <file name="phrasebookRoutes.js" path="/Users/vamsikolli/Projects/smart_travel_comp/travel-app-be/src/routes/phrasebookRoutes.js">
        <metrics statements="8" coveredstatements="8" conditionals="0" coveredconditionals="0" methods="0" coveredmethods="0"/>
        <line num="1" count="14" type="stmt"/>
        <line num="2" count="14" type="stmt"/>
        <line num="3" count="14" type="stmt"/>
        <line num="4" count="14" type="stmt"/>
        <line num="5" count="14" type="stmt"/>
        <line num="7" count="14" type="stmt"/>
        <line num="9" count="14" type="stmt"/>
        <line num="16" count="14" type="stmt"/>
      </file>
      <file name="poiRoutes.js" path="/Users/vamsikolli/Projects/smart_travel_comp/travel-app-be/src/routes/poiRoutes.js">
        <metrics statements="10" coveredstatements="10" conditionals="8" coveredconditionals="8" methods="0" coveredmethods="0"/>
        <line num="1" count="14" type="stmt"/>
        <line num="2" count="14" type="stmt"/>
        <line num="3" count="14" type="stmt"/>
        <line num="4" count="14" type="stmt"/>
        <line num="5" count="14" type="stmt"/>
        <line num="7" count="14" type="stmt"/>
        <line num="13" count="14" type="stmt"/>
        <line num="19" count="14" type="stmt"/>
        <line num="25" count="14" type="stmt"/>
        <line num="32" count="14" type="stmt"/>
      </file>
      <file name="savedPhraseRoutes.js" path="/Users/vamsikolli/Projects/smart_travel_comp/travel-app-be/src/routes/savedPhraseRoutes.js">
        <metrics statements="7" coveredstatements="7" conditionals="0" coveredconditionals="0" methods="0" coveredmethods="0"/>
        <line num="4" count="14" type="stmt"/>
        <line num="5" count="14" type="stmt"/>
        <line num="7" count="14" type="stmt"/>
        <line num="10" count="14" type="stmt"/>
        <line num="13" count="14" type="stmt"/>
        <line num="16" count="14" type="stmt"/>
        <line num="18" count="14" type="stmt"/>
      </file>
      <file name="staysRoutes.js" path="/Users/vamsikolli/Projects/smart_travel_comp/travel-app-be/src/routes/staysRoutes.js">
        <metrics statements="108" coveredstatements="51" conditionals="98" coveredconditionals="39" methods="17" coveredmethods="3"/>
        <line num="1" count="14" type="stmt"/>
        <line num="2" count="14" type="stmt"/>
        <line num="3" count="14" type="stmt"/>
        <line num="12" count="14" type="stmt"/>
        <line num="18" count="14" type="stmt"/>
        <line num="19" count="14" type="stmt"/>
        <line num="20" count="14" type="stmt"/>
        <line num="21" count="14" type="stmt"/>
        <line num="22" count="14" type="stmt"/>
        <line num="24" count="14" type="stmt"/>
        <line num="30" count="14" type="stmt"/>
        <line num="36" count="14" type="cond" truecount="2" falsecount="0"/>
        <line num="37" count="14" type="stmt"/>
        <line num="41" count="14" type="stmt"/>
        <line num="42" count="0" type="stmt"/>
        <line num="44" count="0" type="stmt"/>
        <line num="48" count="14" type="stmt"/>
        <line num="49" count="0" type="stmt"/>
        <line num="51" count="0" type="stmt"/>
        <line num="52" count="0" type="stmt"/>
        <line num="54" count="0" type="cond" truecount="0" falsecount="2"/>
        <line num="55" count="0" type="cond" truecount="0" falsecount="2"/>
        <line num="56" count="0" type="stmt"/>
        <line num="67" count="0" type="stmt"/>
        <line num="68" count="0" type="cond" truecount="0" falsecount="2"/>
        <line num="69" count="0" type="cond" truecount="0" falsecount="2"/>
        <line num="70" count="0" type="cond" truecount="0" falsecount="4"/>
        <line num="71" count="0" type="stmt"/>
        <line num="74" count="0" type="stmt"/>
        <line num="75" count="0" type="stmt"/>
        <line num="84" count="0" type="cond" truecount="0" falsecount="2"/>
        <line num="88" count="0" type="stmt"/>
        <line num="89" count="0" type="stmt"/>
        <line num="92" count="0" type="cond" truecount="0" falsecount="4"/>
        <line num="93" count="0" type="stmt"/>
        <line num="95" count="0" type="cond" truecount="0" falsecount="2"/>
        <line num="99" count="0" type="cond" truecount="0" falsecount="2"/>
        <line num="100" count="0" type="stmt"/>
        <line num="102" count="0" type="stmt"/>
        <line num="107" count="0" type="stmt"/>
        <line num="109" count="0" type="stmt"/>
        <line num="110" count="0" type="stmt"/>
        <line num="122" count="14" type="stmt"/>
        <line num="127" count="62" type="stmt"/>
        <line num="141" count="62" type="stmt"/>
        <line num="143" count="62" type="cond" truecount="1" falsecount="1"/>
        <line num="146" count="62" type="stmt"/>
        <line num="147" count="62" type="cond" truecount="4" falsecount="0"/>
        <line num="148" count="61" type="stmt"/>
        <line num="149" count="1" type="cond" truecount="1" falsecount="1"/>
        <line num="150" count="0" type="stmt"/>
        <line num="151" count="0" type="stmt"/>
        <line num="152" count="0" type="stmt"/>
        <line num="163" count="1" type="stmt"/>
        <line num="174" count="61" type="cond" truecount="2" falsecount="0"/>
        <line num="175" count="61" type="stmt"/>
        <line num="181" count="61" type="cond" truecount="1" falsecount="1"/>
        <line num="182" count="0" type="stmt"/>
        <line num="194" count="61" type="stmt"/>
        <line num="200" count="61" type="stmt"/>
        <line num="207" count="61" type="stmt"/>
        <line num="210" count="61" type="cond" truecount="1" falsecount="1"/>
        <line num="211" count="0" type="stmt"/>
        <line num="213" count="0" type="stmt"/>
        <line num="215" count="0" type="cond" truecount="0" falsecount="2"/>
        <line num="216" count="0" type="stmt"/>
        <line num="218" count="0" type="cond" truecount="0" falsecount="4"/>
        <line num="223" count="0" type="stmt"/>
        <line num="224" count="0" type="stmt"/>
        <line num="228" count="61" type="cond" truecount="1" falsecount="1"/>
        <line num="229" count="0" type="stmt"/>
        <line num="230" count="0" type="cond" truecount="0" falsecount="2"/>
        <line num="235" count="61" type="cond" truecount="1" falsecount="1"/>
        <line num="236" count="0" type="stmt"/>
        <line num="238" count="0" type="stmt"/>
        <line num="241" count="0" type="cond" truecount="0" falsecount="2"/>
        <line num="242" count="0" type="stmt"/>
        <line num="243" count="0" type="cond" truecount="0" falsecount="2"/>
        <line num="244" count="0" type="stmt"/>
        <line num="249" count="61" type="cond" truecount="1" falsecount="1"/>
        <line num="250" count="0" type="stmt"/>
        <line num="251" count="0" type="cond" truecount="0" falsecount="2"/>
        <line num="252" count="0" type="stmt"/>
        <line num="253" count="0" type="cond" truecount="0" falsecount="2"/>
        <line num="259" count="61" type="stmt"/>
        <line num="260" count="61" type="stmt"/>
        <line num="261" count="61" type="stmt"/>
        <line num="262" count="61" type="stmt"/>
        <line num="263" count="61" type="stmt"/>
        <line num="264" count="61" type="stmt"/>
        <line num="266" count="61" type="stmt"/>
        <line num="275" count="0" type="stmt"/>
        <line num="276" count="0" type="cond" truecount="0" falsecount="3"/>
        <line num="278" count="0" type="cond" truecount="0" falsecount="3"/>
        <line num="279" count="0" type="stmt"/>
        <line num="288" count="14" type="stmt"/>
        <line num="293" count="2" type="stmt"/>
        <line num="294" count="2" type="stmt"/>
        <line num="300" count="2" type="cond" truecount="1" falsecount="1"/>
        <line num="301" count="0" type="stmt"/>
        <line num="313" count="2" type="cond" truecount="2" falsecount="0"/>
        <line num="314" count="2" type="stmt"/>
        <line num="319" count="2" type="cond" truecount="2" falsecount="0"/>
        <line num="320" count="1" type="stmt"/>
        <line num="325" count="1" type="stmt"/>
        <line num="327" count="0" type="stmt"/>
        <line num="328" count="0" type="stmt"/>
        <line num="335" count="14" type="stmt"/>
      </file>
      <file name="translationRoutes.js" path="/Users/vamsikolli/Projects/smart_travel_comp/travel-app-be/src/routes/translationRoutes.js">
        <metrics statements="9" coveredstatements="9" conditionals="0" coveredconditionals="0" methods="0" coveredmethods="0"/>
        <line num="1" count="14" type="stmt"/>
        <line num="2" count="14" type="stmt"/>
        <line num="3" count="14" type="stmt"/>
        <line num="4" count="14" type="stmt"/>
        <line num="5" count="14" type="stmt"/>
        <line num="7" count="14" type="stmt"/>
        <line num="9" count="14" type="stmt"/>
        <line num="15" count="14" type="stmt"/>
        <line num="17" count="14" type="stmt"/>
      </file>
    </package>
    <package name="src.stays.providers">
      <metrics statements="158" coveredstatements="23" conditionals="229" coveredconditionals="7" methods="29" coveredmethods="3"/>
      <file name="googlePlaces.js" path="/Users/vamsikolli/Projects/smart_travel_comp/travel-app-be/src/stays/providers/googlePlaces.js">
        <metrics statements="158" coveredstatements="23" conditionals="229" coveredconditionals="7" methods="29" coveredmethods="3"/>
        <line num="1" count="9" type="stmt"/>
        <line num="3" count="9" type="stmt"/>
        <line num="4" count="9" type="stmt"/>
        <line num="5" count="9" type="stmt"/>
        <line num="7" count="9" type="cond" truecount="1" falsecount="1"/>
        <line num="8" count="0" type="stmt"/>
        <line num="14" count="120" type="cond" truecount="1" falsecount="1"/>
        <line num="15" count="0" type="stmt"/>
        <line num="18" count="0" type="stmt"/>
        <line num="19" count="0" type="stmt"/>
        <line num="24" count="60" type="stmt"/>
        <line num="26" count="60" type="cond" truecount="1" falsecount="1"/>
        <line num="30" count="60" type="stmt"/>
        <line num="34" count="60" type="cond" truecount="1" falsecount="1"/>
        <line num="35" count="60" type="stmt"/>
        <line num="38" count="9" type="stmt"/>
        <line num="47" count="9" type="stmt"/>
        <line num="49" count="9" type="stmt"/>
        <line num="64" count="9" type="stmt"/>
        <line num="72" count="9" type="stmt"/>
        <line num="96" count="0" type="stmt"/>
        <line num="99" count="0" type="stmt"/>
        <line num="100" count="0" type="stmt"/>
        <line num="101" count="0" type="stmt"/>
        <line num="103" count="0" type="stmt"/>
        <line num="107" count="0" type="stmt"/>
        <line num="111" count="0" type="stmt"/>
        <line num="112" count="0" type="cond" truecount="0" falsecount="2"/>
        <line num="113" count="0" type="cond" truecount="0" falsecount="2"/>
        <line num="114" count="0" type="cond" truecount="0" falsecount="2"/>
        <line num="115" count="0" type="stmt"/>
        <line num="118" count="0" type="stmt"/>
        <line num="119" count="0" type="stmt"/>
        <line num="121" count="0" type="stmt"/>
        <line num="122" count="0" type="cond" truecount="0" falsecount="2"/>
        <line num="123" count="0" type="stmt"/>
        <line num="127" count="0" type="cond" truecount="0" falsecount="2"/>
        <line num="128" count="0" type="stmt"/>
        <line num="129" count="0" type="stmt"/>
        <line num="132" count="0" type="cond" truecount="0" falsecount="2"/>
        <line num="134" count="0" type="stmt"/>
        <line num="141" count="0" type="stmt"/>
        <line num="145" count="0" type="cond" truecount="0" falsecount="2"/>
        <line num="146" count="0" type="stmt"/>
        <line num="147" count="0" type="stmt"/>
        <line num="149" count="0" type="stmt"/>
        <line num="150" count="0" type="cond" truecount="0" falsecount="2"/>
        <line num="153" count="0" type="cond" truecount="0" falsecount="4"/>
        <line num="154" count="0" type="stmt"/>
        <line num="156" count="0" type="cond" truecount="0" falsecount="4"/>
        <line num="157" count="0" type="stmt"/>
        <line num="160" count="0" type="stmt"/>
        <line num="164" count="0" type="stmt"/>
        <line num="166" count="0" type="stmt"/>
        <line num="168" count="0" type="stmt"/>
        <line num="169" count="0" type="cond" truecount="0" falsecount="5"/>
        <line num="170" count="0" type="stmt"/>
        <line num="173" count="0" type="cond" truecount="0" falsecount="2"/>
        <line num="174" count="0" type="stmt"/>
        <line num="178" count="0" type="cond" truecount="0" falsecount="3"/>
        <line num="181" count="0" type="cond" truecount="0" falsecount="4"/>
        <line num="182" count="0" type="stmt"/>
        <line num="185" count="0" type="cond" truecount="0" falsecount="2"/>
        <line num="186" count="0" type="cond" truecount="0" falsecount="2"/>
        <line num="187" count="0" type="stmt"/>
        <line num="189" count="0" type="cond" truecount="0" falsecount="2"/>
        <line num="190" count="0" type="stmt"/>
        <line num="192" count="0" type="cond" truecount="0" falsecount="2"/>
        <line num="193" count="0" type="stmt"/>
        <line num="196" count="0" type="stmt"/>
        <line num="197" count="0" type="stmt"/>
        <line num="198" count="0" type="cond" truecount="0" falsecount="2"/>
        <line num="199" count="0" type="cond" truecount="0" falsecount="2"/>
        <line num="200" count="0" type="cond" truecount="0" falsecount="2"/>
        <line num="201" count="0" type="stmt"/>
        <line num="204" count="0" type="stmt"/>
        <line num="208" count="0" type="cond" truecount="0" falsecount="2"/>
        <line num="209" count="0" type="stmt"/>
        <line num="216" count="0" type="stmt"/>
        <line num="223" count="0" type="cond" truecount="0" falsecount="2"/>
        <line num="224" count="0" type="stmt"/>
        <line num="225" count="0" type="cond" truecount="0" falsecount="2"/>
        <line num="226" count="0" type="cond" truecount="0" falsecount="2"/>
        <line num="227" count="0" type="stmt"/>
        <line num="231" count="0" type="cond" truecount="0" falsecount="4"/>
        <line num="232" count="0" type="cond" truecount="0" falsecount="2"/>
        <line num="233" count="0" type="stmt"/>
        <line num="236" count="0" type="stmt"/>
        <line num="238" count="0" type="stmt"/>
        <line num="241" count="0" type="cond" truecount="0" falsecount="2"/>
        <line num="242" count="0" type="cond" truecount="0" falsecount="2"/>
        <line num="243" count="0" type="stmt"/>
        <line num="246" count="0" type="cond" truecount="0" falsecount="2"/>
        <line num="247" count="0" type="stmt"/>
        <line num="248" count="0" type="cond" truecount="0" falsecount="2"/>
        <line num="249" count="0" type="cond" truecount="0" falsecount="2"/>
        <line num="252" count="0" type="stmt"/>
        <line num="253" count="0" type="cond" truecount="0" falsecount="2"/>
        <line num="254" count="0" type="cond" truecount="0" falsecount="2"/>
        <line num="256" count="0" type="cond" truecount="0" falsecount="4"/>
        <line num="257" count="0" type="stmt"/>
        <line num="260" count="0" type="stmt"/>
        <line num="264" count="0" type="stmt"/>
        <line num="265" count="0" type="stmt"/>
        <line num="267" count="0" type="cond" truecount="0" falsecount="2"/>
        <line num="269" count="0" type="cond" truecount="0" falsecount="2"/>
        <line num="271" count="0" type="cond" truecount="0" falsecount="5"/>
        <line num="277" count="0" type="cond" truecount="0" falsecount="2"/>
        <line num="278" count="0" type="stmt"/>
        <line num="286" count="0" type="stmt"/>
        <line num="291" count="0" type="stmt"/>
        <line num="321" count="0" type="stmt"/>
        <line num="322" count="0" type="stmt"/>
        <line num="324" count="0" type="cond" truecount="0" falsecount="2"/>
        <line num="326" count="0" type="cond" truecount="0" falsecount="2"/>
        <line num="328" count="0" type="cond" truecount="0" falsecount="2"/>
        <line num="329" count="0" type="stmt"/>
        <line num="338" count="0" type="cond" truecount="0" falsecount="3"/>
        <line num="342" count="0" type="cond" truecount="0" falsecount="2"/>
        <line num="343" count="0" type="stmt"/>
        <line num="353" count="0" type="stmt"/>
        <line num="358" count="0" type="stmt"/>
        <line num="401" count="0" type="stmt"/>
        <line num="403" count="0" type="stmt"/>
        <line num="404" count="0" type="stmt"/>
        <line num="405" count="0" type="stmt"/>
        <line num="416" count="0" type="stmt"/>
        <line num="417" count="0" type="cond" truecount="0" falsecount="2"/>
        <line num="419" count="0" type="stmt"/>
        <line num="420" count="0" type="stmt"/>
        <line num="421" count="0" type="cond" truecount="0" falsecount="4"/>
        <line num="422" count="0" type="stmt"/>
        <line num="426" count="0" type="cond" truecount="0" falsecount="5"/>
        <line num="432" count="0" type="cond" truecount="0" falsecount="4"/>
        <line num="436" count="0" type="stmt"/>
        <line num="441" count="0" type="stmt"/>
        <line num="451" count="0" type="stmt"/>
        <line num="461" count="0" type="stmt"/>
        <line num="476" count="60" type="stmt"/>
        <line num="478" count="60" type="stmt"/>
        <line num="480" count="60" type="stmt"/>
        <line num="483" count="60" type="stmt"/>
        <line num="498" count="60" type="stmt"/>
        <line num="506" count="60" type="cond" truecount="2" falsecount="0"/>
        <line num="508" count="0" type="stmt"/>
        <line num="522" count="0" type="stmt"/>
        <line num="532" count="0" type="stmt"/>
        <line num="534" count="0" type="stmt"/>
        <line num="535" count="0" type="cond" truecount="0" falsecount="2"/>
        <line num="536" count="0" type="stmt"/>
        <line num="540" count="0" type="stmt"/>
        <line num="542" count="0" type="stmt"/>
        <line num="543" count="0" type="stmt"/>
        <line num="553" count="0" type="cond" truecount="0" falsecount="2"/>
        <line num="554" count="0" type="stmt"/>
        <line num="556" count="0" type="stmt"/>
        <line num="571" count="0" type="stmt"/>
        <line num="580" count="9" type="stmt"/>
      </file>
    </package>
    <package name="src.utils">
      <metrics statements="298" coveredstatements="236" conditionals="281" coveredconditionals="164" methods="58" coveredmethods="49"/>
      <file name="errorHandler.js" path="/Users/vamsikolli/Projects/smart_travel_comp/travel-app-be/src/utils/errorHandler.js">
        <metrics statements="52" coveredstatements="30" conditionals="33" coveredconditionals="20" methods="3" coveredmethods="3"/>
        <line num="2" count="17" type="stmt"/>
        <line num="31" count="17" type="cond" truecount="1" falsecount="0"/>
        <line num="32" count="56" type="stmt"/>
        <line num="39" count="56" type="cond" truecount="2" falsecount="0"/>
        <line num="40" count="13" type="stmt"/>
        <line num="42" count="56" type="stmt"/>
        <line num="46" count="17" type="cond" truecount="0" falsecount="1"/>
        <line num="47" count="114" type="stmt"/>
        <line num="52" count="114" type="stmt"/>
        <line num="56" count="17" type="stmt"/>
        <line num="57" count="1" type="cond" truecount="3" falsecount="0"/>
        <line num="58" count="1" type="stmt"/>
        <line num="59" count="1" type="stmt"/>
        <line num="60" count="1" type="stmt"/>
        <line num="63" count="1" type="cond" truecount="1" falsecount="1"/>
        <line num="64" count="1" type="stmt"/>
        <line num="65" count="1" type="stmt"/>
        <line num="66" count="1" type="stmt"/>
        <line num="70" count="1" type="cond" truecount="1" falsecount="1"/>
        <line num="71" count="0" type="stmt"/>
        <line num="72" count="0" type="stmt"/>
        <line num="73" count="0" type="stmt"/>
        <line num="74" count="0" type="stmt"/>
        <line num="75" count="1" type="cond" truecount="1" falsecount="1"/>
        <line num="76" count="0" type="stmt"/>
        <line num="77" count="0" type="stmt"/>
        <line num="78" count="0" type="stmt"/>
        <line num="79" count="1" type="cond" truecount="3" falsecount="1"/>
        <line num="80" count="0" type="stmt"/>
        <line num="81" count="0" type="stmt"/>
        <line num="82" count="0" type="stmt"/>
        <line num="83" count="1" type="cond" truecount="1" falsecount="1"/>
        <line num="84" count="0" type="stmt"/>
        <line num="85" count="0" type="stmt"/>
        <line num="86" count="0" type="stmt"/>
        <line num="87" count="1" type="cond" truecount="1" falsecount="1"/>
        <line num="88" count="0" type="stmt"/>
        <line num="89" count="0" type="stmt"/>
        <line num="90" count="0" type="stmt"/>
        <line num="91" count="1" type="cond" truecount="2" falsecount="2"/>
        <line num="93" count="0" type="stmt"/>
        <line num="94" count="0" type="stmt"/>
        <line num="95" count="0" type="stmt"/>
        <line num="96" count="0" type="stmt"/>
        <line num="97" count="1" type="cond" truecount="3" falsecount="1"/>
        <line num="99" count="0" type="cond" truecount="0" falsecount="2"/>
        <line num="100" count="0" type="stmt"/>
        <line num="101" count="1" type="cond" truecount="1" falsecount="1"/>
        <line num="103" count="1" type="stmt"/>
        <line num="107" count="1" type="stmt"/>
        <line num="110" count="1" type="stmt"/>
        <line num="113" count="17" type="stmt"/>
      </file>
      <file name="monitoring.js" path="/Users/vamsikolli/Projects/smart_travel_comp/travel-app-be/src/utils/monitoring.js">
        <metrics statements="16" coveredstatements="13" conditionals="16" coveredconditionals="12" methods="4" coveredmethods="2"/>
        <line num="1" count="13" type="stmt"/>
        <line num="4" count="72" type="stmt"/>
        <line num="14" count="72" type="cond" truecount="1" falsecount="1"/>
        <line num="16" count="72" type="stmt"/>
        <line num="17" count="72" type="stmt"/>
        <line num="18" count="72" type="cond" truecount="2" falsecount="0"/>
        <line num="23" count="72" type="stmt"/>
        <line num="24" count="72" type="stmt"/>
        <line num="26" count="72" type="stmt"/>
        <line num="27" count="72" type="cond" truecount="3" falsecount="0"/>
        <line num="29" count="72" type="cond" truecount="4" falsecount="1"/>
        <line num="30" count="0" type="stmt"/>
        <line num="31" count="0" type="stmt"/>
        <line num="41" count="72" type="stmt"/>
        <line num="45" count="0" type="stmt"/>
        <line num="51" count="13" type="stmt"/>
      </file>
      <file name="quota.js" path="/Users/vamsikolli/Projects/smart_travel_comp/travel-app-be/src/utils/quota.js">
        <metrics statements="14" coveredstatements="13" conditionals="15" coveredconditionals="11" methods="2" coveredmethods="2"/>
        <line num="1" count="13" type="stmt"/>
        <line num="4" count="71" type="stmt"/>
        <line num="13" count="71" type="cond" truecount="1" falsecount="1"/>
        <line num="14" count="0" type="stmt"/>
        <line num="16" count="71" type="stmt"/>
        <line num="17" count="71" type="stmt"/>
        <line num="18" count="71" type="stmt"/>
        <line num="19" count="71" type="cond" truecount="4" falsecount="0"/>
        <line num="20" count="71" type="cond" truecount="4" falsecount="0"/>
        <line num="22" count="71" type="cond" truecount="2" falsecount="0"/>
        <line num="23" count="1" type="stmt"/>
        <line num="30" count="70" type="stmt"/>
        <line num="31" count="70" type="stmt"/>
        <line num="38" count="13" type="stmt"/>
      </file>
      <file name="rateLimiter.js" path="/Users/vamsikolli/Projects/smart_travel_comp/travel-app-be/src/utils/rateLimiter.js">
        <metrics statements="50" coveredstatements="47" conditionals="39" coveredconditionals="20" methods="14" coveredmethods="13"/>
        <line num="1" count="15" type="stmt"/>
        <line num="2" count="15" type="stmt"/>
        <line num="7" count="15" type="stmt"/>
        <line num="10" count="15" type="stmt"/>
        <line num="29" count="444" type="stmt"/>
        <line num="31" count="444" type="stmt"/>
        <line num="38" count="5" type="cond" truecount="2" falsecount="0"/>
        <line num="39" count="4" type="stmt"/>
        <line num="42" count="5" type="stmt"/>
        <line num="49" count="5" type="stmt"/>
        <line num="59" count="444" type="stmt"/>
        <line num="68" count="90" type="stmt"/>
        <line num="69" count="90" type="stmt"/>
        <line num="78" count="0" type="cond" truecount="0" falsecount="2"/>
        <line num="94" count="30" type="stmt"/>
        <line num="97" count="30" type="stmt"/>
        <line num="100" count="30" type="stmt"/>
        <line num="101" count="88" type="stmt"/>
        <line num="102" count="162" type="stmt"/>
        <line num="103" count="88" type="stmt"/>
        <line num="105" count="88" type="stmt"/>
        <line num="111" count="3" type="stmt"/>
        <line num="125" count="30" type="stmt"/>
        <line num="128" count="162" type="cond" truecount="4" falsecount="0"/>
        <line num="133" count="162" type="cond" truecount="1" falsecount="1"/>
        <line num="134" count="0" type="stmt"/>
        <line num="138" count="162" type="stmt"/>
        <line num="139" count="162" type="stmt"/>
        <line num="156" count="16" type="stmt"/>
        <line num="159" count="16" type="stmt"/>
        <line num="162" count="16" type="stmt"/>
        <line num="163" count="76" type="cond" truecount="1" falsecount="1"/>
        <line num="164" count="76" type="stmt"/>
        <line num="165" count="136" type="stmt"/>
        <line num="166" count="76" type="stmt"/>
        <line num="168" count="76" type="stmt"/>
        <line num="174" count="1" type="stmt"/>
        <line num="188" count="16" type="stmt"/>
        <line num="190" count="136" type="stmt"/>
        <line num="193" count="136" type="cond" truecount="2" falsecount="2"/>
        <line num="194" count="0" type="stmt"/>
        <line num="198" count="136" type="cond" truecount="1" falsecount="1"/>
        <line num="199" count="136" type="stmt"/>
        <line num="204" count="15" type="stmt"/>
        <line num="205" count="15" type="stmt"/>
        <line num="206" count="15" type="stmt"/>
        <line num="207" count="15" type="stmt"/>
        <line num="208" count="15" type="stmt"/>
        <line num="209" count="15" type="stmt"/>
        <line num="211" count="15" type="stmt"/>
      </file>
      <file name="schemas.js" path="/Users/vamsikolli/Projects/smart_travel_comp/travel-app-be/src/utils/schemas.js">
        <metrics statements="18" coveredstatements="14" conditionals="17" coveredconditionals="6" methods="9" coveredmethods="5"/>
        <line num="1" count="14" type="stmt"/>
        <line num="2" count="14" type="stmt"/>
        <line num="4" count="14" type="stmt"/>
        <line num="12" count="14" type="cond" truecount="0" falsecount="1"/>
        <line num="13" count="168" type="stmt"/>
        <line num="21" count="14" type="stmt"/>
        <line num="36" count="14" type="stmt"/>
        <line num="44" count="3" type="stmt"/>
        <line num="51" count="14" type="stmt"/>
        <line num="61" count="1" type="cond" truecount="1" falsecount="1"/>
        <line num="70" count="1" type="cond" truecount="1" falsecount="1"/>
        <line num="79" count="0" type="cond" truecount="0" falsecount="2"/>
        <line num="85" count="0" type="cond" truecount="0" falsecount="2"/>
        <line num="91" count="0" type="cond" truecount="0" falsecount="2"/>
        <line num="98" count="0" type="cond" truecount="0" falsecount="2"/>
        <line num="113" count="9" type="cond" truecount="4" falsecount="0"/>
        <line num="122" count="14" type="stmt"/>
        <line num="138" count="14" type="stmt"/>
      </file>
      <file name="security.js" path="/Users/vamsikolli/Projects/smart_travel_comp/travel-app-be/src/utils/security.js">
        <metrics statements="118" coveredstatements="101" conditionals="117" coveredconditionals="74" methods="21" coveredmethods="20"/>
        <line num="1" count="16" type="stmt"/>
        <line num="6" count="16" type="stmt"/>
        <line num="14" count="0" type="stmt"/>
        <line num="24" count="137" type="stmt"/>
        <line num="37" count="2" type="stmt"/>
        <line num="48" count="2" type="cond" truecount="3" falsecount="1"/>
        <line num="49" count="0" type="stmt"/>
        <line num="52" count="2" type="stmt"/>
        <line num="53" count="2" type="stmt"/>
        <line num="54" count="2" type="stmt"/>
        <line num="59" count="0" type="stmt"/>
        <line num="69" count="137" type="cond" truecount="2" falsecount="0"/>
        <line num="70" count="137" type="cond" truecount="2" falsecount="0"/>
        <line num="71" count="137" type="cond" truecount="1" falsecount="1"/>
        <line num="72" count="137" type="cond" truecount="1" falsecount="1"/>
        <line num="74" count="137" type="stmt"/>
        <line num="75" count="137" type="stmt"/>
        <line num="91" count="17" type="stmt"/>
        <line num="93" count="17" type="cond" truecount="1" falsecount="1"/>
        <line num="94" count="0" type="stmt"/>
        <line num="99" count="17" type="stmt"/>
        <line num="100" count="138" type="cond" truecount="1" falsecount="2"/>
        <line num="101" count="138" type="stmt"/>
        <line num="102" count="138" type="stmt"/>
        <line num="104" count="138" type="cond" truecount="1" falsecount="1"/>
        <line num="105" count="0" type="stmt"/>
        <line num="109" count="138" type="stmt"/>
        <line num="110" count="138" type="stmt"/>
        <line num="111" count="269" type="stmt"/>
        <line num="113" count="138" type="cond" truecount="4" falsecount="0"/>
        <line num="114" count="33" type="stmt"/>
        <line num="118" count="105" type="cond" truecount="4" falsecount="0"/>
        <line num="119" count="95" type="stmt"/>
        <line num="122" count="10" type="stmt"/>
        <line num="123" count="10" type="cond" truecount="2" falsecount="0"/>
        <line num="124" count="8" type="stmt"/>
        <line num="135" count="2" type="stmt"/>
        <line num="136" count="2" type="cond" truecount="1" falsecount="1"/>
        <line num="137" count="0" type="stmt"/>
        <line num="149" count="2" type="stmt"/>
        <line num="150" count="2" type="stmt"/>
        <line num="151" count="2" type="cond" truecount="3" falsecount="1"/>
        <line num="152" count="0" type="stmt"/>
        <line num="164" count="2" type="cond" truecount="1" falsecount="1"/>
        <line num="165" count="2" type="stmt"/>
        <line num="166" count="2" type="stmt"/>
        <line num="167" count="2" type="stmt"/>
        <line num="170" count="2" type="cond" truecount="1" falsecount="1"/>
        <line num="171" count="0" type="stmt"/>
        <line num="178" count="0" type="stmt"/>
        <line num="190" count="2" type="stmt"/>
        <line num="191" count="2" type="stmt"/>
        <line num="193" count="2" type="stmt"/>
        <line num="223" count="15" type="stmt"/>
        <line num="225" count="15" type="stmt"/>
        <line num="227" count="134" type="stmt"/>
        <line num="234" count="670" type="stmt"/>
        <line num="236" count="134" type="cond" truecount="1" falsecount="1"/>
        <line num="238" count="0" type="stmt"/>
        <line num="239" count="0" type="stmt"/>
        <line num="244" count="134" type="cond" truecount="1" falsecount="1"/>
        <line num="245" count="134" type="stmt"/>
        <line num="248" count="1206" type="cond" truecount="1" falsecount="1"/>
        <line num="251" count="134" type="stmt"/>
        <line num="255" count="134" type="cond" truecount="1" falsecount="1"/>
        <line num="256" count="134" type="stmt"/>
        <line num="260" count="134" type="cond" truecount="1" falsecount="1"/>
        <line num="261" count="134" type="stmt"/>
        <line num="265" count="134" type="cond" truecount="1" falsecount="1"/>
        <line num="266" count="134" type="stmt"/>
        <line num="270" count="134" type="cond" truecount="1" falsecount="1"/>
        <line num="271" count="134" type="stmt"/>
        <line num="275" count="134" type="cond" truecount="1" falsecount="1"/>
        <line num="276" count="134" type="stmt"/>
        <line num="280" count="134" type="cond" truecount="3" falsecount="1"/>
        <line num="281" count="0" type="stmt"/>
        <line num="285" count="134" type="stmt"/>
        <line num="288" count="134" type="stmt"/>
        <line num="293" count="134" type="stmt"/>
        <line num="303" count="15" type="cond" truecount="0" falsecount="1"/>
        <line num="305" count="15" type="stmt"/>
        <line num="306" count="134" type="stmt"/>
        <line num="307" count="134" type="stmt"/>
        <line num="310" count="134" type="stmt"/>
        <line num="312" count="134" type="stmt"/>
        <line num="315" count="134" type="cond" truecount="1" falsecount="1"/>
        <line num="318" count="134" type="cond" truecount="4" falsecount="0"/>
        <line num="322" count="134" type="cond" truecount="2" falsecount="0"/>
        <line num="323" count="51" type="stmt"/>
        <line num="336" count="134" type="stmt"/>
        <line num="339" count="134" type="stmt"/>
        <line num="349" count="15" type="cond" truecount="0" falsecount="1"/>
        <line num="351" count="15" type="stmt"/>
        <line num="353" count="134" type="stmt"/>
        <line num="362" count="134" type="stmt"/>
        <line num="364" count="134" type="cond" truecount="2" falsecount="0"/>
        <line num="365" count="670" type="cond" truecount="2" falsecount="0"/>
        <line num="366" count="268" type="stmt"/>
        <line num="368" count="64" type="stmt"/>
        <line num="374" count="70" type="cond" truecount="2" falsecount="0"/>
        <line num="376" count="70" type="cond" truecount="2" falsecount="0"/>
        <line num="378" count="40" type="stmt"/>
        <line num="383" count="40" type="stmt"/>
        <line num="387" count="30" type="stmt"/>
        <line num="388" count="30" type="stmt"/>
        <line num="389" count="30" type="stmt"/>
        <line num="392" count="30" type="cond" truecount="1" falsecount="1"/>
        <line num="393" count="0" type="stmt"/>
        <line num="402" count="0" type="cond" truecount="0" falsecount="2"/>
        <line num="403" count="0" type="stmt"/>
        <line num="416" count="30" type="cond" truecount="1" falsecount="1"/>
        <line num="418" count="30" type="cond" truecount="4" falsecount="1"/>
        <line num="423" count="30" type="cond" truecount="2" falsecount="2"/>
        <line num="424" count="0" type="stmt"/>
        <line num="432" count="0" type="stmt"/>
        <line num="447" count="30" type="stmt"/>
        <line num="453" count="30" type="stmt"/>
        <line num="457" count="16" type="stmt"/>
      </file>
      <file name="validation.js" path="/Users/vamsikolli/Projects/smart_travel_comp/travel-app-be/src/utils/validation.js">
        <metrics statements="30" coveredstatements="18" conditionals="44" coveredconditionals="21" methods="5" coveredmethods="4"/>
        <line num="1" count="14" type="cond" truecount="1" falsecount="1"/>
        <line num="2" count="14" type="stmt"/>
        <line num="5" count="121" type="cond" truecount="4" falsecount="0"/>
        <line num="6" count="3" type="stmt"/>
        <line num="11" count="118" type="stmt"/>
        <line num="12" count="118" type="cond" truecount="4" falsecount="0"/>
        <line num="13" count="2" type="stmt"/>
        <line num="15" count="116" type="cond" truecount="1" falsecount="1"/>
        <line num="16" count="0" type="stmt"/>
        <line num="21" count="116" type="stmt"/>
        <line num="25" count="1" type="stmt"/>
        <line num="33" count="0" type="cond" truecount="0" falsecount="4"/>
        <line num="34" count="0" type="stmt"/>
        <line num="36" count="0" type="stmt"/>
        <line num="37" count="0" type="cond" truecount="0" falsecount="2"/>
        <line num="38" count="0" type="stmt"/>
        <line num="40" count="0" type="cond" truecount="0" falsecount="4"/>
        <line num="41" count="0" type="stmt"/>
        <line num="43" count="0" type="stmt"/>
        <line num="47" count="3" type="cond" truecount="1" falsecount="1"/>
        <line num="48" count="3" type="stmt"/>
        <line num="49" count="3" type="cond" truecount="1" falsecount="1"/>
        <line num="50" count="0" type="stmt"/>
        <line num="54" count="3" type="stmt"/>
        <line num="58" count="5" type="cond" truecount="1" falsecount="1"/>
        <line num="59" count="0" type="stmt"/>
        <line num="61" count="5" type="cond" truecount="1" falsecount="1"/>
        <line num="62" count="0" type="stmt"/>
        <line num="64" count="5" type="stmt"/>
        <line num="67" count="14" type="stmt"/>
      </file>
    </package>
  </project>
</coverage>
