{"/Users/vamsikolli/Projects/smart_travel_comp/travel-app-be/src/app.js": {"path":"/Users/vamsikolli/Projects/smart_travel_comp/travel-app-be/src/app.js","statementMap":{"0":{"start":{"line":1,"column":0},"end":{"line":1,"column":27}},"1":{"start":{"line":3,"column":0},"end":{"line":3,"column":80}},"2":{"start":{"line":5,"column":16},"end":{"line":5,"column":34}},"3":{"start":{"line":6,"column":13},"end":{"line":6,"column":28}},"4":{"start":{"line":7,"column":15},"end":{"line":7,"column":32}},"5":{"start":{"line":8,"column":26},"end":{"line":8,"column":63}},"6":{"start":{"line":9,"column":25},"end":{"line":9,"column":61}},"7":{"start":{"line":10,"column":26},"end":{"line":10,"column":63}},"8":{"start":{"line":11,"column":20},"end":{"line":11,"column":51}},"9":{"start":{"line":12,"column":18},"end":{"line":12,"column":47}},"10":{"start":{"line":13,"column":24},"end":{"line":13,"column":59}},"11":{"start":{"line":14,"column":32},"end":{"line":14,"column":75}},"12":{"start":{"line":15,"column":34},"end":{"line":15,"column":79}},"13":{"start":{"line":16,"column":15},"end":{"line":16,"column":48}},"14":{"start":{"line":17,"column":43},"end":{"line":17,"column":79}},"15":{"start":{"line":23,"column":4},"end":{"line":23,"column":35}},"16":{"start":{"line":28,"column":4},"end":{"line":28,"column":34}},"17":{"start":{"line":34,"column":4},"end":{"line":34,"column":31}},"18":{"start":{"line":35,"column":25},"end":{"line":35,"column":57}},"19":{"start":{"line":36,"column":28},"end":{"line":36,"column":54}},"20":{"start":{"line":39,"column":2},"end":{"line":47,"column":3}},"21":{"start":{"line":40,"column":21},"end":{"line":40,"column":34}},"22":{"start":{"line":49,"column":26},"end":{"line":49,"column":76}},"23":{"start":{"line":50,"column":21},"end":{"line":50,"column":61}},"24":{"start":{"line":51,"column":25},"end":{"line":51,"column":66}},"25":{"start":{"line":52,"column":22},"end":{"line":52,"column":56}},"26":{"start":{"line":54,"column":0},"end":{"line":58,"column":1}},"27":{"start":{"line":55,"column":2},"end":{"line":57,"column":4}},"28":{"start":{"line":61,"column":19},"end":{"line":65,"column":1}},"29":{"start":{"line":68,"column":23},"end":{"line":97,"column":1}},"30":{"start":{"line":100,"column":21},"end":{"line":106,"column":1}},"31":{"start":{"line":109,"column":14},"end":{"line":109,"column":23}},"32":{"start":{"line":110,"column":2},"end":{"line":110,"column":30}},"33":{"start":{"line":112,"column":2},"end":{"line":122,"column":4}},"34":{"start":{"line":115,"column":8},"end":{"line":117,"column":9}},"35":{"start":{"line":116,"column":10},"end":{"line":116,"column":38}},"36":{"start":{"line":118,"column":8},"end":{"line":118,"column":58}},"37":{"start":{"line":125,"column":2},"end":{"line":148,"column":4}},"38":{"start":{"line":150,"column":2},"end":{"line":150,"column":53}},"39":{"start":{"line":151,"column":2},"end":{"line":151,"column":75}},"40":{"start":{"line":154,"column":2},"end":{"line":154,"column":29}},"41":{"start":{"line":157,"column":22},"end":{"line":161,"column":4}},"42":{"start":{"line":162,"column":26},"end":{"line":162,"column":59}},"43":{"start":{"line":163,"column":2},"end":{"line":169,"column":5}},"44":{"start":{"line":164,"column":17},"end":{"line":164,"column":31}},"45":{"start":{"line":165,"column":4},"end":{"line":167,"column":5}},"46":{"start":{"line":165,"column":36},"end":{"line":165,"column":54}},"47":{"start":{"line":166,"column":6},"end":{"line":166,"column":20}},"48":{"start":{"line":168,"column":4},"end":{"line":168,"column":39}},"49":{"start":{"line":172,"column":2},"end":{"line":174,"column":5}},"50":{"start":{"line":173,"column":4},"end":{"line":173,"column":47}},"51":{"start":{"line":177,"column":24},"end":{"line":181,"column":4}},"52":{"start":{"line":182,"column":2},"end":{"line":188,"column":5}},"53":{"start":{"line":183,"column":17},"end":{"line":183,"column":31}},"54":{"start":{"line":184,"column":4},"end":{"line":186,"column":5}},"55":{"start":{"line":184,"column":36},"end":{"line":184,"column":54}},"56":{"start":{"line":185,"column":6},"end":{"line":185,"column":20}},"57":{"start":{"line":187,"column":4},"end":{"line":187,"column":41}},"58":{"start":{"line":191,"column":2},"end":{"line":191,"column":32}},"59":{"start":{"line":192,"column":2},"end":{"line":192,"column":55}},"60":{"start":{"line":193,"column":2},"end":{"line":193,"column":62}},"61":{"start":{"line":196,"column":2},"end":{"line":202,"column":4}},"62":{"start":{"line":204,"column":2},"end":{"line":212,"column":5}},"63":{"start":{"line":205,"column":20},"end":{"line":205,"column":75}},"64":{"start":{"line":206,"column":4},"end":{"line":210,"column":6}},"65":{"start":{"line":211,"column":4},"end":{"line":211,"column":11}},"66":{"start":{"line":214,"column":22},"end":{"line":214,"column":74}},"67":{"start":{"line":214,"column":28},"end":{"line":214,"column":74}},"68":{"start":{"line":215,"column":23},"end":{"line":215,"column":67}},"69":{"start":{"line":215,"column":29},"end":{"line":215,"column":67}},"70":{"start":{"line":217,"column":2},"end":{"line":234,"column":4}},"71":{"start":{"line":218,"column":6},"end":{"line":232,"column":7}},"72":{"start":{"line":219,"column":25},"end":{"line":219,"column":69}},"73":{"start":{"line":220,"column":8},"end":{"line":220,"column":72}},"74":{"start":{"line":220,"column":43},"end":{"line":220,"column":68}},"75":{"start":{"line":222,"column":8},"end":{"line":222,"column":48}},"76":{"start":{"line":223,"column":8},"end":{"line":231,"column":12}},"77":{"start":{"line":236,"column":2},"end":{"line":249,"column":4}},"78":{"start":{"line":237,"column":6},"end":{"line":247,"column":7}},"79":{"start":{"line":238,"column":23},"end":{"line":238,"column":71}},"80":{"start":{"line":239,"column":8},"end":{"line":239,"column":48}},"81":{"start":{"line":241,"column":8},"end":{"line":241,"column":64}},"82":{"start":{"line":242,"column":8},"end":{"line":246,"column":12}},"83":{"start":{"line":251,"column":2},"end":{"line":258,"column":5}},"84":{"start":{"line":252,"column":4},"end":{"line":257,"column":7}},"85":{"start":{"line":260,"column":2},"end":{"line":260,"column":47}},"86":{"start":{"line":261,"column":2},"end":{"line":261,"column":47}},"87":{"start":{"line":262,"column":2},"end":{"line":262,"column":66}},"88":{"start":{"line":263,"column":2},"end":{"line":263,"column":37}},"89":{"start":{"line":264,"column":2},"end":{"line":264,"column":48}},"90":{"start":{"line":265,"column":2},"end":{"line":265,"column":60}},"91":{"start":{"line":266,"column":2},"end":{"line":266,"column":53}},"92":{"start":{"line":267,"column":2},"end":{"line":267,"column":62}},"93":{"start":{"line":269,"column":2},"end":{"line":275,"column":4}},"94":{"start":{"line":270,"column":4},"end":{"line":274,"column":5}},"95":{"start":{"line":277,"column":2},"end":{"line":277,"column":31}},"96":{"start":{"line":279,"column":2},"end":{"line":279,"column":13}},"97":{"start":{"line":282,"column":0},"end":{"line":282,"column":31}}},"fnMap":{"0":{"name":"(anonymous_0)","decl":{"start":{"line":40,"column":9},"end":{"line":40,"column":10}},"loc":{"start":{"line":40,"column":21},"end":{"line":40,"column":34}},"line":40},"1":{"name":"createApp","decl":{"start":{"line":108,"column":9},"end":{"line":108,"column":18}},"loc":{"start":{"line":108,"column":21},"end":{"line":280,"column":1}},"line":108},"2":{"name":"(anonymous_2)","decl":{"start":{"line":114,"column":6},"end":{"line":114,"column":7}},"loc":{"start":{"line":114,"column":31},"end":{"line":119,"column":7}},"line":114},"3":{"name":"(anonymous_3)","decl":{"start":{"line":163,"column":18},"end":{"line":163,"column":19}},"loc":{"start":{"line":163,"column":38},"end":{"line":169,"column":3}},"line":163},"4":{"name":"(anonymous_4)","decl":{"start":{"line":165,"column":29},"end":{"line":165,"column":30}},"loc":{"start":{"line":165,"column":36},"end":{"line":165,"column":54}},"line":165},"5":{"name":"(anonymous_5)","decl":{"start":{"line":172,"column":41},"end":{"line":172,"column":42}},"loc":{"start":{"line":172,"column":61},"end":{"line":174,"column":3}},"line":172},"6":{"name":"(anonymous_6)","decl":{"start":{"line":182,"column":18},"end":{"line":182,"column":19}},"loc":{"start":{"line":182,"column":38},"end":{"line":188,"column":3}},"line":182},"7":{"name":"(anonymous_7)","decl":{"start":{"line":184,"column":29},"end":{"line":184,"column":30}},"loc":{"start":{"line":184,"column":36},"end":{"line":184,"column":54}},"line":184},"8":{"name":"(anonymous_8)","decl":{"start":{"line":204,"column":10},"end":{"line":204,"column":11}},"loc":{"start":{"line":204,"column":31},"end":{"line":212,"column":3}},"line":204},"9":{"name":"(anonymous_9)","decl":{"start":{"line":214,"column":22},"end":{"line":214,"column":23}},"loc":{"start":{"line":214,"column":28},"end":{"line":214,"column":74}},"line":214},"10":{"name":"(anonymous_10)","decl":{"start":{"line":215,"column":23},"end":{"line":215,"column":24}},"loc":{"start":{"line":215,"column":29},"end":{"line":215,"column":67}},"line":215},"11":{"name":"(anonymous_11)","decl":{"start":{"line":217,"column":40},"end":{"line":217,"column":41}},"loc":{"start":{"line":217,"column":61},"end":{"line":233,"column":5}},"line":217},"12":{"name":"(anonymous_12)","decl":{"start":{"line":220,"column":35},"end":{"line":220,"column":36}},"loc":{"start":{"line":220,"column":43},"end":{"line":220,"column":68}},"line":220},"13":{"name":"(anonymous_13)","decl":{"start":{"line":236,"column":72},"end":{"line":236,"column":73}},"loc":{"start":{"line":236,"column":92},"end":{"line":248,"column":5}},"line":236},"14":{"name":"(anonymous_14)","decl":{"start":{"line":251,"column":41},"end":{"line":251,"column":42}},"loc":{"start":{"line":251,"column":61},"end":{"line":258,"column":3}},"line":251},"15":{"name":"(anonymous_15)","decl":{"start":{"line":269,"column":10},"end":{"line":269,"column":11}},"loc":{"start":{"line":270,"column":4},"end":{"line":274,"column":5}},"line":270}},"branchMap":{"0":{"loc":{"start":{"line":3,"column":36},"end":{"line":3,"column":79}},"type":"binary-expr","locations":[{"start":{"line":3,"column":36},"end":{"line":3,"column":69}},{"start":{"line":3,"column":73},"end":{"line":3,"column":79}}],"line":3},"1":{"loc":{"start":{"line":39,"column":2},"end":{"line":47,"column":3}},"type":"binary-expr","locations":[{"start":{"line":39,"column":2},"end":{"line":41,"column":20}},{"start":{"line":41,"column":24},"end":{"line":47,"column":3}}],"line":39},"2":{"loc":{"start":{"line":49,"column":33},"end":{"line":49,"column":75}},"type":"binary-expr","locations":[{"start":{"line":49,"column":33},"end":{"line":49,"column":65}},{"start":{"line":49,"column":69},"end":{"line":49,"column":75}}],"line":49},"3":{"loc":{"start":{"line":50,"column":28},"end":{"line":50,"column":60}},"type":"binary-expr","locations":[{"start":{"line":50,"column":28},"end":{"line":50,"column":54}},{"start":{"line":50,"column":58},"end":{"line":50,"column":60}}],"line":50},"4":{"loc":{"start":{"line":51,"column":25},"end":{"line":51,"column":66}},"type":"binary-expr","locations":[{"start":{"line":51,"column":25},"end":{"line":51,"column":55}},{"start":{"line":51,"column":59},"end":{"line":51,"column":66}}],"line":51},"5":{"loc":{"start":{"line":54,"column":0},"end":{"line":58,"column":1}},"type":"if","locations":[{"start":{"line":54,"column":0},"end":{"line":58,"column":1}},{"start":{},"end":{}}],"line":54},"6":{"loc":{"start":{"line":115,"column":8},"end":{"line":117,"column":9}},"type":"if","locations":[{"start":{"line":115,"column":8},"end":{"line":117,"column":9}},{"start":{},"end":{}}],"line":115},"7":{"loc":{"start":{"line":115,"column":12},"end":{"line":115,"column":54}},"type":"binary-expr","locations":[{"start":{"line":115,"column":12},"end":{"line":115,"column":19}},{"start":{"line":115,"column":23},"end":{"line":115,"column":54}}],"line":115},"8":{"loc":{"start":{"line":164,"column":17},"end":{"line":164,"column":31}},"type":"binary-expr","locations":[{"start":{"line":164,"column":17},"end":{"line":164,"column":25}},{"start":{"line":164,"column":29},"end":{"line":164,"column":31}}],"line":164},"9":{"loc":{"start":{"line":165,"column":4},"end":{"line":167,"column":5}},"type":"if","locations":[{"start":{"line":165,"column":4},"end":{"line":167,"column":5}},{"start":{},"end":{}}],"line":165},"10":{"loc":{"start":{"line":183,"column":17},"end":{"line":183,"column":31}},"type":"binary-expr","locations":[{"start":{"line":183,"column":17},"end":{"line":183,"column":25}},{"start":{"line":183,"column":29},"end":{"line":183,"column":31}}],"line":183},"11":{"loc":{"start":{"line":184,"column":4},"end":{"line":186,"column":5}},"type":"if","locations":[{"start":{"line":184,"column":4},"end":{"line":186,"column":5}},{"start":{},"end":{}}],"line":184},"12":{"loc":{"start":{"line":205,"column":21},"end":{"line":205,"column":52}},"type":"binary-expr","locations":[{"start":{"line":205,"column":21},"end":{"line":205,"column":46}},{"start":{"line":205,"column":50},"end":{"line":205,"column":52}}],"line":205},"13":{"loc":{"start":{"line":238,"column":56},"end":{"line":238,"column":70}},"type":"binary-expr","locations":[{"start":{"line":238,"column":56},"end":{"line":238,"column":64}},{"start":{"line":238,"column":68},"end":{"line":238,"column":70}}],"line":238},"14":{"loc":{"start":{"line":255,"column":12},"end":{"line":255,"column":57}},"type":"binary-expr","locations":[{"start":{"line":255,"column":12},"end":{"line":255,"column":25}},{"start":{"line":255,"column":29},"end":{"line":255,"column":49}},{"start":{"line":255,"column":53},"end":{"line":255,"column":57}}],"line":255},"15":{"loc":{"start":{"line":256,"column":13},"end":{"line":256,"column":32}},"type":"binary-expr","locations":[{"start":{"line":256,"column":13},"end":{"line":256,"column":26}},{"start":{"line":256,"column":30},"end":{"line":256,"column":32}}],"line":256}},"s":{"0":14,"1":14,"2":14,"3":14,"4":14,"5":14,"6":14,"7":14,"8":14,"9":14,"10":14,"11":14,"12":14,"13":14,"14":14,"15":14,"16":14,"17":14,"18":14,"19":14,"20":14,"21":14,"22":14,"23":14,"24":14,"25":14,"26":14,"27":0,"28":14,"29":14,"30":14,"31":15,"32":15,"33":15,"34":137,"35":136,"36":1,"37":15,"38":15,"39":15,"40":15,"41":15,"42":15,"43":15,"44":136,"45":136,"46":272,"47":0,"48":136,"49":15,"50":105,"51":15,"52":15,"53":134,"54":134,"55":268,"56":0,"57":134,"58":15,"59":15,"60":15,"61":15,"62":15,"63":128,"64":128,"65":128,"66":15,"67":45,"68":15,"69":30,"70":15,"71":0,"72":0,"73":0,"74":0,"75":0,"76":0,"77":15,"78":0,"79":0,"80":0,"81":0,"82":0,"83":15,"84":2,"85":15,"86":15,"87":15,"88":15,"89":15,"90":15,"91":15,"92":15,"93":15,"94":0,"95":15,"96":15,"97":14},"f":{"0":14,"1":15,"2":137,"3":136,"4":272,"5":105,"6":134,"7":268,"8":128,"9":45,"10":30,"11":0,"12":0,"13":0,"14":2,"15":0},"b":{"0":[14,0],"1":[14,0],"2":[14,0],"3":[14,0],"4":[14,0],"5":[0,14],"6":[136,1],"7":[137,2],"8":[136,0],"9":[0,136],"10":[134,0],"11":[0,134],"12":[128,26],"13":[0,0],"14":[2,2,2],"15":[2,0]},"_coverageSchema":"1a1c01bbd47fc00a2c39e90264f33305004495a9","hash":"e8c8719e199dceaa85e0ec3a929d1f8077572001"}
,"/Users/vamsikolli/Projects/smart_travel_comp/travel-app-be/src/config/firebaseAdmin.js": {"path":"/Users/vamsikolli/Projects/smart_travel_comp/travel-app-be/src/config/firebaseAdmin.js","statementMap":{"0":{"start":{"line":1,"column":14},"end":{"line":1,"column":39}},"1":{"start":{"line":6,"column":2},"end":{"line":6,"column":50}},"2":{"start":{"line":6,"column":25},"end":{"line":6,"column":50}},"3":{"start":{"line":9,"column":4},"end":{"line":9,"column":78}},"4":{"start":{"line":10,"column":2},"end":{"line":14,"column":3}},"5":{"start":{"line":11,"column":4},"end":{"line":13,"column":6}},"6":{"start":{"line":16,"column":2},"end":{"line":31,"column":3}},"7":{"start":{"line":17,"column":23},"end":{"line":19,"column":54}},"8":{"start":{"line":20,"column":4},"end":{"line":20,"column":47}},"9":{"start":{"line":22,"column":4},"end":{"line":24,"column":5}},"10":{"start":{"line":23,"column":6},"end":{"line":23,"column":76}},"11":{"start":{"line":26,"column":4},"end":{"line":26,"column":29}},"12":{"start":{"line":28,"column":4},"end":{"line":30,"column":6}},"13":{"start":{"line":35,"column":0},"end":{"line":44,"column":1}},"14":{"start":{"line":36,"column":25},"end":{"line":36,"column":45}},"15":{"start":{"line":37,"column":20},"end":{"line":37,"column":45}},"16":{"start":{"line":39,"column":2},"end":{"line":43,"column":5}},"17":{"start":{"line":46,"column":11},"end":{"line":46,"column":28}},"18":{"start":{"line":47,"column":13},"end":{"line":47,"column":25}},"19":{"start":{"line":49,"column":0},"end":{"line":54,"column":2}}},"fnMap":{"0":{"name":"loadServiceAccount","decl":{"start":{"line":5,"column":9},"end":{"line":5,"column":27}},"loc":{"start":{"line":5,"column":30},"end":{"line":32,"column":1}},"line":5}},"branchMap":{"0":{"loc":{"start":{"line":6,"column":2},"end":{"line":6,"column":50}},"type":"if","locations":[{"start":{"line":6,"column":2},"end":{"line":6,"column":50}},{"start":{},"end":{}}],"line":6},"1":{"loc":{"start":{"line":9,"column":4},"end":{"line":9,"column":78}},"type":"binary-expr","locations":[{"start":{"line":9,"column":4},"end":{"line":9,"column":36}},{"start":{"line":9,"column":40},"end":{"line":9,"column":78}}],"line":9},"2":{"loc":{"start":{"line":10,"column":2},"end":{"line":14,"column":3}},"type":"if","locations":[{"start":{"line":10,"column":2},"end":{"line":14,"column":3}},{"start":{},"end":{}}],"line":10},"3":{"loc":{"start":{"line":17,"column":23},"end":{"line":19,"column":54}},"type":"cond-expr","locations":[{"start":{"line":18,"column":8},"end":{"line":18,"column":14}},{"start":{"line":19,"column":8},"end":{"line":19,"column":54}}],"line":17},"4":{"loc":{"start":{"line":22,"column":4},"end":{"line":24,"column":5}},"type":"if","locations":[{"start":{"line":22,"column":4},"end":{"line":24,"column":5}},{"start":{},"end":{}}],"line":22},"5":{"loc":{"start":{"line":35,"column":0},"end":{"line":44,"column":1}},"type":"if","locations":[{"start":{"line":35,"column":0},"end":{"line":44,"column":1}},{"start":{},"end":{}}],"line":35}},"s":{"0":14,"1":14,"2":0,"3":14,"4":14,"5":0,"6":14,"7":14,"8":14,"9":14,"10":0,"11":14,"12":0,"13":14,"14":14,"15":14,"16":14,"17":14,"18":14,"19":14},"f":{"0":14},"b":{"0":[0,14],"1":[14,0],"2":[0,14],"3":[0,14],"4":[0,14],"5":[14,0]},"_coverageSchema":"1a1c01bbd47fc00a2c39e90264f33305004495a9","hash":"96a84fdae98c1e742d95a5d44360a9cc18b90683"}
,"/Users/vamsikolli/Projects/smart_travel_comp/travel-app-be/src/controllers/culturalEtiquetteController.js": {"path":"/Users/vamsikolli/Projects/smart_travel_comp/travel-app-be/src/controllers/culturalEtiquetteController.js","statementMap":{"0":{"start":{"line":8,"column":21},"end":{"line":8,"column":63}},"1":{"start":{"line":10,"column":0},"end":{"line":35,"column":2}},"2":{"start":{"line":11,"column":2},"end":{"line":34,"column":3}},"3":{"start":{"line":16,"column":4},"end":{"line":16,"column":30}},"4":{"start":{"line":20,"column":4},"end":{"line":24,"column":7}},"5":{"start":{"line":25,"column":4},"end":{"line":33,"column":8}}},"fnMap":{"0":{"name":"(anonymous_0)","decl":{"start":{"line":10,"column":36},"end":{"line":10,"column":37}},"loc":{"start":{"line":10,"column":56},"end":{"line":35,"column":1}},"line":10}},"branchMap":{},"s":{"0":14,"1":14,"2":2,"3":2,"4":0,"5":0},"f":{"0":2},"b":{},"_coverageSchema":"1a1c01bbd47fc00a2c39e90264f33305004495a9","hash":"121ee6db243d8f6597c8669fe3022e8e94b406cb"}
,"/Users/vamsikolli/Projects/smart_travel_comp/travel-app-be/src/controllers/cultureIntelligenceController.js": {"path":"/Users/vamsikolli/Projects/smart_travel_comp/travel-app-be/src/controllers/cultureIntelligenceController.js","statementMap":{"0":{"start":{"line":1,"column":14},"end":{"line":1,"column":39}},"1":{"start":{"line":2,"column":25},"end":{"line":2,"column":59}},"2":{"start":{"line":7,"column":4},"end":{"line":7,"column":36}},"3":{"start":{"line":8,"column":46},"end":{"line":8,"column":76}},"4":{"start":{"line":10,"column":31},"end":{"line":10,"column":58}},"5":{"start":{"line":11,"column":27},"end":{"line":11,"column":46}},"6":{"start":{"line":13,"column":2},"end":{"line":13,"column":48}},"7":{"start":{"line":16,"column":2},"end":{"line":16,"column":53}},"8":{"start":{"line":16,"column":43},"end":{"line":16,"column":53}},"9":{"start":{"line":17,"column":2},"end":{"line":21,"column":29}},"10":{"start":{"line":25,"column":20},"end":{"line":28,"column":4}},"11":{"start":{"line":29,"column":2},"end":{"line":29,"column":23}},"12":{"start":{"line":33,"column":18},"end":{"line":33,"column":57}},"13":{"start":{"line":34,"column":21},"end":{"line":34,"column":69}},"14":{"start":{"line":35,"column":18},"end":{"line":35,"column":45}},"15":{"start":{"line":36,"column":2},"end":{"line":36,"column":71}},"16":{"start":{"line":40,"column":2},"end":{"line":62,"column":3}},"17":{"start":{"line":41,"column":15},"end":{"line":41,"column":32}},"18":{"start":{"line":42,"column":16},"end":{"line":42,"column":79}},"19":{"start":{"line":43,"column":4},"end":{"line":43,"column":33}},"20":{"start":{"line":43,"column":21},"end":{"line":43,"column":33}},"21":{"start":{"line":45,"column":17},"end":{"line":45,"column":27}},"22":{"start":{"line":46,"column":4},"end":{"line":46,"column":61}},"23":{"start":{"line":46,"column":49},"end":{"line":46,"column":61}},"24":{"start":{"line":48,"column":4},"end":{"line":50,"column":5}},"25":{"start":{"line":49,"column":6},"end":{"line":49,"column":18}},"26":{"start":{"line":51,"column":4},"end":{"line":56,"column":5}},"27":{"start":{"line":55,"column":6},"end":{"line":55,"column":18}},"28":{"start":{"line":58,"column":4},"end":{"line":58,"column":22}},"29":{"start":{"line":60,"column":4},"end":{"line":60,"column":74}},"30":{"start":{"line":61,"column":4},"end":{"line":61,"column":16}},"31":{"start":{"line":66,"column":2},"end":{"line":79,"column":3}},"32":{"start":{"line":67,"column":15},"end":{"line":67,"column":32}},"33":{"start":{"line":68,"column":4},"end":{"line":76,"column":7}},"34":{"start":{"line":78,"column":4},"end":{"line":78,"column":73}},"35":{"start":{"line":83,"column":19},"end":{"line":83,"column":78}},"36":{"start":{"line":84,"column":2},"end":{"line":91,"column":3}},"37":{"start":{"line":85,"column":18},"end":{"line":85,"column":35}},"38":{"start":{"line":86,"column":4},"end":{"line":90,"column":5}},"39":{"start":{"line":87,"column":6},"end":{"line":89,"column":8}},"40":{"start":{"line":98,"column":2},"end":{"line":121,"column":14}},"41":{"start":{"line":128,"column":2},"end":{"line":130,"column":3}},"42":{"start":{"line":129,"column":4},"end":{"line":129,"column":57}},"43":{"start":{"line":132,"column":2},"end":{"line":147,"column":3}},"44":{"start":{"line":133,"column":4},"end":{"line":133,"column":27}},"45":{"start":{"line":135,"column":18},"end":{"line":135,"column":42}},"46":{"start":{"line":136,"column":4},"end":{"line":145,"column":5}},"47":{"start":{"line":137,"column":6},"end":{"line":144,"column":7}},"48":{"start":{"line":138,"column":8},"end":{"line":138,"column":36}},"49":{"start":{"line":140,"column":8},"end":{"line":143,"column":11}},"50":{"start":{"line":146,"column":4},"end":{"line":146,"column":14}},"51":{"start":{"line":154,"column":2},"end":{"line":300,"column":3}},"52":{"start":{"line":161,"column":8},"end":{"line":161,"column":23}},"53":{"start":{"line":163,"column":35},"end":{"line":165,"column":6}},"54":{"start":{"line":166,"column":4},"end":{"line":176,"column":5}},"55":{"start":{"line":167,"column":6},"end":{"line":175,"column":10}},"56":{"start":{"line":178,"column":36},"end":{"line":181,"column":6}},"57":{"start":{"line":182,"column":20},"end":{"line":182,"column":47}},"58":{"start":{"line":183,"column":21},"end":{"line":183,"column":55}},"59":{"start":{"line":185,"column":24},"end":{"line":187,"column":19}},"60":{"start":{"line":188,"column":24},"end":{"line":190,"column":5}},"61":{"start":{"line":192,"column":21},"end":{"line":192,"column":71}},"62":{"start":{"line":193,"column":4},"end":{"line":198,"column":5}},"63":{"start":{"line":194,"column":21},"end":{"line":194,"column":54}},"64":{"start":{"line":195,"column":6},"end":{"line":197,"column":7}},"65":{"start":{"line":196,"column":8},"end":{"line":196,"column":44}},"66":{"start":{"line":200,"column":19},"end":{"line":200,"column":51}},"67":{"start":{"line":201,"column":24},"end":{"line":214,"column":5}},"68":{"start":{"line":216,"column":16},"end":{"line":221,"column":6}},"69":{"start":{"line":224,"column":4},"end":{"line":247,"column":5}},"70":{"start":{"line":225,"column":6},"end":{"line":232,"column":9}},"71":{"start":{"line":234,"column":6},"end":{"line":237,"column":9}},"72":{"start":{"line":238,"column":6},"end":{"line":246,"column":10}},"73":{"start":{"line":249,"column":23},"end":{"line":263,"column":5}},"74":{"start":{"line":265,"column":4},"end":{"line":281,"column":5}},"75":{"start":{"line":266,"column":6},"end":{"line":266,"column":53}},"76":{"start":{"line":268,"column":6},"end":{"line":271,"column":9}},"77":{"start":{"line":272,"column":6},"end":{"line":280,"column":10}},"78":{"start":{"line":283,"column":4},"end":{"line":283,"column":43}},"79":{"start":{"line":285,"column":4},"end":{"line":285,"column":44}},"80":{"start":{"line":287,"column":4},"end":{"line":290,"column":7}},"81":{"start":{"line":291,"column":4},"end":{"line":299,"column":8}},"82":{"start":{"line":307,"column":2},"end":{"line":432,"column":3}},"83":{"start":{"line":309,"column":6},"end":{"line":309,"column":20}},"84":{"start":{"line":311,"column":47},"end":{"line":313,"column":6}},"85":{"start":{"line":314,"column":4},"end":{"line":318,"column":5}},"86":{"start":{"line":315,"column":6},"end":{"line":317,"column":79}},"87":{"start":{"line":320,"column":55},"end":{"line":323,"column":5}},"88":{"start":{"line":324,"column":4},"end":{"line":330,"column":5}},"89":{"start":{"line":325,"column":6},"end":{"line":329,"column":10}},"90":{"start":{"line":332,"column":34},"end":{"line":335,"column":6}},"91":{"start":{"line":336,"column":17},"end":{"line":336,"column":52}},"92":{"start":{"line":338,"column":24},"end":{"line":344,"column":10}},"93":{"start":{"line":339,"column":46},"end":{"line":343,"column":9}},"94":{"start":{"line":346,"column":19},"end":{"line":356,"column":15}},"95":{"start":{"line":358,"column":24},"end":{"line":364,"column":5}},"96":{"start":{"line":366,"column":16},"end":{"line":371,"column":6}},"97":{"start":{"line":374,"column":4},"end":{"line":395,"column":5}},"98":{"start":{"line":375,"column":6},"end":{"line":380,"column":9}},"99":{"start":{"line":382,"column":6},"end":{"line":385,"column":9}},"100":{"start":{"line":386,"column":6},"end":{"line":394,"column":10}},"101":{"start":{"line":397,"column":19},"end":{"line":397,"column":73}},"102":{"start":{"line":398,"column":23},"end":{"line":400,"column":10}},"103":{"start":{"line":399,"column":40},"end":{"line":399,"column":61}},"104":{"start":{"line":402,"column":4},"end":{"line":412,"column":5}},"105":{"start":{"line":403,"column":6},"end":{"line":411,"column":10}},"106":{"start":{"line":414,"column":4},"end":{"line":417,"column":7}},"107":{"start":{"line":419,"column":4},"end":{"line":422,"column":7}},"108":{"start":{"line":423,"column":4},"end":{"line":431,"column":8}},"109":{"start":{"line":439,"column":2},"end":{"line":580,"column":3}},"110":{"start":{"line":452,"column":8},"end":{"line":452,"column":22}},"111":{"start":{"line":454,"column":34},"end":{"line":456,"column":6}},"112":{"start":{"line":458,"column":4},"end":{"line":468,"column":5}},"113":{"start":{"line":459,"column":6},"end":{"line":467,"column":10}},"114":{"start":{"line":470,"column":31},"end":{"line":473,"column":6}},"115":{"start":{"line":474,"column":17},"end":{"line":474,"column":52}},"116":{"start":{"line":476,"column":25},"end":{"line":499,"column":5}},"117":{"start":{"line":501,"column":19},"end":{"line":510,"column":15}},"118":{"start":{"line":512,"column":16},"end":{"line":517,"column":6}},"119":{"start":{"line":520,"column":4},"end":{"line":541,"column":5}},"120":{"start":{"line":521,"column":6},"end":{"line":526,"column":9}},"121":{"start":{"line":528,"column":6},"end":{"line":531,"column":9}},"122":{"start":{"line":532,"column":6},"end":{"line":540,"column":10}},"123":{"start":{"line":543,"column":15},"end":{"line":543,"column":17}},"124":{"start":{"line":544,"column":4},"end":{"line":546,"column":5}},"125":{"start":{"line":545,"column":6},"end":{"line":545,"column":74}},"126":{"start":{"line":545,"column":39},"end":{"line":545,"column":60}},"127":{"start":{"line":547,"column":4},"end":{"line":549,"column":5}},"128":{"start":{"line":548,"column":6},"end":{"line":548,"column":26}},"129":{"start":{"line":551,"column":21},"end":{"line":551,"column":75}},"130":{"start":{"line":553,"column":4},"end":{"line":563,"column":5}},"131":{"start":{"line":554,"column":6},"end":{"line":562,"column":10}},"132":{"start":{"line":565,"column":4},"end":{"line":565,"column":52}},"133":{"start":{"line":567,"column":4},"end":{"line":570,"column":7}},"134":{"start":{"line":571,"column":4},"end":{"line":579,"column":8}},"135":{"start":{"line":583,"column":0},"end":{"line":594,"column":2}}},"fnMap":{"0":{"name":"normalizeSlug","decl":{"start":{"line":15,"column":9},"end":{"line":15,"column":22}},"loc":{"start":{"line":15,"column":30},"end":{"line":22,"column":1}},"line":15},"1":{"name":"normalizeLanguage","decl":{"start":{"line":24,"column":9},"end":{"line":24,"column":26}},"loc":{"start":{"line":24,"column":37},"end":{"line":30,"column":1}},"line":24},"2":{"name":"buildBriefCacheKey","decl":{"start":{"line":32,"column":9},"end":{"line":32,"column":27}},"loc":{"start":{"line":32,"column":60},"end":{"line":37,"column":1}},"line":32},"3":{"name":"getBriefFromCache","decl":{"start":{"line":39,"column":15},"end":{"line":39,"column":32}},"loc":{"start":{"line":39,"column":43},"end":{"line":63,"column":1}},"line":39},"4":{"name":"saveBriefToCache","decl":{"start":{"line":65,"column":15},"end":{"line":65,"column":31}},"loc":{"start":{"line":65,"column":51},"end":{"line":80,"column":1}},"line":65},"5":{"name":"validateBriefCategories","decl":{"start":{"line":82,"column":9},"end":{"line":82,"column":32}},"loc":{"start":{"line":82,"column":45},"end":{"line":92,"column":1}},"line":82},"6":{"name":"buildBriefSystemPrompt","decl":{"start":{"line":97,"column":9},"end":{"line":97,"column":31}},"loc":{"start":{"line":97,"column":42},"end":{"line":122,"column":1}},"line":97},"7":{"name":"safeParseJsonResponse","decl":{"start":{"line":127,"column":9},"end":{"line":127,"column":30}},"loc":{"start":{"line":127,"column":56},"end":{"line":148,"column":1}},"line":127},"8":{"name":"getBrief","decl":{"start":{"line":153,"column":15},"end":{"line":153,"column":23}},"loc":{"start":{"line":153,"column":34},"end":{"line":301,"column":1}},"line":153},"9":{"name":"askQuestion","decl":{"start":{"line":306,"column":15},"end":{"line":306,"column":26}},"loc":{"start":{"line":306,"column":37},"end":{"line":433,"column":1}},"line":306},"10":{"name":"(anonymous_10)","decl":{"start":{"line":339,"column":30},"end":{"line":339,"column":31}},"loc":{"start":{"line":339,"column":46},"end":{"line":343,"column":9}},"line":339},"11":{"name":"(anonymous_11)","decl":{"start":{"line":399,"column":33},"end":{"line":399,"column":34}},"loc":{"start":{"line":399,"column":40},"end":{"line":399,"column":61}},"line":399},"12":{"name":"getContextualTips","decl":{"start":{"line":438,"column":15},"end":{"line":438,"column":32}},"loc":{"start":{"line":438,"column":43},"end":{"line":581,"column":1}},"line":438},"13":{"name":"(anonymous_13)","decl":{"start":{"line":545,"column":32},"end":{"line":545,"column":33}},"loc":{"start":{"line":545,"column":39},"end":{"line":545,"column":60}},"line":545}},"branchMap":{"0":{"loc":{"start":{"line":13,"column":2},"end":{"line":13,"column":48}},"type":"binary-expr","locations":[{"start":{"line":13,"column":2},"end":{"line":13,"column":41}},{"start":{"line":13,"column":45},"end":{"line":13,"column":48}}],"line":13},"1":{"loc":{"start":{"line":16,"column":2},"end":{"line":16,"column":53}},"type":"if","locations":[{"start":{"line":16,"column":2},"end":{"line":16,"column":53}},{"start":{},"end":{}}],"line":16},"2":{"loc":{"start":{"line":16,"column":6},"end":{"line":16,"column":41}},"type":"binary-expr","locations":[{"start":{"line":16,"column":6},"end":{"line":16,"column":12}},{"start":{"line":16,"column":16},"end":{"line":16,"column":41}}],"line":16},"3":{"loc":{"start":{"line":25,"column":35},"end":{"line":25,"column":51}},"type":"binary-expr","locations":[{"start":{"line":25,"column":35},"end":{"line":25,"column":43}},{"start":{"line":25,"column":47},"end":{"line":25,"column":51}}],"line":25},"4":{"loc":{"start":{"line":29,"column":9},"end":{"line":29,"column":22}},"type":"binary-expr","locations":[{"start":{"line":29,"column":9},"end":{"line":29,"column":14}},{"start":{"line":29,"column":18},"end":{"line":29,"column":22}}],"line":29},"5":{"loc":{"start":{"line":33,"column":18},"end":{"line":33,"column":57}},"type":"binary-expr","locations":[{"start":{"line":33,"column":18},"end":{"line":33,"column":44}},{"start":{"line":33,"column":48},"end":{"line":33,"column":57}}],"line":33},"6":{"loc":{"start":{"line":34,"column":21},"end":{"line":34,"column":69}},"type":"binary-expr","locations":[{"start":{"line":34,"column":21},"end":{"line":34,"column":58}},{"start":{"line":34,"column":62},"end":{"line":34,"column":69}}],"line":34},"7":{"loc":{"start":{"line":34,"column":35},"end":{"line":34,"column":57}},"type":"binary-expr","locations":[{"start":{"line":34,"column":35},"end":{"line":34,"column":42}},{"start":{"line":34,"column":46},"end":{"line":34,"column":57}}],"line":34},"8":{"loc":{"start":{"line":43,"column":4},"end":{"line":43,"column":33}},"type":"if","locations":[{"start":{"line":43,"column":4},"end":{"line":43,"column":33}},{"start":{},"end":{}}],"line":43},"9":{"loc":{"start":{"line":46,"column":4},"end":{"line":46,"column":61}},"type":"if","locations":[{"start":{"line":46,"column":4},"end":{"line":46,"column":61}},{"start":{},"end":{}}],"line":46},"10":{"loc":{"start":{"line":46,"column":8},"end":{"line":46,"column":47}},"type":"binary-expr","locations":[{"start":{"line":46,"column":8},"end":{"line":46,"column":13}},{"start":{"line":46,"column":17},"end":{"line":46,"column":28}},{"start":{"line":46,"column":32},"end":{"line":46,"column":47}}],"line":46},"11":{"loc":{"start":{"line":48,"column":4},"end":{"line":50,"column":5}},"type":"if","locations":[{"start":{"line":48,"column":4},"end":{"line":50,"column":5}},{"start":{},"end":{}}],"line":48},"12":{"loc":{"start":{"line":51,"column":4},"end":{"line":56,"column":5}},"type":"if","locations":[{"start":{"line":51,"column":4},"end":{"line":56,"column":5}},{"start":{},"end":{}}],"line":51},"13":{"loc":{"start":{"line":52,"column":6},"end":{"line":53,"column":47}},"type":"binary-expr","locations":[{"start":{"line":52,"column":6},"end":{"line":52,"column":23}},{"start":{"line":53,"column":6},"end":{"line":53,"column":47}}],"line":52},"14":{"loc":{"start":{"line":86,"column":4},"end":{"line":90,"column":5}},"type":"if","locations":[{"start":{"line":86,"column":4},"end":{"line":90,"column":5}},{"start":{},"end":{}}],"line":86},"15":{"loc":{"start":{"line":86,"column":8},"end":{"line":86,"column":49}},"type":"binary-expr","locations":[{"start":{"line":86,"column":8},"end":{"line":86,"column":29}},{"start":{"line":86,"column":33},"end":{"line":86,"column":49}}],"line":86},"16":{"loc":{"start":{"line":128,"column":2},"end":{"line":130,"column":3}},"type":"if","locations":[{"start":{"line":128,"column":2},"end":{"line":130,"column":3}},{"start":{},"end":{}}],"line":128},"17":{"loc":{"start":{"line":128,"column":6},"end":{"line":128,"column":37}},"type":"binary-expr","locations":[{"start":{"line":128,"column":6},"end":{"line":128,"column":10}},{"start":{"line":128,"column":14},"end":{"line":128,"column":37}}],"line":128},"18":{"loc":{"start":{"line":136,"column":4},"end":{"line":145,"column":5}},"type":"if","locations":[{"start":{"line":136,"column":4},"end":{"line":145,"column":5}},{"start":{},"end":{}}],"line":136},"19":{"loc":{"start":{"line":161,"column":8},"end":{"line":161,"column":23}},"type":"binary-expr","locations":[{"start":{"line":161,"column":8},"end":{"line":161,"column":17}},{"start":{"line":161,"column":21},"end":{"line":161,"column":23}}],"line":161},"20":{"loc":{"start":{"line":166,"column":4},"end":{"line":176,"column":5}},"type":"if","locations":[{"start":{"line":166,"column":4},"end":{"line":176,"column":5}},{"start":{},"end":{}}],"line":166},"21":{"loc":{"start":{"line":178,"column":51},"end":{"line":178,"column":67}},"type":"binary-expr","locations":[{"start":{"line":178,"column":51},"end":{"line":178,"column":61}},{"start":{"line":178,"column":65},"end":{"line":178,"column":67}}],"line":178},"22":{"loc":{"start":{"line":182,"column":20},"end":{"line":182,"column":47}},"type":"binary-expr","locations":[{"start":{"line":182,"column":20},"end":{"line":182,"column":32}},{"start":{"line":182,"column":36},"end":{"line":182,"column":47}}],"line":182},"23":{"loc":{"start":{"line":183,"column":39},"end":{"line":183,"column":54}},"type":"binary-expr","locations":[{"start":{"line":183,"column":39},"end":{"line":183,"column":46}},{"start":{"line":183,"column":50},"end":{"line":183,"column":54}}],"line":183},"24":{"loc":{"start":{"line":186,"column":6},"end":{"line":186,"column":45}},"type":"binary-expr","locations":[{"start":{"line":186,"column":6},"end":{"line":186,"column":23}},{"start":{"line":186,"column":27},"end":{"line":186,"column":39}},{"start":{"line":186,"column":43},"end":{"line":186,"column":45}}],"line":186},"25":{"loc":{"start":{"line":193,"column":4},"end":{"line":198,"column":5}},"type":"if","locations":[{"start":{"line":193,"column":4},"end":{"line":198,"column":5}},{"start":{},"end":{}}],"line":193},"26":{"loc":{"start":{"line":195,"column":6},"end":{"line":197,"column":7}},"type":"if","locations":[{"start":{"line":195,"column":6},"end":{"line":197,"column":7}},{"start":{},"end":{}}],"line":195},"27":{"loc":{"start":{"line":250,"column":19},"end":{"line":250,"column":52}},"type":"binary-expr","locations":[{"start":{"line":250,"column":19},"end":{"line":250,"column":37}},{"start":{"line":250,"column":41},"end":{"line":250,"column":52}}],"line":250},"28":{"loc":{"start":{"line":251,"column":15},"end":{"line":251,"column":40}},"type":"binary-expr","locations":[{"start":{"line":251,"column":15},"end":{"line":251,"column":29}},{"start":{"line":251,"column":33},"end":{"line":251,"column":40}}],"line":251},"29":{"loc":{"start":{"line":252,"column":16},"end":{"line":252,"column":43}},"type":"binary-expr","locations":[{"start":{"line":252,"column":16},"end":{"line":252,"column":31}},{"start":{"line":252,"column":35},"end":{"line":252,"column":43}}],"line":252},"30":{"loc":{"start":{"line":254,"column":19},"end":{"line":254,"column":73}},"type":"binary-expr","locations":[{"start":{"line":254,"column":19},"end":{"line":254,"column":47}},{"start":{"line":254,"column":51},"end":{"line":254,"column":67}},{"start":{"line":254,"column":71},"end":{"line":254,"column":73}}],"line":254},"31":{"loc":{"start":{"line":255,"column":16},"end":{"line":255,"column":64}},"type":"binary-expr","locations":[{"start":{"line":255,"column":16},"end":{"line":255,"column":41}},{"start":{"line":255,"column":45},"end":{"line":255,"column":58}},{"start":{"line":255,"column":62},"end":{"line":255,"column":64}}],"line":255},"32":{"loc":{"start":{"line":256,"column":20},"end":{"line":256,"column":76}},"type":"binary-expr","locations":[{"start":{"line":256,"column":20},"end":{"line":256,"column":49}},{"start":{"line":256,"column":53},"end":{"line":256,"column":70}},{"start":{"line":256,"column":74},"end":{"line":256,"column":76}}],"line":256},"33":{"loc":{"start":{"line":257,"column":18},"end":{"line":257,"column":70}},"type":"binary-expr","locations":[{"start":{"line":257,"column":18},"end":{"line":257,"column":45}},{"start":{"line":257,"column":49},"end":{"line":257,"column":64}},{"start":{"line":257,"column":68},"end":{"line":257,"column":70}}],"line":257},"34":{"loc":{"start":{"line":258,"column":16},"end":{"line":258,"column":64}},"type":"binary-expr","locations":[{"start":{"line":258,"column":16},"end":{"line":258,"column":41}},{"start":{"line":258,"column":45},"end":{"line":258,"column":58}},{"start":{"line":258,"column":62},"end":{"line":258,"column":64}}],"line":258},"35":{"loc":{"start":{"line":260,"column":10},"end":{"line":260,"column":79}},"type":"binary-expr","locations":[{"start":{"line":260,"column":10},"end":{"line":260,"column":42}},{"start":{"line":260,"column":46},"end":{"line":260,"column":66}},{"start":{"line":260,"column":70},"end":{"line":260,"column":79}}],"line":260},"36":{"loc":{"start":{"line":262,"column":19},"end":{"line":262,"column":65}},"type":"binary-expr","locations":[{"start":{"line":262,"column":19},"end":{"line":262,"column":37}},{"start":{"line":262,"column":41},"end":{"line":262,"column":65}}],"line":262},"37":{"loc":{"start":{"line":309,"column":6},"end":{"line":309,"column":20}},"type":"binary-expr","locations":[{"start":{"line":309,"column":6},"end":{"line":309,"column":14}},{"start":{"line":309,"column":18},"end":{"line":309,"column":20}}],"line":309},"38":{"loc":{"start":{"line":314,"column":4},"end":{"line":318,"column":5}},"type":"if","locations":[{"start":{"line":314,"column":4},"end":{"line":318,"column":5}},{"start":{},"end":{}}],"line":314},"39":{"loc":{"start":{"line":324,"column":4},"end":{"line":330,"column":5}},"type":"if","locations":[{"start":{"line":324,"column":4},"end":{"line":330,"column":5}},{"start":{},"end":{}}],"line":324},"40":{"loc":{"start":{"line":332,"column":49},"end":{"line":332,"column":62}},"type":"binary-expr","locations":[{"start":{"line":332,"column":49},"end":{"line":332,"column":56}},{"start":{"line":332,"column":60},"end":{"line":332,"column":62}}],"line":332},"41":{"loc":{"start":{"line":336,"column":35},"end":{"line":336,"column":51}},"type":"binary-expr","locations":[{"start":{"line":336,"column":35},"end":{"line":336,"column":43}},{"start":{"line":336,"column":47},"end":{"line":336,"column":51}}],"line":336},"42":{"loc":{"start":{"line":338,"column":24},"end":{"line":344,"column":10}},"type":"cond-expr","locations":[{"start":{"line":339,"column":8},"end":{"line":343,"column":11}},{"start":{"line":344,"column":8},"end":{"line":344,"column":10}}],"line":338},"43":{"loc":{"start":{"line":340,"column":20},"end":{"line":340,"column":49}},"type":"binary-expr","locations":[{"start":{"line":340,"column":20},"end":{"line":340,"column":26}},{"start":{"line":340,"column":30},"end":{"line":340,"column":43}},{"start":{"line":340,"column":47},"end":{"line":340,"column":49}}],"line":340},"44":{"loc":{"start":{"line":341,"column":20},"end":{"line":341,"column":47}},"type":"binary-expr","locations":[{"start":{"line":341,"column":20},"end":{"line":341,"column":26}},{"start":{"line":341,"column":30},"end":{"line":341,"column":41}},{"start":{"line":341,"column":45},"end":{"line":341,"column":47}}],"line":341},"45":{"loc":{"start":{"line":360,"column":15},"end":{"line":360,"column":36}},"type":"binary-expr","locations":[{"start":{"line":360,"column":15},"end":{"line":360,"column":25}},{"start":{"line":360,"column":29},"end":{"line":360,"column":36}}],"line":360},"46":{"loc":{"start":{"line":397,"column":19},"end":{"line":397,"column":73}},"type":"cond-expr","locations":[{"start":{"line":397,"column":55},"end":{"line":397,"column":68}},{"start":{"line":397,"column":71},"end":{"line":397,"column":73}}],"line":397},"47":{"loc":{"start":{"line":398,"column":23},"end":{"line":400,"column":10}},"type":"cond-expr","locations":[{"start":{"line":399,"column":8},"end":{"line":399,"column":74}},{"start":{"line":400,"column":8},"end":{"line":400,"column":10}}],"line":398},"48":{"loc":{"start":{"line":402,"column":4},"end":{"line":412,"column":5}},"type":"if","locations":[{"start":{"line":402,"column":4},"end":{"line":412,"column":5}},{"start":{},"end":{}}],"line":402},"49":{"loc":{"start":{"line":452,"column":8},"end":{"line":452,"column":22}},"type":"binary-expr","locations":[{"start":{"line":452,"column":8},"end":{"line":452,"column":16}},{"start":{"line":452,"column":20},"end":{"line":452,"column":22}}],"line":452},"50":{"loc":{"start":{"line":454,"column":49},"end":{"line":454,"column":66}},"type":"binary-expr","locations":[{"start":{"line":454,"column":49},"end":{"line":454,"column":60}},{"start":{"line":454,"column":64},"end":{"line":454,"column":66}}],"line":454},"51":{"loc":{"start":{"line":458,"column":4},"end":{"line":468,"column":5}},"type":"if","locations":[{"start":{"line":458,"column":4},"end":{"line":468,"column":5}},{"start":{},"end":{}}],"line":458},"52":{"loc":{"start":{"line":470,"column":46},"end":{"line":470,"column":63}},"type":"binary-expr","locations":[{"start":{"line":470,"column":46},"end":{"line":470,"column":57}},{"start":{"line":470,"column":61},"end":{"line":470,"column":63}}],"line":470},"53":{"loc":{"start":{"line":474,"column":35},"end":{"line":474,"column":51}},"type":"binary-expr","locations":[{"start":{"line":474,"column":35},"end":{"line":474,"column":43}},{"start":{"line":474,"column":47},"end":{"line":474,"column":51}}],"line":474},"54":{"loc":{"start":{"line":478,"column":19},"end":{"line":478,"column":39}},"type":"binary-expr","locations":[{"start":{"line":478,"column":19},"end":{"line":478,"column":26}},{"start":{"line":478,"column":30},"end":{"line":478,"column":39}}],"line":478},"55":{"loc":{"start":{"line":481,"column":8},"end":{"line":487,"column":21}},"type":"cond-expr","locations":[{"start":{"line":482,"column":12},"end":{"line":486,"column":13}},{"start":{"line":487,"column":12},"end":{"line":487,"column":21}}],"line":481},"56":{"loc":{"start":{"line":483,"column":20},"end":{"line":483,"column":37}},"type":"binary-expr","locations":[{"start":{"line":483,"column":20},"end":{"line":483,"column":24}},{"start":{"line":483,"column":28},"end":{"line":483,"column":37}}],"line":483},"57":{"loc":{"start":{"line":484,"column":26},"end":{"line":484,"column":49}},"type":"binary-expr","locations":[{"start":{"line":484,"column":26},"end":{"line":484,"column":36}},{"start":{"line":484,"column":40},"end":{"line":484,"column":49}}],"line":484},"58":{"loc":{"start":{"line":485,"column":26},"end":{"line":485,"column":49}},"type":"binary-expr","locations":[{"start":{"line":485,"column":26},"end":{"line":485,"column":36}},{"start":{"line":485,"column":40},"end":{"line":485,"column":49}}],"line":485},"59":{"loc":{"start":{"line":489,"column":8},"end":{"line":496,"column":21}},"type":"cond-expr","locations":[{"start":{"line":490,"column":12},"end":{"line":495,"column":13}},{"start":{"line":496,"column":12},"end":{"line":496,"column":21}}],"line":489},"60":{"loc":{"start":{"line":491,"column":21},"end":{"line":491,"column":39}},"type":"binary-expr","locations":[{"start":{"line":491,"column":21},"end":{"line":491,"column":26}},{"start":{"line":491,"column":30},"end":{"line":491,"column":39}}],"line":491},"61":{"loc":{"start":{"line":492,"column":23},"end":{"line":494,"column":27}},"type":"cond-expr","locations":[{"start":{"line":493,"column":18},"end":{"line":493,"column":38}},{"start":{"line":494,"column":18},"end":{"line":494,"column":27}}],"line":492},"62":{"loc":{"start":{"line":497,"column":11},"end":{"line":497,"column":74}},"type":"cond-expr","locations":[{"start":{"line":497,"column":34},"end":{"line":497,"column":62}},{"start":{"line":497,"column":65},"end":{"line":497,"column":74}}],"line":497},"63":{"loc":{"start":{"line":497,"column":34},"end":{"line":497,"column":62}},"type":"binary-expr","locations":[{"start":{"line":497,"column":34},"end":{"line":497,"column":37}},{"start":{"line":497,"column":41},"end":{"line":497,"column":49}},{"start":{"line":497,"column":53},"end":{"line":497,"column":62}}],"line":497},"64":{"loc":{"start":{"line":498,"column":12},"end":{"line":498,"column":77}},"type":"cond-expr","locations":[{"start":{"line":498,"column":36},"end":{"line":498,"column":65}},{"start":{"line":498,"column":68},"end":{"line":498,"column":77}}],"line":498},"65":{"loc":{"start":{"line":498,"column":36},"end":{"line":498,"column":65}},"type":"binary-expr","locations":[{"start":{"line":498,"column":36},"end":{"line":498,"column":40}},{"start":{"line":498,"column":44},"end":{"line":498,"column":52}},{"start":{"line":498,"column":56},"end":{"line":498,"column":65}}],"line":498},"66":{"loc":{"start":{"line":544,"column":4},"end":{"line":546,"column":5}},"type":"if","locations":[{"start":{"line":544,"column":4},"end":{"line":546,"column":5}},{"start":{},"end":{}}],"line":544},"67":{"loc":{"start":{"line":547,"column":4},"end":{"line":549,"column":5}},"type":"if","locations":[{"start":{"line":547,"column":4},"end":{"line":549,"column":5}},{"start":{},"end":{}}],"line":547},"68":{"loc":{"start":{"line":547,"column":8},"end":{"line":547,"column":54}},"type":"binary-expr","locations":[{"start":{"line":547,"column":8},"end":{"line":547,"column":20}},{"start":{"line":547,"column":24},"end":{"line":547,"column":54}}],"line":547},"69":{"loc":{"start":{"line":551,"column":21},"end":{"line":551,"column":75}},"type":"cond-expr","locations":[{"start":{"line":551,"column":55},"end":{"line":551,"column":66}},{"start":{"line":551,"column":69},"end":{"line":551,"column":75}}],"line":551},"70":{"loc":{"start":{"line":553,"column":4},"end":{"line":563,"column":5}},"type":"if","locations":[{"start":{"line":553,"column":4},"end":{"line":563,"column":5}},{"start":{},"end":{}}],"line":553}},"s":{"0":14,"1":14,"2":14,"3":14,"4":14,"5":14,"6":14,"7":50,"8":0,"9":50,"10":52,"11":52,"12":25,"13":25,"14":25,"15":25,"16":25,"17":25,"18":25,"19":0,"20":0,"21":0,"22":0,"23":0,"24":0,"25":0,"26":0,"27":0,"28":0,"29":25,"30":25,"31":3,"32":3,"33":3,"34":3,"35":3,"36":3,"37":15,"38":15,"39":0,"40":25,"41":6,"42":0,"43":6,"44":6,"45":1,"46":1,"47":0,"48":0,"49":0,"50":1,"51":26,"52":26,"53":26,"54":26,"55":1,"56":25,"57":25,"58":25,"59":25,"60":25,"61":25,"62":25,"63":25,"64":25,"65":0,"66":25,"67":25,"68":25,"69":4,"70":4,"71":1,"72":1,"73":3,"74":3,"75":3,"76":0,"77":0,"78":3,"79":3,"80":21,"81":21,"82":2,"83":2,"84":2,"85":2,"86":1,"87":1,"88":1,"89":0,"90":1,"91":1,"92":1,"93":0,"94":1,"95":1,"96":1,"97":1,"98":1,"99":0,"100":0,"101":1,"102":1,"103":1,"104":1,"105":0,"106":1,"107":0,"108":0,"109":2,"110":2,"111":2,"112":2,"113":1,"114":1,"115":1,"116":1,"117":1,"118":1,"119":1,"120":1,"121":0,"122":0,"123":1,"124":1,"125":1,"126":1,"127":1,"128":0,"129":1,"130":1,"131":0,"132":1,"133":0,"134":0,"135":14},"f":{"0":50,"1":52,"2":25,"3":25,"4":3,"5":3,"6":25,"7":6,"8":26,"9":2,"10":0,"11":1,"12":2,"13":1},"b":{"0":[14,14],"1":[0,50],"2":[50,50],"3":[52,0],"4":[52,0],"5":[25,0],"6":[25,0],"7":[25,0],"8":[0,0],"9":[0,0],"10":[0,0,0],"11":[0,0],"12":[0,0],"13":[0,0],"14":[0,15],"15":[15,15],"16":[0,6],"17":[6,6],"18":[0,1],"19":[26,0],"20":[1,25],"21":[25,25],"22":[25,25],"23":[25,25],"24":[25,25,25],"25":[25,0],"26":[0,25],"27":[3,0],"28":[3,0],"29":[3,0],"30":[3,0,0],"31":[3,0,0],"32":[3,0,0],"33":[3,0,0],"34":[3,0,0],"35":[3,0,0],"36":[3,3],"37":[2,0],"38":[1,1],"39":[0,1],"40":[1,1],"41":[1,1],"42":[0,1],"43":[0,0,0],"44":[0,0,0],"45":[1,1],"46":[1,0],"47":[1,0],"48":[0,1],"49":[2,0],"50":[2,0],"51":[1,1],"52":[1,0],"53":[1,1],"54":[1,0],"55":[1,0],"56":[1,0],"57":[1,0],"58":[1,0],"59":[0,1],"60":[0,0],"61":[0,0],"62":[0,1],"63":[0,0,0],"64":[0,1],"65":[0,0,0],"66":[1,0],"67":[0,1],"68":[1,0],"69":[0,1],"70":[0,1]},"_coverageSchema":"1a1c01bbd47fc00a2c39e90264f33305004495a9","hash":"5dac48953b8375dbde8d165278dd0832160ff38c"}
,"/Users/vamsikolli/Projects/smart_travel_comp/travel-app-be/src/controllers/itineraryController.js": {"path":"/Users/vamsikolli/Projects/smart_travel_comp/travel-app-be/src/controllers/itineraryController.js","statementMap":{"0":{"start":{"line":1,"column":25},"end":{"line":1,"column":59}},"1":{"start":{"line":6,"column":4},"end":{"line":6,"column":36}},"2":{"start":{"line":10,"column":4},"end":{"line":10,"column":46}},"3":{"start":{"line":11,"column":25},"end":{"line":11,"column":50}},"4":{"start":{"line":12,"column":30},"end":{"line":12,"column":60}},"5":{"start":{"line":14,"column":23},"end":{"line":16,"column":1}},"6":{"start":{"line":17,"column":24},"end":{"line":19,"column":1}},"7":{"start":{"line":22,"column":2},"end":{"line":22,"column":46}},"8":{"start":{"line":26,"column":12},"end":{"line":26,"column":34}},"9":{"start":{"line":27,"column":2},"end":{"line":27,"column":45}},"10":{"start":{"line":31,"column":23},"end":{"line":31,"column":73}},"11":{"start":{"line":32,"column":24},"end":{"line":35,"column":20}},"12":{"start":{"line":34,"column":16},"end":{"line":34,"column":24}},"13":{"start":{"line":37,"column":18},"end":{"line":47,"column":4}},"14":{"start":{"line":37,"column":28},"end":{"line":47,"column":3}},"15":{"start":{"line":49,"column":18},"end":{"line":52,"column":5}},"16":{"start":{"line":49,"column":62},"end":{"line":52,"column":3}},"17":{"start":{"line":51,"column":64},"end":{"line":51,"column":74}},"18":{"start":{"line":54,"column":2},"end":{"line":63,"column":4}},"19":{"start":{"line":67,"column":2},"end":{"line":243,"column":3}},"20":{"start":{"line":68,"column":20},"end":{"line":68,"column":50}},"21":{"start":{"line":69,"column":17},"end":{"line":69,"column":44}},"22":{"start":{"line":70,"column":17},"end":{"line":70,"column":74}},"23":{"start":{"line":71,"column":17},"end":{"line":71,"column":74}},"24":{"start":{"line":72,"column":17},"end":{"line":72,"column":46}},"25":{"start":{"line":73,"column":19},"end":{"line":73,"column":57}},"26":{"start":{"line":74,"column":17},"end":{"line":74,"column":58}},"27":{"start":{"line":75,"column":19},"end":{"line":75,"column":57}},"28":{"start":{"line":76,"column":22},"end":{"line":76,"column":84}},"29":{"start":{"line":77,"column":17},"end":{"line":77,"column":52}},"30":{"start":{"line":79,"column":4},"end":{"line":85,"column":5}},"31":{"start":{"line":80,"column":6},"end":{"line":84,"column":10}},"32":{"start":{"line":89,"column":4},"end":{"line":114,"column":5}},"33":{"start":{"line":90,"column":18},"end":{"line":90,"column":22}},"34":{"start":{"line":91,"column":6},"end":{"line":93,"column":21}},"35":{"start":{"line":92,"column":8},"end":{"line":92,"column":52}},"36":{"start":{"line":94,"column":6},"end":{"line":96,"column":63}},"37":{"start":{"line":97,"column":11},"end":{"line":114,"column":5}},"38":{"start":{"line":98,"column":6},"end":{"line":107,"column":7}},"39":{"start":{"line":99,"column":19},"end":{"line":99,"column":48}},"40":{"start":{"line":100,"column":8},"end":{"line":104,"column":10}},"41":{"start":{"line":106,"column":8},"end":{"line":106,"column":73}},"42":{"start":{"line":109,"column":6},"end":{"line":113,"column":8}},"43":{"start":{"line":116,"column":26},"end":{"line":116,"column":65}},"44":{"start":{"line":118,"column":4},"end":{"line":122,"column":5}},"45":{"start":{"line":120,"column":22},"end":{"line":120,"column":93}},"46":{"start":{"line":121,"column":6},"end":{"line":121,"column":31}},"47":{"start":{"line":124,"column":19},"end":{"line":129,"column":15}},"48":{"start":{"line":131,"column":17},"end":{"line":184,"column":6}},"49":{"start":{"line":186,"column":24},"end":{"line":191,"column":6}},"50":{"start":{"line":192,"column":4},"end":{"line":203,"column":5}},"51":{"start":{"line":193,"column":6},"end":{"line":202,"column":10}},"52":{"start":{"line":205,"column":16},"end":{"line":210,"column":6}},"53":{"start":{"line":211,"column":4},"end":{"line":215,"column":7}},"54":{"start":{"line":218,"column":4},"end":{"line":223,"column":5}},"55":{"start":{"line":219,"column":6},"end":{"line":219,"column":32}},"56":{"start":{"line":221,"column":20},"end":{"line":221,"column":45}},"57":{"start":{"line":222,"column":6},"end":{"line":222,"column":52}},"58":{"start":{"line":225,"column":4},"end":{"line":229,"column":5}},"59":{"start":{"line":227,"column":21},"end":{"line":227,"column":92}},"60":{"start":{"line":228,"column":6},"end":{"line":228,"column":30}},"61":{"start":{"line":231,"column":4},"end":{"line":231,"column":29}},"62":{"start":{"line":233,"column":4},"end":{"line":233,"column":75}},"63":{"start":{"line":234,"column":4},"end":{"line":242,"column":8}},"64":{"start":{"line":246,"column":0},"end":{"line":246,"column":39}}},"fnMap":{"0":{"name":"sanitizeStr","decl":{"start":{"line":21,"column":9},"end":{"line":21,"column":20}},"loc":{"start":{"line":21,"column":32},"end":{"line":23,"column":1}},"line":21},"1":{"name":"toInt","decl":{"start":{"line":25,"column":9},"end":{"line":25,"column":14}},"loc":{"start":{"line":25,"column":25},"end":{"line":28,"column":1}},"line":25},"2":{"name":"sampleItinerary","decl":{"start":{"line":30,"column":9},"end":{"line":30,"column":24}},"loc":{"start":{"line":30,"column":81},"end":{"line":64,"column":1}},"line":30},"3":{"name":"(anonymous_3)","decl":{"start":{"line":34,"column":9},"end":{"line":34,"column":10}},"loc":{"start":{"line":34,"column":16},"end":{"line":34,"column":24}},"line":34},"4":{"name":"(anonymous_4)","decl":{"start":{"line":37,"column":18},"end":{"line":37,"column":19}},"loc":{"start":{"line":37,"column":28},"end":{"line":47,"column":3}},"line":37},"5":{"name":"(anonymous_5)","decl":{"start":{"line":49,"column":51},"end":{"line":49,"column":52}},"loc":{"start":{"line":49,"column":62},"end":{"line":52,"column":3}},"line":49},"6":{"name":"(anonymous_6)","decl":{"start":{"line":51,"column":53},"end":{"line":51,"column":54}},"loc":{"start":{"line":51,"column":64},"end":{"line":51,"column":74}},"line":51},"7":{"name":"generateItinerary","decl":{"start":{"line":66,"column":15},"end":{"line":66,"column":32}},"loc":{"start":{"line":66,"column":43},"end":{"line":244,"column":1}},"line":66}},"branchMap":{"0":{"loc":{"start":{"line":15,"column":2},"end":{"line":15,"column":51}},"type":"binary-expr","locations":[{"start":{"line":15,"column":2},"end":{"line":15,"column":45}},{"start":{"line":15,"column":49},"end":{"line":15,"column":51}}],"line":15},"1":{"loc":{"start":{"line":18,"column":2},"end":{"line":18,"column":51}},"type":"binary-expr","locations":[{"start":{"line":18,"column":2},"end":{"line":18,"column":33}},{"start":{"line":18,"column":37},"end":{"line":18,"column":51}}],"line":18},"2":{"loc":{"start":{"line":21,"column":24},"end":{"line":21,"column":30}},"type":"default-arg","locations":[{"start":{"line":21,"column":28},"end":{"line":21,"column":30}}],"line":21},"3":{"loc":{"start":{"line":22,"column":9},"end":{"line":22,"column":45}},"type":"cond-expr","locations":[{"start":{"line":22,"column":33},"end":{"line":22,"column":41}},{"start":{"line":22,"column":44},"end":{"line":22,"column":45}}],"line":22},"4":{"loc":{"start":{"line":25,"column":18},"end":{"line":25,"column":23}},"type":"default-arg","locations":[{"start":{"line":25,"column":22},"end":{"line":25,"column":23}}],"line":25},"5":{"loc":{"start":{"line":27,"column":9},"end":{"line":27,"column":44}},"type":"cond-expr","locations":[{"start":{"line":27,"column":39},"end":{"line":27,"column":40}},{"start":{"line":27,"column":43},"end":{"line":27,"column":44}}],"line":27},"6":{"loc":{"start":{"line":27,"column":9},"end":{"line":27,"column":36}},"type":"binary-expr","locations":[{"start":{"line":27,"column":9},"end":{"line":27,"column":27}},{"start":{"line":27,"column":31},"end":{"line":27,"column":36}}],"line":27},"7":{"loc":{"start":{"line":31,"column":23},"end":{"line":31,"column":73}},"type":"cond-expr","locations":[{"start":{"line":31,"column":43},"end":{"line":31,"column":44}},{"start":{"line":31,"column":47},"end":{"line":31,"column":73}}],"line":31},"8":{"loc":{"start":{"line":31,"column":47},"end":{"line":31,"column":73}},"type":"cond-expr","locations":[{"start":{"line":31,"column":68},"end":{"line":31,"column":69}},{"start":{"line":31,"column":72},"end":{"line":31,"column":73}}],"line":31},"9":{"loc":{"start":{"line":40,"column":6},"end":{"line":40,"column":79}},"type":"binary-expr","locations":[{"start":{"line":40,"column":6},"end":{"line":40,"column":62}},{"start":{"line":40,"column":66},"end":{"line":40,"column":79}}],"line":40},"10":{"loc":{"start":{"line":70,"column":17},"end":{"line":70,"column":74}},"type":"cond-expr","locations":[{"start":{"line":70,"column":41},"end":{"line":70,"column":62}},{"start":{"line":70,"column":65},"end":{"line":70,"column":74}}],"line":70},"11":{"loc":{"start":{"line":71,"column":17},"end":{"line":71,"column":74}},"type":"cond-expr","locations":[{"start":{"line":71,"column":41},"end":{"line":71,"column":62}},{"start":{"line":71,"column":65},"end":{"line":71,"column":74}}],"line":71},"12":{"loc":{"start":{"line":72,"column":23},"end":{"line":72,"column":42}},"type":"binary-expr","locations":[{"start":{"line":72,"column":23},"end":{"line":72,"column":37}},{"start":{"line":72,"column":41},"end":{"line":72,"column":42}}],"line":72},"13":{"loc":{"start":{"line":73,"column":31},"end":{"line":73,"column":56}},"type":"binary-expr","locations":[{"start":{"line":73,"column":31},"end":{"line":73,"column":47}},{"start":{"line":73,"column":51},"end":{"line":73,"column":56}}],"line":73},"14":{"loc":{"start":{"line":74,"column":29},"end":{"line":74,"column":57}},"type":"binary-expr","locations":[{"start":{"line":74,"column":29},"end":{"line":74,"column":43}},{"start":{"line":74,"column":47},"end":{"line":74,"column":57}}],"line":74},"15":{"loc":{"start":{"line":75,"column":31},"end":{"line":75,"column":56}},"type":"binary-expr","locations":[{"start":{"line":75,"column":31},"end":{"line":75,"column":47}},{"start":{"line":75,"column":51},"end":{"line":75,"column":56}}],"line":75},"16":{"loc":{"start":{"line":76,"column":34},"end":{"line":76,"column":83}},"type":"binary-expr","locations":[{"start":{"line":76,"column":34},"end":{"line":76,"column":53}},{"start":{"line":76,"column":57},"end":{"line":76,"column":83}}],"line":76},"17":{"loc":{"start":{"line":77,"column":29},"end":{"line":77,"column":51}},"type":"binary-expr","locations":[{"start":{"line":77,"column":29},"end":{"line":77,"column":43}},{"start":{"line":77,"column":47},"end":{"line":77,"column":51}}],"line":77},"18":{"loc":{"start":{"line":79,"column":4},"end":{"line":85,"column":5}},"type":"if","locations":[{"start":{"line":79,"column":4},"end":{"line":85,"column":5}},{"start":{},"end":{}}],"line":79},"19":{"loc":{"start":{"line":79,"column":8},"end":{"line":79,"column":78}},"type":"binary-expr","locations":[{"start":{"line":79,"column":8},"end":{"line":79,"column":16}},{"start":{"line":79,"column":20},"end":{"line":79,"column":25}},{"start":{"line":79,"column":29},"end":{"line":79,"column":78}}],"line":79},"20":{"loc":{"start":{"line":79,"column":31},"end":{"line":79,"column":77}},"type":"binary-expr","locations":[{"start":{"line":79,"column":31},"end":{"line":79,"column":52}},{"start":{"line":79,"column":56},"end":{"line":79,"column":77}}],"line":79},"21":{"loc":{"start":{"line":89,"column":4},"end":{"line":114,"column":5}},"type":"if","locations":[{"start":{"line":89,"column":4},"end":{"line":114,"column":5}},{"start":{"line":97,"column":11},"end":{"line":114,"column":5}}],"line":89},"22":{"loc":{"start":{"line":94,"column":20},"end":{"line":96,"column":62}},"type":"cond-expr","locations":[{"start":{"line":95,"column":10},"end":{"line":95,"column":78}},{"start":{"line":96,"column":10},"end":{"line":96,"column":62}}],"line":94},"23":{"loc":{"start":{"line":95,"column":54},"end":{"line":95,"column":76}},"type":"binary-expr","locations":[{"start":{"line":95,"column":54},"end":{"line":95,"column":68}},{"start":{"line":95,"column":72},"end":{"line":95,"column":76}}],"line":95},"24":{"loc":{"start":{"line":97,"column":11},"end":{"line":114,"column":5}},"type":"if","locations":[{"start":{"line":97,"column":11},"end":{"line":114,"column":5}},{"start":{"line":108,"column":11},"end":{"line":114,"column":5}}],"line":97},"25":{"loc":{"start":{"line":102,"column":16},"end":{"line":102,"column":34}},"type":"binary-expr","locations":[{"start":{"line":102,"column":16},"end":{"line":102,"column":26}},{"start":{"line":102,"column":30},"end":{"line":102,"column":34}}],"line":102},"26":{"loc":{"start":{"line":118,"column":4},"end":{"line":122,"column":5}},"type":"if","locations":[{"start":{"line":118,"column":4},"end":{"line":122,"column":5}},{"start":{},"end":{}}],"line":118},"27":{"loc":{"start":{"line":187,"column":18},"end":{"line":187,"column":41}},"type":"binary-expr","locations":[{"start":{"line":187,"column":18},"end":{"line":187,"column":31}},{"start":{"line":187,"column":35},"end":{"line":187,"column":41}}],"line":187},"28":{"loc":{"start":{"line":192,"column":4},"end":{"line":203,"column":5}},"type":"if","locations":[{"start":{"line":192,"column":4},"end":{"line":203,"column":5}},{"start":{},"end":{}}],"line":192},"29":{"loc":{"start":{"line":213,"column":14},"end":{"line":213,"column":37}},"type":"binary-expr","locations":[{"start":{"line":213,"column":14},"end":{"line":213,"column":27}},{"start":{"line":213,"column":31},"end":{"line":213,"column":37}}],"line":213},"30":{"loc":{"start":{"line":222,"column":16},"end":{"line":222,"column":51}},"type":"cond-expr","locations":[{"start":{"line":222,"column":24},"end":{"line":222,"column":44}},{"start":{"line":222,"column":47},"end":{"line":222,"column":51}}],"line":222},"31":{"loc":{"start":{"line":225,"column":4},"end":{"line":229,"column":5}},"type":"if","locations":[{"start":{"line":225,"column":4},"end":{"line":229,"column":5}},{"start":{},"end":{}}],"line":225},"32":{"loc":{"start":{"line":225,"column":8},"end":{"line":225,"column":48}},"type":"binary-expr","locations":[{"start":{"line":225,"column":8},"end":{"line":225,"column":16}},{"start":{"line":225,"column":20},"end":{"line":225,"column":48}}],"line":225},"33":{"loc":{"start":{"line":240,"column":10},"end":{"line":240,"column":53}},"type":"binary-expr","locations":[{"start":{"line":240,"column":10},"end":{"line":240,"column":19}},{"start":{"line":240,"column":23},"end":{"line":240,"column":53}}],"line":240}},"s":{"0":14,"1":14,"2":14,"3":14,"4":14,"5":14,"6":14,"7":56,"8":8,"9":8,"10":1,"11":1,"12":1,"13":1,"14":6,"15":1,"16":2,"17":6,"18":1,"19":8,"20":8,"21":8,"22":8,"23":8,"24":8,"25":8,"26":8,"27":8,"28":8,"29":8,"30":8,"31":0,"32":8,"33":1,"34":1,"35":1,"36":1,"37":7,"38":6,"39":6,"40":5,"41":1,"42":1,"43":8,"44":8,"45":1,"46":1,"47":7,"48":7,"49":7,"50":7,"51":1,"52":6,"53":6,"54":6,"55":6,"56":1,"57":1,"58":5,"59":0,"60":0,"61":5,"62":1,"63":1,"64":14},"f":{"0":56,"1":8,"2":1,"3":1,"4":6,"5":2,"6":6,"7":8},"b":{"0":[14,14],"1":[14,14],"2":[56],"3":[47,9],"4":[0],"5":[8,0],"6":[8,8],"7":[0,1],"8":[1,0],"9":[6,0],"10":[1,7],"11":[1,7],"12":[8,4],"13":[8,7],"14":[8,6],"15":[8,8],"16":[8,7],"17":[8,8],"18":[0,8],"19":[8,7,1],"20":[1,1],"21":[1,7],"22":[1,0],"23":[1,0],"24":[6,1],"25":[5,0],"26":[1,7],"27":[7,0],"28":[1,6],"29":[6,0],"30":[1,0],"31":[0,5],"32":[5,5],"33":[1,0]},"_coverageSchema":"1a1c01bbd47fc00a2c39e90264f33305004495a9","hash":"c9504a21b84eab0197cc64ce972d5935722b7a68"}
,"/Users/vamsikolli/Projects/smart_travel_comp/travel-app-be/src/controllers/phrasebookController.js": {"path":"/Users/vamsikolli/Projects/smart_travel_comp/travel-app-be/src/controllers/phrasebookController.js","statementMap":{"0":{"start":{"line":1,"column":25},"end":{"line":1,"column":59}},"1":{"start":{"line":6,"column":4},"end":{"line":6,"column":36}},"2":{"start":{"line":7,"column":25},"end":{"line":7,"column":50}},"3":{"start":{"line":8,"column":30},"end":{"line":8,"column":60}},"4":{"start":{"line":10,"column":24},"end":{"line":12,"column":1}},"5":{"start":{"line":13,"column":25},"end":{"line":15,"column":1}},"6":{"start":{"line":18,"column":2},"end":{"line":18,"column":47}},"7":{"start":{"line":21,"column":12},"end":{"line":21,"column":40}},"8":{"start":{"line":22,"column":2},"end":{"line":22,"column":39}},"9":{"start":{"line":26,"column":2},"end":{"line":195,"column":3}},"10":{"start":{"line":27,"column":18},"end":{"line":27,"column":46}},"11":{"start":{"line":28,"column":23},"end":{"line":28,"column":56}},"12":{"start":{"line":29,"column":23},"end":{"line":29,"column":56}},"13":{"start":{"line":30,"column":14},"end":{"line":30,"column":15}},"14":{"start":{"line":33,"column":4},"end":{"line":44,"column":5}},"15":{"start":{"line":34,"column":6},"end":{"line":43,"column":10}},"16":{"start":{"line":45,"column":4},"end":{"line":55,"column":5}},"17":{"start":{"line":46,"column":6},"end":{"line":54,"column":10}},"18":{"start":{"line":57,"column":19},"end":{"line":65,"column":15}},"19":{"start":{"line":68,"column":17},"end":{"line":111,"column":6}},"20":{"start":{"line":114,"column":24},"end":{"line":119,"column":6}},"21":{"start":{"line":120,"column":4},"end":{"line":131,"column":5}},"22":{"start":{"line":121,"column":6},"end":{"line":130,"column":10}},"23":{"start":{"line":133,"column":16},"end":{"line":138,"column":6}},"24":{"start":{"line":139,"column":4},"end":{"line":143,"column":7}},"25":{"start":{"line":146,"column":4},"end":{"line":151,"column":5}},"26":{"start":{"line":147,"column":6},"end":{"line":147,"column":32}},"27":{"start":{"line":149,"column":20},"end":{"line":149,"column":45}},"28":{"start":{"line":150,"column":6},"end":{"line":150,"column":52}},"29":{"start":{"line":153,"column":4},"end":{"line":164,"column":5}},"30":{"start":{"line":154,"column":6},"end":{"line":163,"column":10}},"31":{"start":{"line":167,"column":23},"end":{"line":180,"column":5}},"32":{"start":{"line":173,"column":25},"end":{"line":173,"column":52}},"33":{"start":{"line":174,"column":34},"end":{"line":174,"column":64}},"34":{"start":{"line":175,"column":26},"end":{"line":175,"column":58}},"35":{"start":{"line":176,"column":31},"end":{"line":176,"column":58}},"36":{"start":{"line":177,"column":10},"end":{"line":177,"column":68}},"37":{"start":{"line":179,"column":23},"end":{"line":179,"column":62}},"38":{"start":{"line":182,"column":4},"end":{"line":182,"column":44}},"39":{"start":{"line":184,"column":4},"end":{"line":184,"column":60}},"40":{"start":{"line":185,"column":4},"end":{"line":194,"column":8}},"41":{"start":{"line":198,"column":0},"end":{"line":198,"column":37}}},"fnMap":{"0":{"name":"sanitizeStr","decl":{"start":{"line":17,"column":9},"end":{"line":17,"column":20}},"loc":{"start":{"line":17,"column":24},"end":{"line":19,"column":1}},"line":17},"1":{"name":"clamp","decl":{"start":{"line":20,"column":9},"end":{"line":20,"column":14}},"loc":{"start":{"line":20,"column":26},"end":{"line":23,"column":1}},"line":20},"2":{"name":"generatePhrases","decl":{"start":{"line":25,"column":15},"end":{"line":25,"column":30}},"loc":{"start":{"line":25,"column":41},"end":{"line":196,"column":1}},"line":25},"3":{"name":"(anonymous_3)","decl":{"start":{"line":172,"column":13},"end":{"line":172,"column":14}},"loc":{"start":{"line":172,"column":20},"end":{"line":178,"column":9}},"line":172},"4":{"name":"(anonymous_4)","decl":{"start":{"line":179,"column":16},"end":{"line":179,"column":17}},"loc":{"start":{"line":179,"column":23},"end":{"line":179,"column":62}},"line":179}},"branchMap":{"0":{"loc":{"start":{"line":11,"column":2},"end":{"line":11,"column":52}},"type":"binary-expr","locations":[{"start":{"line":11,"column":2},"end":{"line":11,"column":46}},{"start":{"line":11,"column":50},"end":{"line":11,"column":52}}],"line":11},"1":{"loc":{"start":{"line":14,"column":2},"end":{"line":14,"column":52}},"type":"binary-expr","locations":[{"start":{"line":14,"column":2},"end":{"line":14,"column":34}},{"start":{"line":14,"column":38},"end":{"line":14,"column":52}}],"line":14},"2":{"loc":{"start":{"line":18,"column":9},"end":{"line":18,"column":46}},"type":"cond-expr","locations":[{"start":{"line":18,"column":33},"end":{"line":18,"column":41}},{"start":{"line":18,"column":44},"end":{"line":18,"column":46}}],"line":18},"3":{"loc":{"start":{"line":21,"column":28},"end":{"line":21,"column":35}},"type":"binary-expr","locations":[{"start":{"line":21,"column":28},"end":{"line":21,"column":29}},{"start":{"line":21,"column":33},"end":{"line":21,"column":35}}],"line":21},"4":{"loc":{"start":{"line":33,"column":4},"end":{"line":44,"column":5}},"type":"if","locations":[{"start":{"line":33,"column":4},"end":{"line":44,"column":5}},{"start":{},"end":{}}],"line":33},"5":{"loc":{"start":{"line":33,"column":8},"end":{"line":33,"column":44}},"type":"binary-expr","locations":[{"start":{"line":33,"column":8},"end":{"line":33,"column":14}},{"start":{"line":33,"column":18},"end":{"line":33,"column":29}},{"start":{"line":33,"column":33},"end":{"line":33,"column":44}}],"line":33},"6":{"loc":{"start":{"line":45,"column":4},"end":{"line":55,"column":5}},"type":"if","locations":[{"start":{"line":45,"column":4},"end":{"line":55,"column":5}},{"start":{},"end":{}}],"line":45},"7":{"loc":{"start":{"line":115,"column":18},"end":{"line":115,"column":41}},"type":"binary-expr","locations":[{"start":{"line":115,"column":18},"end":{"line":115,"column":31}},{"start":{"line":115,"column":35},"end":{"line":115,"column":41}}],"line":115},"8":{"loc":{"start":{"line":120,"column":4},"end":{"line":131,"column":5}},"type":"if","locations":[{"start":{"line":120,"column":4},"end":{"line":131,"column":5}},{"start":{},"end":{}}],"line":120},"9":{"loc":{"start":{"line":141,"column":14},"end":{"line":141,"column":37}},"type":"binary-expr","locations":[{"start":{"line":141,"column":14},"end":{"line":141,"column":27}},{"start":{"line":141,"column":31},"end":{"line":141,"column":37}}],"line":141},"10":{"loc":{"start":{"line":150,"column":16},"end":{"line":150,"column":51}},"type":"cond-expr","locations":[{"start":{"line":150,"column":24},"end":{"line":150,"column":44}},{"start":{"line":150,"column":47},"end":{"line":150,"column":51}}],"line":150},"11":{"loc":{"start":{"line":153,"column":4},"end":{"line":164,"column":5}},"type":"if","locations":[{"start":{"line":153,"column":4},"end":{"line":164,"column":5}},{"start":{},"end":{}}],"line":153},"12":{"loc":{"start":{"line":153,"column":8},"end":{"line":153,"column":51}},"type":"binary-expr","locations":[{"start":{"line":153,"column":8},"end":{"line":153,"column":16}},{"start":{"line":153,"column":20},"end":{"line":153,"column":51}}],"line":153},"13":{"loc":{"start":{"line":168,"column":13},"end":{"line":168,"column":35}},"type":"binary-expr","locations":[{"start":{"line":168,"column":13},"end":{"line":168,"column":26}},{"start":{"line":168,"column":30},"end":{"line":168,"column":35}}],"line":168},"14":{"loc":{"start":{"line":169,"column":18},"end":{"line":169,"column":50}},"type":"binary-expr","locations":[{"start":{"line":169,"column":18},"end":{"line":169,"column":36}},{"start":{"line":169,"column":40},"end":{"line":169,"column":50}}],"line":169},"15":{"loc":{"start":{"line":170,"column":18},"end":{"line":170,"column":50}},"type":"binary-expr","locations":[{"start":{"line":170,"column":18},"end":{"line":170,"column":36}},{"start":{"line":170,"column":40},"end":{"line":170,"column":50}}],"line":170},"16":{"loc":{"start":{"line":179,"column":23},"end":{"line":179,"column":62}},"type":"binary-expr","locations":[{"start":{"line":179,"column":23},"end":{"line":179,"column":31}},{"start":{"line":179,"column":35},"end":{"line":179,"column":44}},{"start":{"line":179,"column":48},"end":{"line":179,"column":62}}],"line":179},"17":{"loc":{"start":{"line":192,"column":20},"end":{"line":192,"column":45}},"type":"binary-expr","locations":[{"start":{"line":192,"column":20},"end":{"line":192,"column":32}},{"start":{"line":192,"column":36},"end":{"line":192,"column":45}}],"line":192}},"s":{"0":14,"1":14,"2":14,"3":14,"4":14,"5":14,"6":6,"7":0,"8":0,"9":2,"10":2,"11":2,"12":2,"13":2,"14":2,"15":0,"16":2,"17":0,"18":2,"19":2,"20":2,"21":2,"22":1,"23":1,"24":1,"25":1,"26":1,"27":1,"28":1,"29":1,"30":1,"31":0,"32":0,"33":0,"34":0,"35":0,"36":0,"37":0,"38":0,"39":0,"40":0,"41":14},"f":{"0":6,"1":0,"2":2,"3":0,"4":0},"b":{"0":[14,14],"1":[14,14],"2":[6,0],"3":[0,0],"4":[0,2],"5":[2,2,2],"6":[0,2],"7":[2,0],"8":[1,1],"9":[1,0],"10":[0,1],"11":[1,0],"12":[1,0],"13":[0,0],"14":[0,0],"15":[0,0],"16":[0,0,0],"17":[0,0]},"_coverageSchema":"1a1c01bbd47fc00a2c39e90264f33305004495a9","hash":"99f34eb5fdccf754a13a7723dfe3291cd335692e"}
,"/Users/vamsikolli/Projects/smart_travel_comp/travel-app-be/src/controllers/poiController.js": {"path":"/Users/vamsikolli/Projects/smart_travel_comp/travel-app-be/src/controllers/poiController.js","statementMap":{"0":{"start":{"line":1,"column":14},"end":{"line":1,"column":30}},"1":{"start":{"line":6,"column":4},"end":{"line":6,"column":47}},"2":{"start":{"line":10,"column":4},"end":{"line":10,"column":46}},"3":{"start":{"line":15,"column":4},"end":{"line":15,"column":36}},"4":{"start":{"line":16,"column":25},"end":{"line":16,"column":50}},"5":{"start":{"line":17,"column":30},"end":{"line":17,"column":60}},"6":{"start":{"line":19,"column":23},"end":{"line":19,"column":71}},"7":{"start":{"line":20,"column":18},"end":{"line":20,"column":78}},"8":{"start":{"line":21,"column":23},"end":{"line":21,"column":67}},"9":{"start":{"line":24,"column":2},"end":{"line":30,"column":17}},"10":{"start":{"line":25,"column":21},"end":{"line":27,"column":7}},"11":{"start":{"line":28,"column":21},"end":{"line":28,"column":65}},"12":{"start":{"line":29,"column":4},"end":{"line":29,"column":43}},"13":{"start":{"line":29,"column":23},"end":{"line":29,"column":43}},"14":{"start":{"line":31,"column":2},"end":{"line":31,"column":14}},"15":{"start":{"line":35,"column":2},"end":{"line":152,"column":3}},"16":{"start":{"line":49,"column":8},"end":{"line":49,"column":17}},"17":{"start":{"line":51,"column":23},"end":{"line":51,"column":59}},"18":{"start":{"line":54,"column":30},"end":{"line":54,"column":34}},"19":{"start":{"line":55,"column":4},"end":{"line":81,"column":5}},"20":{"start":{"line":56,"column":6},"end":{"line":56,"column":54}},"21":{"start":{"line":57,"column":11},"end":{"line":81,"column":5}},"22":{"start":{"line":59,"column":17},"end":{"line":59,"column":46}},"23":{"start":{"line":60,"column":6},"end":{"line":60,"column":44}},"24":{"start":{"line":61,"column":6},"end":{"line":70,"column":8}},"25":{"start":{"line":72,"column":6},"end":{"line":80,"column":10}},"26":{"start":{"line":83,"column":19},"end":{"line":83,"column":61}},"27":{"start":{"line":84,"column":24},"end":{"line":89,"column":6}},"28":{"start":{"line":90,"column":4},"end":{"line":101,"column":5}},"29":{"start":{"line":91,"column":6},"end":{"line":100,"column":10}},"30":{"start":{"line":102,"column":16},"end":{"line":108,"column":6}},"31":{"start":{"line":109,"column":4},"end":{"line":113,"column":7}},"32":{"start":{"line":116,"column":16},"end":{"line":116,"column":66}},"33":{"start":{"line":116,"column":31},"end":{"line":116,"column":65}},"34":{"start":{"line":117,"column":4},"end":{"line":124,"column":7}},"35":{"start":{"line":127,"column":21},"end":{"line":127,"column":23}},"36":{"start":{"line":128,"column":25},"end":{"line":128,"column":37}},"37":{"start":{"line":129,"column":23},"end":{"line":129,"column":70}},"38":{"start":{"line":130,"column":24},"end":{"line":130,"column":56}},"39":{"start":{"line":131,"column":18},"end":{"line":131,"column":46}},"40":{"start":{"line":132,"column":18},"end":{"line":132,"column":54}},"41":{"start":{"line":134,"column":4},"end":{"line":141,"column":7}},"42":{"start":{"line":143,"column":4},"end":{"line":143,"column":67}},"43":{"start":{"line":144,"column":19},"end":{"line":144,"column":56}},"44":{"start":{"line":146,"column":6},"end":{"line":146,"column":78}},"45":{"start":{"line":147,"column":4},"end":{"line":151,"column":8}},"46":{"start":{"line":156,"column":17},"end":{"line":156,"column":27}},"47":{"start":{"line":157,"column":15},"end":{"line":157,"column":37}},"48":{"start":{"line":158,"column":2},"end":{"line":211,"column":3}},"49":{"start":{"line":159,"column":24},"end":{"line":164,"column":6}},"50":{"start":{"line":165,"column":4},"end":{"line":176,"column":5}},"51":{"start":{"line":166,"column":6},"end":{"line":175,"column":10}},"52":{"start":{"line":178,"column":18},"end":{"line":178
[...]
mn":5}},{"start":{},"end":{}}],"line":170},"26":{"loc":{"start":{"line":173,"column":14},"end":{"line":173,"column":51}},"type":"cond-expr","locations":[{"start":{"line":173,"column":25},"end":{"line":173,"column":37}},{"start":{"line":173,"column":40},"end":{"line":173,"column":51}}],"line":173},"27":{"loc":{"start":{"line":202,"column":28},"end":{"line":202,"column":40}},"type":"default-arg","locations":[{"start":{"line":202,"column":38},"end":{"line":202,"column":40}}],"line":202},"28":{"loc":{"start":{"line":204,"column":4},"end":{"line":216,"column":5}},"type":"default-arg","locations":[{"start":{"line":204,"column":28},"end":{"line":216,"column":5}}],"line":204},"29":{"loc":{"start":{"line":217,"column":4},"end":{"line":217,"column":20}},"type":"default-arg","locations":[{"start":{"line":217,"column":16},"end":{"line":217,"column":20}}],"line":217},"30":{"loc":{"start":{"line":218,"column":4},"end":{"line":218,"column":18}},"type":"default-arg","locations":[{"start":{"line":218,"column":14},"end":{"line":218,"column":18}}],"line":218},"31":{"loc":{"start":{"line":219,"column":4},"end":{"line":219,"column":23}},"type":"default-arg","locations":[{"start":{"line":219,"column":17},"end":{"line":219,"column":23}}],"line":219},"32":{"loc":{"start":{"line":220,"column":4},"end":{"line":220,"column":19}},"type":"default-arg","locations":[{"start":{"line":220,"column":15},"end":{"line":220,"column":19}}],"line":220},"33":{"loc":{"start":{"line":221,"column":4},"end":{"line":221,"column":17}},"type":"default-arg","locations":[{"start":{"line":221,"column":13},"end":{"line":221,"column":17}}],"line":221},"34":{"loc":{"start":{"line":222,"column":4},"end":{"line":222,"column":67}},"type":"default-arg","locations":[{"start":{"line":222,"column":30},"end":{"line":222,"column":67}}],"line":222},"35":{"loc":{"start":{"line":236,"column":4},"end":{"line":240,"column":5}},"type":"if","locations":[{"start":{"line":236,"column":4},"end":{"line":240,"column":5}},{"start":{},"end":{}}],"line":236},"36":{"loc":{"start":{"line":244,"column":4},"end":{"line":252,"column":5}},"type":"if","locations":[{"start":{"line":244,"column":4},"end":{"line":252,"column":5}},{"start":{},"end":{}}],"line":244},"37":{"loc":{"start":{"line":248,"column":22},"end":{"line":248,"column":71}},"type":"cond-expr","locations":[{"start":{"line":248,"column":46},"end":{"line":248,"column":62}},{"start":{"line":248,"column":65},"end":{"line":248,"column":71}}],"line":248},"38":{"loc":{"start":{"line":255,"column":4},"end":{"line":257,"column":5}},"type":"if","locations":[{"start":{"line":255,"column":4},"end":{"line":257,"column":5}},{"start":{},"end":{}}],"line":255},"39":{"loc":{"start":{"line":260,"column":4},"end":{"line":262,"column":5}},"type":"if","locations":[{"start":{"line":260,"column":4},"end":{"line":262,"column":5}},{"start":{},"end":{}}],"line":260},"40":{"loc":{"start":{"line":265,"column":4},"end":{"line":267,"column":5}},"type":"if","locations":[{"start":{"line":265,"column":4},"end":{"line":267,"column":5}},{"start":{},"end":{}}],"line":265},"41":{"loc":{"start":{"line":270,"column":4},"end":{"line":272,"column":5}},"type":"if","locations":[{"start":{"line":270,"column":4},"end":{"line":272,"column":5}},{"start":{},"end":{}}],"line":270},"42":{"loc":{"start":{"line":275,"column":4},"end":{"line":277,"column":5}},"type":"if","locations":[{"start":{"line":275,"column":4},"end":{"line":277,"column":5}},{"start":{},"end":{}}],"line":275},"43":{"loc":{"start":{"line":280,"column":4},"end":{"line":282,"column":5}},"type":"if","locations":[{"start":{"line":280,"column":4},"end":{"line":282,"column":5}},{"start":{},"end":{}}],"line":280},"44":{"loc":{"start":{"line":280,"column":8},"end":{"line":280,"column":45}},"type":"binary-expr","locations":[{"start":{"line":280,"column":8},"end":{"line":280,"column":31}},{"start":{"line":280,"column":35},"end":{"line":280,"column":45}}],"line":280},"45":{"loc":{"start":{"line":302,"column":25},"end":{"line":302,"column":37}},"type":"default-arg","locations":[{"start":{"line":302,"column":35},"end":{"line":302,"column":37}}],"line":302},"46":{"loc":{"start":{"line":303,"column":10},"end":{"line":303,"column":40}},"type":"default-arg","locations":[{"start":{"line":303,"column":36},"end":{"line":303,"column":40}}],"line":303},"47":{"loc":{"start":{"line":315,"column":6},"end":{"line":333,"column":7}},"type":"if","locations":[{"start":{"line":315,"column":6},"end":{"line":333,"column":7}},{"start":{},"end":{}}],"line":315},"48":{"loc":{"start":{"line":318,"column":10},"end":{"line":320,"column":31}},"type":"binary-expr","locations":[{"start":{"line":318,"column":10},"end":{"line":318,"column":29}},{"start":{"line":319,"column":11},"end":{"line":319,"column":32}},{"start":{"line":319,"column":36},"end":{"line":319,"column":56}},{"start":{"line":320,"column":10},"end":{"line":320,"column":31}}],"line":318},"49":{"loc":{"start":{"line":322,"column":8},"end":{"line":332,"column":9}},"type":"if","locations":[{"start":{"line":322,"column":8},"end":{"line":332,"column":9}},{"start":{},"end":{}}],"line":322},"50":{"loc":{"start":{"line":325,"column":18},"end":{"line":325,"column":55}},"type":"cond-expr","locations":[{"start":{"line":325,"column":29},"end":{"line":325,"column":41}},{"start":{"line":325,"column":44},"end":{"line":325,"column":55}}],"line":325},"51":{"loc":{"start":{"line":348,"column":31},"end":{"line":348,"column":43}},"type":"default-arg","locations":[{"start":{"line":348,"column":41},"end":{"line":348,"column":43}}],"line":348},"52":{"loc":{"start":{"line":349,"column":10},"end":{"line":349,"column":28}},"type":"default-arg","locations":[{"start":{"line":349,"column":23},"end":{"line":349,"column":28}}],"line":349},"53":{"loc":{"start":{"line":364,"column":4},"end":{"line":369,"column":5}},"type":"if","locations":[{"start":{"line":364,"column":4},"end":{"line":369,"column":5}},{"start":{},"end":{}}],"line":364},"54":{"loc":{"start":{"line":365,"column":6},"end":{"line":366,"column":59}},"type":"binary-expr","locations":[{"start":{"line":365,"column":6},"end":{"line":365,"column":57}},{"start":{"line":366,"column":6},"end":{"line":366,"column":59}}],"line":365},"55":{"loc":{"start":{"line":374,"column":6},"end":{"line":375,"column":53}},"type":"binary-expr","locations":[{"start":{"line":374,"column":6},"end":{"line":374,"column":31}},{"start":{"line":375,"column":6},"end":{"line":375,"column":53}}],"line":374},"56":{"loc":{"start":{"line":376,"column":4},"end":{"line":384,"column":5}},"type":"if","locations":[{"start":{"line":376,"column":4},"end":{"line":384,"column":5}},{"start":{},"end":{}}],"line":376},"57":{"loc":{"start":{"line":392,"column":4},"end":{"line":413,"column":5}},"type":"if","locations":[{"start":{"line":392,"column":4},"end":{"line":413,"column":5}},{"start":{},"end":{}}],"line":392},"58":{"loc":{"start":{"line":395,"column":14},"end":{"line":395,"column":51}},"type":"cond-expr","locations":[{"start":{"line":395,"column":25},"end":{"line":395,"column":37}},{"start":{"line":395,"column":40},"end":{"line":395,"column":51}}],"line":395},"59":{"loc":{"start":{"line":402,"column":6},"end":{"line":412,"column":7}},"type":"if","locations":[{"start":{"line":402,"column":6},"end":{"line":412,"column":7}},{"start":{},"end":{}}],"line":402},"60":{"loc":{"start":{"line":416,"column":22},"end":{"line":416,"column":53}},"type":"binary-expr","locations":[{"start":{"line":416,"column":22},"end":{"line":416,"column":47}},{"start":{"line":416,"column":51},"end":{"line":416,"column":53}}],"line":416},"61":{"loc":{"start":{"line":418,"column":6},"end":{"line":421,"column":32}},"type":"binary-expr","locations":[{"start":{"line":418,"column":6},"end":{"line":418,"column":28}},{"start":{"line":419,"column":7},"end":{"line":419,"column":32}},{"start":{"line":419,"column":36},"end":{"line":419,"column":68}},{"start":{"line":420,"column":6},"end":{"line":420,"column":32}},{"start":{"line":421,"column":6},"end":{"line":421,"column":32}}],"line":418},"62":{"loc":{"start":{"line":423,"column":4},"end":{"line":441,"column":5}},"type":"if","locations":[{"start":{"line":423,"column":4},"end":{"line":441,"column":5}},{"start":{},"end":{}}],"line":423},"63":{"loc":{"start":{"line":423,"column":8},"end":{"line":423,"column":43}},"type":"binary-expr","locations":[{"start":{"line":423,"column":8},"end":{"line":423,"column":29}},{"start":{"line":423,"column":33},"end":{"line":423,"column":43}}],"line":423},"64":{"loc":{"start":{"line":426,"column":14},"end":{"line":426,"column":51}},"type":"cond-expr","locations":[{"start":{"line":426,"column":25},"end":{"line":426,"column":37}},{"start":{"line":426,"column":40},"end":{"line":426,"column":51}}],"line":426}},"s":{"0":16,"1":16,"2":0,"3":137,"4":2,"5":2,"6":0,"7":2,"8":2,"9":2,"10":0,"11":137,"12":137,"13":137,"14":137,"15":137,"16":137,"17":17,"18":17,"19":0,"20":17,"21":138,"22":138,"23":138,"24":138,"25":0,"26":138,"27":138,"28":269,"29":138,"30":33,"31":105,"32":95,"33":10,"34":10,"35":8,"36":2,"37":2,"38":0,"39":2,"40":2,"41":2,"42":0,"43":2,"44":2,"45":2,"46":2,"47":2,"48":0,"49":0,"50":2,"51":2,"52":2,"53":15,"54":15,"55":134,"56":134,"57":670,"58":134,"59":0,"60":0,"61":134,"62":134,"63":1206,"64":134,"65":134,"66":134,"67":134,"68":134,"69":134,"70":134,"71":134,"72":134,"73":134,"74":134,"75":134,"76":0,"77":134,"78":134,"79":134,"80":15,"81":15,"82":134,"83":134,"84":134,"85":134,"86":134,"87":134,"88":134,"89":51,"90":134,"91":134,"92":15,"93":15,"94":134,"95":134,"96":134,"97":670,"98":268,"99":64,"100":70,"101":70,"102":40,"103":40,"104":30,"105":30,"106":30,"107":30,"108":0,"109":0,"110":0,"111":30,"112":30,"113":30,"114":0,"115":0,"116":30,"117":30,"118":16},"f":{"0":0,"1":137,"2":2,"3":2,"4":137,"5":17,"6":138,"7":138,"8":269,"9":15,"10":134,"11":670,"12":1206,"13":15,"14":134,"15":134,"16":15,"17":134,"18":670,"19":268,"20":30},"b":{"0":[0],"1":[137],"2":[0,2],"3":[2,2],"4":[137,2],"5":[137,137],"6":[137,0],"7":[137,0],"8":[0],"9":[0],"10":[0],"11":[0],"12":[17],"13":[0,17],"14":[138,0,0],"15":[0,138],"16":[33,105],"17":[138,114],"18":[95,10],"19":[105,95],"20":[8,2],"21":[0,2],"22":[0,2],"23":[2,2],"24":[2,0],"25":[0,2],"26":[0,0],"27":[15],"28":[15],"29":[15],"30":[15],"31":[15],"32":[15],"33":[15],"34":[15],"35":[0,134],"36":[134,0],"37":[1206,0],"38":[134,0],"39":[134,0],"40":[134,0],"41":[134,0],"42":[134,0],"43":[0,134],"44":[134,134],"45":[0],"46":[0],"47":[134,0],"48":[134,134,51,109],"49":[51,83],"50":[22,29],"51":[0],"52":[0],"53":[64,70],"54":[134,134],"55":[70,40],"56":[40,30],"57":[0,30],"58":[0,0],"59":[0,0],"60":[30,0],"61":[30,30,0,30,30],"62":[0,30],"63":[30,0],"64":[0,0]},"_coverageSchema":"1a1c01bbd47fc00a2c39e90264f33305004495a9","hash":"a3835b69c32366b730bd116f39dd4bae1a1075ae"}
,"/Users/vamsikolli/Projects/smart_travel_comp/travel-app-be/src/utils/validation.js": {"path":"/Users/vamsikolli/Projects/smart_travel_comp/travel-app-be/src/utils/validation.js","statementMap":{"0":{"start":{"line":1,"column":25},"end":{"line":1,"column":73}},"1":{"start":{"line":2,"column":30},"end":{"line":2,"column":56}},"2":{"start":{"line":5,"column":2},"end":{"line":10,"column":3}},"3":{"start":{"line":6,"column":4},"end":{"line":9,"column":6}},"4":{"start":{"line":11,"column":18},"end":{"line":11,"column":38}},"5":{"start":{"line":12,"column":2},"end":{"line":14,"column":3}},"6":{"start":{"line":13,"column":4},"end":{"line":13,"column":60}},"7":{"start":{"line":15,"column":2},"end":{"line":20,"column":3}},"8":{"start":{"line":16,"column":4},"end":{"line":19,"column":6}},"9":{"start":{"line":21,"column":2},"end":{"line":21,"column":28}},"10":{"start":{"line":25,"column":2},"end":{"line":29,"column":5}},"11":{"start":{"line":33,"column":2},"end":{"line":35,"column":3}},"12":{"start":{"line":34,"column":4},"end":{"line":34,"column":45}},"13":{"start":{"line":36,"column":21},"end":{"line":36,"column":46}},"14":{"start":{"line":37,"column":2},"end":{"line":39,"column":3}},"15":{"start":{"line":38,"column":4},"end":{"line":38,"column":81}},"16":{"start":{"line":40,"column":2},"end":{"line":42,"column":3}},"17":{"start":{"line":41,"column":4},"end":{"line":41,"column":60}},"18":{"start":{"line":43,"column":2},"end":{"line":43,"column":31}},"19":{"start":{"line":47,"column":2},"end":{"line":47,"column":54}},"20":{"start":{"line":47,"column":13},"end":{"line":47,"column":54}},"21":{"start":{"line":48,"column":21},"end":{"line":48,"column":40}},"22":{"start":{"line":49,"column":2},"end":{"line":53,"column":3}},"23":{"start":{"line":50,"column":4},"end":{"line":52,"column":6}},"24":{"start":{"line":54,"column":2},"end":{"line":54,"column":31}},"25":{"start":{"line":58,"column":2},"end":{"line":60,"column":3}},"26":{"start":{"line":59,"column":4},"end":{"line":59,"column":37}},"27":{"start":{"line":61,"column":2},"end":{"line":63,"column":3}},"28":{"start":{"line":62,"column":4},"end":{"line":62,"column":75}},"29":{"start":{"line":64,"column":2},"end":{"line":64,"column":30}},"30":{"start":{"line":67,"column":0},"end":{"line":75,"column":2}}},"fnMap":{"0":{"name":"sanitizeString","decl":{"start":{"line":4,"column":9},"end":{"line":4,"column":23}},"loc":{"start":{"line":4,"column":94},"end":{"line":22,"column":1}},"line":4},"1":{"name":"sanitizeTextInput","decl":{"start":{"line":24,"column":9},"end":{"line":24,"column":26}},"loc":{"start":{"line":24,"column":48},"end":{"line":30,"column":1}},"line":24},"2":{"name":"normalizeLangPair","decl":{"start":{"line":32,"column":9},"end":{"line":32,"column":26}},"loc":{"start":{"line":32,"column":59},"end":{"line":44,"column":1}},"line":32},"3":{"name":"validateLangCode","decl":{"start":{"line":46,"column":9},"end":{"line":46,"column":25}},"loc":{"start":{"line":46,"column":61},"end":{"line":55,"column":1}},"line":46},"4":{"name":"ensureOwner","decl":{"start":{"line":57,"column":9},"end":{"line":57,"column":20}},"loc":{"start":{"line":57,"column":37},"end":{"line":65,"column":1}},"line":57}},"branchMap":{"0":{"loc":{"start":{"line":1,"column":32},"end":{"line":1,"column":72}},"type":"binary-expr","locations":[{"start":{"line":1,"column":32},"end":{"line":1,"column":65}},{"start":{"line":1,"column":69},"end":{"line":1,"column":72}}],"line":1},"1":{"loc":{"start":{"line":4,"column":31},"end":{"line":4,"column":92}},"type":"default-arg","locations":[{"start":{"line":4,"column":90},"end":{"line":4,"column":92}}],"line":4},"2":{"loc":{"start":{"line":4,"column":33},"end":{"line":4,"column":48}},"type":"default-arg","locations":[{"start":{"line":4,"column":45},"end":{"line":4,"column":48}}],"line":4},"3":{"loc":{"start":{"line":4,"column":50},"end":{"line":4,"column":65}},"type":"default-arg","locations":[{"start":{"line":4,"column":58},"end":{"line":4,"column":65}}],"line":4},"4":{"loc":{"start":{"line":4,"column":67},"end":{"line":4,"column":85}},"type":"default-arg","locations":[{"start":{"line":4,"column":80},"end":{"line":4,"column":85}}],"line":4},"5":{"loc":{"start":{"line":5,"column":2},"end":{"line":10,"column":3}},"type":"if","locations":[{"start":{"line":5,"column":2},"end":{"line":10,"column":3}},{"start":{},"end":{}}],"line":5},"6":{"loc":{"start":{"line":5,"column":6},"end":{"line":5,"column":43}},"type":"binary-expr","locations":[{"start":{"line":5,"column":6},"end":{"line":5,"column":25}},{"start":{"line":5,"column":29},"end":{"line":5,"column":43}}],"line":5},"7":{"loc":{"start":{"line":7,"column":13},"end":{"line":7,"column":55}},"type":"cond-expr","locations":[{"start":{"line":7,"column":26},"end":{"line":7,"column":30}},{"start":{"line":7,"column":33},"end":{"line":7,"column":55}}],"line":7},"8":{"loc":{"start":{"line":12,"column":2},"end":{"line":14,"column":3}},"type":"if","locations":[{"start":{"line":12,"column":2},"end":{"line":14,"column":3}},{"start":{},"end":{}}],"line":12},"9":{"loc":{"start":{"line":12,"column":6},"end":{"line":12,"column":29}},"type":"binary-expr","locations":[{"start":{"line":12,"column":6},"end":{"line":12,"column":14}},{"start":{"line":12,"column":18},"end":{"line":12,"column":29}}],"line":12},"10":{"loc":{"start":{"line":15,"column":2},"end":{"line":20,"column":3}},"type":"if","locations":[{"start":{"line":15,"column":2},"end":{"line":20,"column":3}},{"start":{},"end":{}}],"line":15},"11":{"loc":{"start":{"line":24,"column":34},"end":{"line":24,"column":46}},"type":"default-arg","locations":[{"start":{"line":24,"column":44},"end":{"line":24,"column":46}}],"line":24},"12":{"loc":{"start":{"line":26,"column":15},"end":{"line":26,"column":52}},"type":"binary-expr","locations":[{"start":{"line":26,"column":15},"end":{"line":26,"column":32}},{"start":{"line":26,"column":36},"end":{"line":26,"column":52}}],"line":26},"13":{"loc":{"start":{"line":27,"column":11},"end":{"line":27,"column":34}},"type":"binary-expr","locations":[{"start":{"line":27,"column":11},"end":{"line":27,"column":24}},{"start":{"line":27,"column":28},"end":{"line":27,"column":34}}],"line":27},"14":{"loc":{"start":{"line":32,"column":33},"end":{"line":32,"column":57}},"type":"default-arg","locations":[{"start":{"line":32,"column":48},"end":{"line":32,"column":57}}],"line":32},"15":{"loc":{"start":{"line":33,"column":2},"end":{"line":35,"column":3}},"type":"if","locations":[{"start":{"line":33,"column":2},"end":{"line":35,"column":3}},{"start":{},"end":{}}],"line":33},"16":{"loc":{"start":{"line":33,"column":6},"end":{"line":33,"column":39}},"type":"binary-expr","locations":[{"start":{"line":33,"column":6},"end":{"line":33,"column":11}},{"start":{"line":33,"column":15},"end":{"line":33,"column":39}}],"line":33},"17":{"loc":{"start":{"line":37,"column":2},"end":{"line":39,"column":3}},"type":"if","locations":[{"start":{"line":37,"column":2},"end":{"line":39,"column":3}},{"start":{},"end":{}}],"line":37},"18":{"loc":{"start":{"line":40,"column":2},"end":{"line":42,"column":3}},"type":"if","locations":[{"start":{"line":40,"column":2},"end":{"line":42,"column":3}},{"start":{},"end":{}}],"line":40},"19":{"loc":{"start":{"line":40,"column":6},"end":{"line":40,"column":56}},"type":"binary-expr","locations":[{"start":{"line":40,"column":6},"end":{"line":40,"column":23}},{"start":{"line":40,"column":27},"end":{"line":40,"column":56}}],"line":40},"20":{"loc":{"start":{"line":46,"column":32},"end":{"line":46,"column":59}},"type":"default-arg","locations":[{"start":{"line":46,"column":57},"end":{"line":46,"column":59}}],"line":46},"21":{"loc":{"start":{"line":46,"column":34},"end":{"line":46,"column":52}},"type":"default-arg","locations":[{"start":{"line":46,"column":42},"end":{"line":46,"column":52}}],"line":46},"22":{"loc":{"start":{"line":47,"column":2},"end":{"line":47,"column":54}},"type":"if","locations":[{"start":{"line":47,"column":2},"end":{"line":47,"column":54}},{"start":{},"end":{}}],"line":47},"23":{"loc":{"start":{"line":49,"column":2},"end":{"line":53,"column":3}},"type":"if","locations":[{"start":{"line":49,"column":2},"end":{"line":53,"column":3}},{"start":{},"end":{}}],"line":49},"24":{"loc":{"start":{"line":58,"column":2},"end":{"line":60,"column":3}},"type":"if","locations":[{"start":{"line":58,"column":2},"end":{"line":60,"column":3}},{"start":{},"end":{}}],"line":58},"25":{"loc":{"start":{"line":61,"column":2},"end":{"line":63,"column":3}},"type":"if","locations":[{"start":{"line":61,"column":2},"end":{"line":63,"column":3}},{"start":{},"end":{}}],"line":61}},"s":{"0":14,"1":14,"2":121,"3":3,"4":118,"5":118,"6":2,"7":116,"8":0,"9":116,"10":1,"11":0,"12":0,"13":0,"14":0,"15":0,"16":0,"17":0,"18":0,"19":3,"20":0,"21":3,"22":3,"23":0,"24":3,"25":5,"26":0,"27":5,"28":0,"29":5,"30":14},"f":{"0":121,"1":1,"2":0,"3":3,"4":5},"b":{"0":[14,0],"1":[0],"2":[57],"3":[0],"4":[82],"5":[3,118],"6":[121,118],"7":[2,1],"8":[2,116],"9":[118,29],"10":[0,116],"11":[0],"12":[1,1],"13":[1,0],"14":[0],"15":[0,0],"16":[0,0],"17":[0,0],"18":[0,0],"19":[0,0],"20":[0],"21":[0],"22":[0,3],"23":[0,3],"24":[0,5],"25":[0,5]},"_coverageSchema":"1a1c01bbd47fc00a2c39e90264f33305004495a9","hash":"1902f21a4f2075c494dc6c5851ea77b941688cd1"}
}
