TN:
SF:src/app.js
FN:40,(anonymous_0)
FN:108,createApp
FN:114,(anonymous_2)
FN:163,(anonymous_3)
FN:165,(anonymous_4)
FN:172,(anonymous_5)
FN:182,(anonymous_6)
FN:184,(anonymous_7)
FN:204,(anonymous_8)
FN:214,(anonymous_9)
FN:215,(anonymous_10)
FN:217,(anonymous_11)
FN:220,(anonymous_12)
FN:236,(anonymous_13)
FN:251,(anonymous_14)
FN:269,(anonymous_15)
FNF:16
FNH:12
FNDA:14,(anonymous_0)
FNDA:15,createApp
FNDA:137,(anonymous_2)
FNDA:136,(anonymous_3)
FNDA:272,(anonymous_4)
FNDA:105,(anonymous_5)
FNDA:134,(anonymous_6)
FNDA:268,(anonymous_7)
FNDA:128,(anonymous_8)
FNDA:45,(anonymous_9)
FNDA:30,(anonymous_10)
FNDA:0,(anonymous_11)
FNDA:0,(anonymous_12)
FNDA:0,(anonymous_13)
FNDA:2,(anonymous_14)
FNDA:0,(anonymous_15)
DA:1,14
DA:3,14
DA:5,14
DA:6,14
DA:7,14
DA:8,14
DA:9,14
DA:10,14
DA:11,14
DA:12,14
DA:13,14
DA:14,14
DA:15,14
DA:16,14
DA:17,14
DA:23,14
DA:28,14
DA:34,14
DA:35,14
DA:36,14
DA:39,14
DA:40,14
DA:49,14
DA:50,14
DA:51,14
DA:52,14
DA:54,14
DA:55,0
DA:61,14
DA:68,14
DA:100,14
DA:109,15
DA:110,15
DA:112,15
DA:115,137
DA:116,136
DA:118,1
DA:125,15
DA:150,15
DA:151,15
DA:154,15
DA:157,15
DA:162,15
DA:163,15
DA:164,136
DA:165,272
DA:166,0
DA:168,136
DA:172,15
DA:173,105
DA:177,15
DA:182,15
DA:183,134
DA:184,268
DA:185,0
DA:187,134
DA:191,15
DA:192,15
DA:193,15
DA:196,15
DA:204,15
DA:205,128
DA:206,128
DA:211,128
DA:214,45
DA:215,30
DA:217,15
DA:218,0
DA:219,0
DA:220,0
DA:222,0
DA:223,0
DA:236,15
DA:237,0
DA:238,0
DA:239,0
DA:241,0
DA:242,0
DA:251,15
DA:252,2
DA:260,15
DA:261,15
DA:262,15
DA:263,15
DA:264,15
DA:265,15
DA:266,15
DA:267,15
DA:269,15
DA:270,0
DA:277,15
DA:279,15
DA:282,14
LF:93
LH:79
BRDA:3,0,0,14
BRDA:3,0,1,0
BRDA:39,1,0,14
BRDA:39,1,1,0
BRDA:49,2,0,14
BRDA:49,2,1,0
BRDA:50,3,0,14
BRDA:50,3,1,0
BRDA:51,4,0,14
BRDA:51,4,1,0
BRDA:54,5,0,0
BRDA:54,5,1,14
BRDA:115,6,0,136
BRDA:115,6,1,1
BRDA:115,7,0,137
BRDA:115,7,1,2
BRDA:164,8,0,136
BRDA:164,8,1,0
BRDA:165,9,0,0
BRDA:165,9,1,136
BRDA:183,10,0,134
BRDA:183,10,1,0
BRDA:184,11,0,0
BRDA:184,11,1,134
BRDA:205,12,0,128
BRDA:205,12,1,26
BRDA:238,13,0,0
BRDA:238,13,1,0
BRDA:255,14,0,2
BRDA:255,14,1,2
BRDA:255,14,2,2
BRDA:256,15,0,2
BRDA:256,15,1,0
BRF:33
BRH:20
end_of_record
TN:
SF:src/config/firebaseAdmin.js
FN:5,loadServiceAccount
FNF:1
FNH:1
FNDA:14,loadServiceAccount
DA:1,14
DA:6,14
DA:9,14
DA:10,14
DA:11,0
DA:16,14
DA:17,14
DA:20,14
DA:22,14
DA:23,0
DA:26,14
DA:28,0
DA:35,14
DA:36,14
DA:37,14
DA:39,14
DA:46,14
DA:47,14
DA:49,14
LF:19
LH:16
BRDA:6,0,0,0
BRDA:6,0,1,14
BRDA:9,1,0,14
BRDA:9,1,1,0
BRDA:10,2,0,0
BRDA:10,2,1,14
BRDA:17,3,0,0
BRDA:17,3,1,14
BRDA:22,4,0,0
BRDA:22,4,1,14
BRDA:35,5,0,14
BRDA:35,5,1,0
BRF:12
BRH:6
end_of_record
TN:
SF:src/controllers/culturalEtiquetteController.js
FN:10,(anonymous_0)
FNF:1
FNH:1
FNDA:2,(anonymous_0)
DA:8,14
DA:10,14
DA:11,2
DA:16,2
DA:20,0
DA:25,0
LF:6
LH:4
BRF:0
BRH:0
end_of_record
TN:
SF:src/controllers/cultureIntelligenceController.js
FN:15,normalizeSlug
FN:24,normalizeLanguage
FN:32,buildBriefCacheKey
FN:39,getBriefFromCache
FN:65,saveBriefToCache
FN:82,validateBriefCategories
FN:97,buildBriefSystemPrompt
FN:127,safeParseJsonResponse
FN:153,getBrief
FN:306,askQuestion
FN:339,(anonymous_10)
FN:399,(anonymous_11)
FN:438,getContextualTips
FN:545,(anonymous_13)
FNF:14
FNH:13
FNDA:50,normalizeSlug
FNDA:52,normalizeLanguage
FNDA:25,buildBriefCacheKey
FNDA:25,getBriefFromCache
FNDA:3,saveBriefToCache
FNDA:3,validateBriefCategories
FNDA:25,buildBriefSystemPrompt
FNDA:6,safeParseJsonResponse
FNDA:26,getBrief
FNDA:2,askQuestion
FNDA:0,(anonymous_10)
FNDA:1,(anonymous_11)
FNDA:2,getContextualTips
FNDA:1,(anonymous_13)
DA:1,14
DA:2,14
DA:7,14
DA:8,14
DA:10,14
DA:11,14
DA:13,14
DA:16,50
DA:17,50
DA:25,52
DA:29,52
DA:33,25
DA:34,25
DA:35,25
DA:36,25
DA:40,25
DA:41,25
DA:42,25
DA:43,0
DA:45,0
DA:46,0
DA:48,0
DA:49,0
DA:51,0
DA:55,0
DA:58,0
DA:60,25
DA:61,25
DA:66,3
DA:67,3
DA:68,3
DA:78,3
DA:83,3
DA:84,3
DA:85,15
DA:86,15
DA:87,0
DA:98,25
DA:128,6
DA:129,0
DA:132,6
DA:133,6
DA:135,1
DA:136,1
DA:137,0
DA:138,0
DA:140,0
DA:146,1
DA:154,26
DA:161,26
DA:163,26
DA:166,26
DA:167,1
DA:178,25
DA:182,25
DA:183,25
DA:185,25
DA:188,25
DA:192,25
DA:193,25
DA:194,25
DA:195,25
DA:196,0
DA:200,25
DA:201,25
DA:216,25
DA:224,4
DA:225,4
DA:234,1
DA:238,1
DA:249,3
DA:265,3
DA:266,3
DA:268,0
DA:272,0
DA:283,3
DA:285,3
DA:287,21
DA:291,21
DA:307,2
DA:309,2
DA:311,2
DA:314,2
DA:315,1
DA:320,1
DA:324,1
DA:325,0
DA:332,1
DA:336,1
DA:338,1
DA:339,0
DA:346,1
DA:358,1
DA:366,1
DA:374,1
DA:375,1
DA:382,0
DA:386,0
DA:397,1
DA:398,1
DA:399,1
DA:402,1
DA:403,0
DA:414,1
DA:419,0
DA:423,0
DA:439,2
DA:452,2
DA:454,2
DA:458,2
DA:459,1
DA:470,1
DA:474,1
DA:476,1
DA:501,1
DA:512,1
DA:520,1
DA:521,1
DA:528,0
DA:532,0
DA:543,1
DA:544,1
DA:545,1
DA:547,1
DA:548,0
DA:551,1
DA:553,1
DA:554,0
DA:565,1
DA:567,0
DA:571,0
DA:583,14
LF:132
LH:103
BRDA:13,0,0,14
BRDA:13,0,1,14
BRDA:16,1,0,0
BRDA:16,1,1,50
BRDA:16,2,0,50
BRDA:16,2,1,50
BRDA:25,3,0,52
BRDA:25,3,1,0
BRDA:29,4,0,52
BRDA:29,4,1,0
BRDA:33,5,0,25
BRDA:33,5,1,0
BRDA:34,6,0,25
BRDA:34,6,1,0
BRDA:34,7,0,25
BRDA:34,7,1,0
BRDA:43,8,0,0
BRDA:43,8,1,0
BRDA:46,9,0,0
BRDA:46,9,1,0
BRDA:46,10,0,0
BRDA:46,10,1,0
BRDA:46,10,2,0
BRDA:48,11,0,0
BRDA:48,11,1,0
BRDA:51,12,0,0
BRDA:51,12,1,0
BRDA:52,13,0,0
BRDA:52,13,1,0
BRDA:86,14,0,0
BRDA:86,14,1,15
BRDA:86,15,0,15
BRDA:86,15,1,15
BRDA:128,16,0,0
BRDA:128,16,1,6
BRDA:128,17,0,6
BRDA:128,17,1,6
BRDA:136,18,0,0
BRDA:136,18,1,1
BRDA:161,19,0,26
BRDA:161,19,1,0
BRDA:166,20,0,1
BRDA:166,20,1,25
BRDA:178,21,0,25
BRDA:178,21,1,25
BRDA:182,22,0,25
BRDA:182,22,1,25
BRDA:183,23,0,25
BRDA:183,23,1,25
BRDA:186,24,0,25
BRDA:186,24,1,25
BRDA:186,24,2,25
BRDA:193,25,0,25
BRDA:193,25,1,0
BRDA:195,26,0,0
BRDA:195,26,1,25
BRDA:250,27,0,3
BRDA:250,27,1,0
BRDA:251,28,0,3
BRDA:251,28,1,0
BRDA:252,29,0,3
BRDA:252,29,1,0
BRDA:254,30,0,3
BRDA:254,30,1,0
BRDA:254,30,2,0
BRDA:255,31,0,3
BRDA:255,31,1,0
BRDA:255,31,2,0
BRDA:256,32,0,3
BRDA:256,32,1,0
BRDA:256,32,2,0
BRDA:257,33,0,3
BRDA:257,33,1,0
BRDA:257,33,2,0
BRDA:258,34,0,3
BRDA:258,34,1,0
BRDA:258,34,2,0
BRDA:260,35,0,3
BRDA:260,35,1,0
BRDA:260,35,2,0
BRDA:262,36,0,3
BRDA:262,36,1,3
BRDA:309,37,0,2
BRDA:309,37,1,0
BRDA:314,38,0,1
BRDA:314,38,1,1
BRDA:324,39,0,0
BRDA:324,39,1,1
BRDA:332,40,0,1
BRDA:332,40,1,1
BRDA:336,41,0,1
BRDA:336,41,1,1
BRDA:338,42,0,0
BRDA:338,42,1,1
BRDA:340,43,0,0
BRDA:340,43,1,0
BRDA:340,43,2,0
BRDA:341,44,0,0
BRDA:341,44,1,0
BRDA:341,44,2,0
BRDA:360,45,0,1
BRDA:360,45,1,1
BRDA:397,46,0,1
BRDA:397,46,1,0
BRDA:398,47,0,1
BRDA:398,47,1,0
BRDA:402,48,0,0
BRDA:402,48,1,1
BRDA:452,49,0,2
BRDA:452,49,1,0
BRDA:454,50,0,2
BRDA:454,50,1,0
BRDA:458,51,0,1
BRDA:458,51,1,1
BRDA:470,52,0,1
BRDA:470,52,1,0
BRDA:474,53,0,1
BRDA:474,53,1,1
BRDA:478,54,0,1
BRDA:478,54,1,0
BRDA:481,55,0,1
BRDA:481,55,1,0
BRDA:483,56,0,1
BRDA:483,56,1,0
BRDA:484,57,0,1
BRDA:484,57,1,0
BRDA:485,58,0,1
BRDA:485,58,1,0
BRDA:489,59,0,0
BRDA:489,59,1,1
BRDA:491,60,0,0
BRDA:491,60,1,0
BRDA:492,61,0,0
BRDA:492,61,1,0
BRDA:497,62,0,0
BRDA:497,62,1,1
BRDA:497,63,0,0
BRDA:497,63,1,0
BRDA:497,63,2,0
BRDA:498,64,0,0
BRDA:498,64,1,1
BRDA:498,65,0,0
BRDA:498,65,1,0
BRDA:498,65,2,0
BRDA:544,66,0,1
BRDA:544,66,1,0
BRDA:547,67,0,0
BRDA:547,67,1,1
BRDA:547,68,0,1
BRDA:547,68,1,0
BRDA:551,69,0,0
BRDA:551,69,1,1
BRDA:553,70,0,0
BRDA:553,70,1,1
BRF:154
BRH:76
end_of_record
TN:
SF:src/controllers/itineraryController.js
FN:21,sanitizeStr
FN:25,toInt
FN:30,sampleItinerary
FN:34,(anonymous_3)
FN:37,(anonymous_4)
FN:49,(anonymous_5)
FN:51,(anonymous_6)
FN:66,generateItinerary
FNF:8
FNH:8
FNDA:56,sanitizeStr
FNDA:8,toInt
FNDA:1,sampleItinerary
FNDA:1,(anonymous_3)
FNDA:6,(anonymous_4)
FNDA:2,(anonymous_5)
FNDA:6,(anonymous_6)
FNDA:8,generateItinerary
DA:1,14
DA:6,14
DA:10,14
DA:11,14
DA:12,14
DA:14,14
DA:17,14
DA:22,56
DA:26,8
DA:27,8
DA:31,1
DA:32,1
DA:34,1
DA:37,6
DA:49,2
DA:51,6
DA:54,1
DA:67,8
DA:68,8
DA:69,8
DA:70,8
DA:71,8
DA:72,8
DA:73,8
DA:74,8
DA:75,8
DA:76,8
DA:77,8
DA:79,8
DA:80,0
DA:89,8
DA:90,1
DA:91,1
DA:92,1
DA:94,1
DA:97,7
DA:98,6
DA:99,6
DA:100,5
DA:106,1
DA:109,1
DA:116,8
DA:118,8
DA:120,1
DA:121,1
DA:124,7
DA:131,7
DA:186,7
DA:192,7
DA:193,1
DA:205,6
DA:211,6
DA:218,6
DA:219,6
DA:221,1
DA:222,1
DA:225,5
DA:227,0
DA:228,0
DA:231,5
DA:233,1
DA:234,1
DA:246,14
LF:63
LH:60
BRDA:15,0,0,14
BRDA:15,0,1,14
BRDA:18,1,0,14
BRDA:18,1,1,14
BRDA:21,2,0,56
BRDA:22,3,0,47
BRDA:22,3,1,9
BRDA:25,4,0,0
BRDA:27,5,0,8
BRDA:27,5,1,0
BRDA:27,6,0,8
BRDA:27,6,1,8
BRDA:31,7,0,0
BRDA:31,7,1,1
BRDA:31,8,0,1
BRDA:31,8,1,0
BRDA:40,9,0,6
BRDA:40,9,1,0
BRDA:70,10,0,1
BRDA:70,10,1,7
BRDA:71,11,0,1
BRDA:71,11,1,7
BRDA:72,12,0,8
BRDA:72,12,1,4
BRDA:73,13,0,8
BRDA:73,13,1,7
BRDA:74,14,0,8
BRDA:74,14,1,6
BRDA:75,15,0,8
BRDA:75,15,1,8
BRDA:76,16,0,8
BRDA:76,16,1,7
BRDA:77,17,0,8
BRDA:77,17,1,8
BRDA:79,18,0,0
BRDA:79,18,1,8
BRDA:79,19,0,8
BRDA:79,19,1,7
BRDA:79,19,2,1
BRDA:79,20,0,1
BRDA:79,20,1,1
BRDA:89,21,0,1
BRDA:89,21,1,7
BRDA:94,22,0,1
BRDA:94,22,1,0
BRDA:95,23,0,1
BRDA:95,23,1,0
BRDA:97,24,0,6
BRDA:97,24,1,1
BRDA:102,25,0,5
BRDA:102,25,1,0
BRDA:118,26,0,1
BRDA:118,26,1,7
BRDA:187,27,0,7
BRDA:187,27,1,0
BRDA:192,28,0,1
BRDA:192,28,1,6
BRDA:213,29,0,6
BRDA:213,29,1,0
BRDA:222,30,0,1
BRDA:222,30,1,0
BRDA:225,31,0,0
BRDA:225,31,1,5
BRDA:225,32,0,5
BRDA:225,32,1,5
BRDA:240,33,0,1
BRDA:240,33,1,0
BRF:67
BRH:53
end_of_record
TN:
SF:src/controllers/phrasebookController.js
FN:17,sanitizeStr
FN:20,clamp
FN:25,generatePhrases
FN:172,(anonymous_3)
FN:179,(anonymous_4)
FNF:5
FNH:2
FNDA:6,sanitizeStr
FNDA:0,clamp
FNDA:2,generatePhrases
FNDA:0,(anonymous_3)
FNDA:0,(anonymous_4)
DA:1,14
DA:6,14
DA:7,14
DA:8,14
DA:10,14
DA:13,14
DA:18,6
DA:21,0
DA:22,0
DA:26,2
DA:27,2
DA:28,2
DA:29,2
DA:30,2
DA:33,2
DA:34,0
DA:45,2
DA:46,0
DA:57,2
DA:68,2
DA:114,2
DA:120,2
DA:121,1
DA:133,1
DA:139,1
DA:146,1
DA:147,1
DA:149,1
DA:150,1
DA:153,1
DA:154,1
DA:167,0
DA:173,0
DA:174,0
DA:175,0
DA:176,0
DA:177,0
DA:179,0
DA:182,0
DA:184,0
DA:185,0
DA:198,14
LF:42
LH:28
BRDA:11,0,0,14
BRDA:11,0,1,14
BRDA:14,1,0,14
BRDA:14,1,1,14
BRDA:18,2,0,6
BRDA:18,2,1,0
BRDA:21,3,0,0
BRDA:21,3,1,0
BRDA:33,4,0,0
BRDA:33,4,1,2
BRDA:33,5,0,2
BRDA:33,5,1,2
BRDA:33,5,2,2
BRDA:45,6,0,0
BRDA:45,6,1,2
BRDA:115,7,0,2
BRDA:115,7,1,0
BRDA:120,8,0,1
BRDA:120,8,1,1
BRDA:141,9,0,1
BRDA:141,9,1,0
BRDA:150,10,0,0
BRDA:150,10,1,1
BRDA:153,11,0,1
BRDA:153,11,1,0
BRDA:153,12,0,1
BRDA:153,12,1,0
BRDA:168,13,0,0
BRDA:168,13,1,0
BRDA:169,14,0,0
BRDA:169,14,1,0
BRDA:170,15,0,0
BRDA:170,15,1,0
BRDA:179,16,0,0
BRDA:179,16,1,0
BRDA:179,16,2,0
BRDA:192,17,0,0
BRDA:192,17,1,0
BRF:38
BRH:17
end_of_record
TN:
SF:src/controllers/poiController.js
FN:23,wikiSummary
FN:34,search
FN:116,(anonymous_2)
FN:155,details
FNF:4
FNH:4
FNDA:1,wikiSummary
FNDA:2,search
FNDA:1,(anonymous_2)
FNDA:2,details
DA:1,14
DA:6,14
DA:10,14
DA:15,14
DA:16,14
DA:17,14
DA:19,14
DA:20,14
DA:21,14
DA:24,1
DA:25,1
DA:28,1
DA:29,1
DA:31,0
DA:35,2
DA:49,2
DA:51,2
DA:54,2
DA:55,2
DA:56,1
DA:57,1
DA:59,0
DA:60,0
DA:61,0
DA:72,1
DA:83,1
DA:84,1
DA:90,1
DA:91,0
DA:102,1
DA:109,1
DA:116,1
DA:117,1
DA:127,1
DA:128,1
DA:129,1
DA:130,1
DA:131,1
DA:132,1
DA:134,1
DA:143,0
DA:144,0
DA:146,0
DA:147,0
DA:156,2
DA:157,2
DA:158,2
DA:159,2
DA:165,2
DA:166,0
DA:178,2
DA:179,2
DA:184,2
DA:185,1
DA:193,1
DA:194,1
DA:195,1
DA:198,1
DA:202,1
DA:204,0
DA:205,0
DA:206,0
DA:214,14
LF:63
LH:50
BRDA:19,0,0,14
BRDA:19,0,1,14
BRDA:20,1,0,14
BRDA:20,1,1,14
BRDA:23,2,0,0
BRDA:29,3,0,1
BRDA:29,3,1,0
BRDA:47,4,0,2
BRDA:48,5,0,2
BRDA:51,6,0,2
BRDA:51,6,1,0
BRDA:55,7,0,1
BRDA:55,7,1,1
BRDA:55,8,0,2
BRDA:55,8,1,1
BRDA:57,9,0,0
BRDA:57,9,1,1
BRDA:83,10,0,1
BRDA:83,10,1,1
BRDA:85,11,0,1
BRDA:85,11,1,0
BRDA:90,12,0,0
BRDA:90,12,1,1
BRDA:111,13,0,1
BRDA:111,13,1,0
BRDA:112,14,0,1
BRDA:112,14,1,1
BRDA:144,15,0,0
BRDA:144,15,1,0
BRDA:144,15,2,0
BRDA:146,16,0,0
BRDA:146,16,1,0
BRDA:146,16,2,0
BRDA:157,17,0,2
BRDA:157,17,1,2
BRDA:160,18,0,2
BRDA:160,18,1,0
BRDA:165,19,0,0
BRDA:165,19,1,2
BRDA:181,20,0,2
BRDA:181,20,1,0
BRDA:184,21,0,1
BRDA:184,21,1,1
BRDA:193,22,0,1
BRDA:193,22,1,1
BRDA:194,23,0,1
BRDA:194,23,1,0
BRDA:194,24,0,1
BRDA:194,24,1,1
BRDA:195,25,0,1
BRDA:195,25,1,0
BRDA:205,26,0,0
BRDA:205,26,1,0
BRDA:205,26,2,0
BRF:54
BRH:33
end_of_record
TN:
SF:src/controllers/savedPhraseController.js
FN:13,(anonymous_0)
FN:15,(anonymous_1)
FN:24,(anonymous_2)
FN:47,(anonymous_3)
FN:66,buildPhrasePayload
FN:120,(anonymous_5)
FN:170,(anonymous_6)
FNF:7
FNH:6
FNDA:4,(anonymous_0)
FNDA:0,(anonymous_1)
FNDA:1,(anonymous_2)
FNDA:1,(anonymous_3)
FNDA:3,buildPhrasePayload
FNDA:3,(anonymous_5)
FNDA:1,(anonymous_6)
DA:1,14
DA:6,14
DA:11,14
DA:13,14
DA:15,14
DA:16,0
DA:24,14
DA:25,1
DA:26,1
DA:27,1
DA:28,0
DA:41,1
DA:47,1
DA:49,0
DA:50,0
DA:51,0
DA:52,0
DA:53,0
DA:67,3
DA:73,3
DA:74,3
DA:75,7
DA:80,7
DA:81,6
DA:84,2
DA:90,2
DA:97,2
DA:100,2
DA:102,2
DA:105,2
DA:107,2
DA:120,14
DA:121,3
DA:122,3
DA:123,3
DA:124,0
DA:137,3
DA:138,3
DA:139,1
DA:146,2
DA:154,2
DA:156,0
DA:157,0
DA:170,14
DA:171,1
DA:172,1
DA:173,1
DA:174,0
DA:187,1
DA:192,1
DA:193,1
DA:194,1
DA:197,0
DA:198,0
DA:200,0
DA:201,0
LF:56
LH:41
BRDA:18,0,0,0
BRDA:18,0,1,0
BRDA:19,1,0,0
BRDA:19,1,1,0
BRDA:27,2,0,0
BRDA:27,2,1,1
BRDA:29,3,0,0
BRDA:29,3,1,0
BRDA:32,4,0,0
BRDA:32,4,1,0
BRDA:33,5,0,0
BRDA:33,5,1,0
BRDA:50,6,0,0
BRDA:50,6,1,0
BRDA:50,7,0,0
BRDA:50,7,1,0
BRDA:50,7,2,0
BRDA:66,8,0,0
BRDA:80,9,0,1
BRDA:80,9,1,6
BRDA:97,10,0,1
BRDA:97,10,1,1
BRDA:97,11,0,2
BRDA:97,11,1,1
BRDA:100,12,0,0
BRDA:100,12,1,2
BRDA:105,13,0,0
BRDA:105,13,1,2
BRDA:123,14,0,0
BRDA:123,14,1,3
BRDA:125,15,0,0
BRDA:125,15,1,0
BRDA:128,16,0,0
BRDA:128,16,1,0
BRDA:129,17,0,0
BRDA:129,17,1,0
BRDA:137,18,0,3
BRDA:137,18,1,0
BRDA:138,19,0,1
BRDA:138,19,1,2
BRDA:173,20,0,0
BRDA:173,20,1,1
BRDA:175,21,0,0
BRDA:175,21,1,0
BRDA:178,22,0,0
BRDA:178,22,1,0
BRDA:179,23,0,0
BRDA:179,23,1,0
BRDA:193,24,0,1
BRDA:193,24,1,0
BRF:50
BRH:15
end_of_record
TN:
SF:src/controllers/translationController.js
FN:26,getTranslator
FN:31,(anonymous_1)
FN:40,(anonymous_2)
FN:90,(anonymous_3)
FN:94,(anonymous_4)
FNF:5
FNH:0
FNDA:0,getTranslator
FNDA:0,(anonymous_1)
FNDA:0,(anonymous_2)
FNDA:0,(anonymous_3)
FNDA:0,(anonymous_4)
DA:1,12
DA:6,12
DA:8,12
DA:23,12
DA:24,12
DA:27,0
DA:28,0
DA:30,0
DA:31,0
DA:32,0
DA:33,0
DA:35,0
DA:37,0
DA:40,12
DA:41,0
DA:42,0
DA:44,0
DA:48,0
DA:49,0
DA:60,0
DA:61,0
DA:62,0
DA:73,0
DA:74,0
DA:75,0
DA:77,0
DA:78,0
DA:90,12
DA:91,0
DA:92,0
DA:94,0
DA:97,0
DA:98,0
DA:99,0
DA:100,0
DA:101,0
DA:104,0
DA:106,0
DA:107,0
LF:39
LH:7
BRDA:24,0,0,12
BRDA:24,0,1,0
BRDA:27,1,0,0
BRDA:27,1,1,0
BRDA:30,2,0,0
BRDA:30,2,1,0
BRDA:42,3,0,0
BRDA:42,3,1,0
BRDA:48,4,0,0
BRDA:48,4,1,0
BRDA:61,5,0,0
BRDA:61,5,1,0
BRDA:75,6,0,0
BRDA:75,6,1,0
BRDA:92,7,0,0
BRDA:92,7,1,0
BRDA:99,8,0,0
BRDA:99,8,1,0
BRF:18
BRH:1
end_of_record
TN:
SF:src/lib/openrouterClient.js
FN:12,chatComplete
FNF:1
FNH:1
FNDA:21,chatComplete
DA:1,10
DA:3,10
DA:4,10
DA:13,21
DA:14,0
DA:17,21
DA:26,21
DA:36,21
DA:37,21
DA:38,0
DA:40,0
DA:44,21
DA:45,0
DA:46,0
DA:49,10
LF:15
LH:10
BRDA:4,0,0,10
BRDA:4,0,1,0
BRDA:12,1,0,0
BRDA:12,2,0,0
BRDA:13,3,0,0
BRDA:13,3,1,21
BRDA:36,4,0,21
BRDA:36,4,1,0
BRDA:38,5,0,0
BRDA:38,5,1,0
BRDA:38,6,0,0
BRDA:38,6,1,0
BRDA:45,7,0,0
BRDA:45,7,1,0
BRF:14
BRH:3
end_of_record
TN:
SF:src/middleware/authenticate.js
FN:9,extractRoles
FN:13,(anonymous_1)
FN:17,(anonymous_2)
FN:33,resolveUserFromRequest
FN:67,hydrateRequestWithUser
FN:83,attachUserContext
FN:103,requireAuth
FN:106,authenticate
FN:123,(anonymous_8)
FNF:9
FNH:8
FNDA:103,extractRoles
FNDA:103,(anonymous_1)
FNDA:0,(anonymous_2)
FNDA:137,resolveUserFromRequest
FNDA:103,hydrateRequestWithUser
FNDA:136,attachUserContext
FNDA:188,requireAuth
FNDA:102,authenticate
FNDA:101,(anonymous_8)
DA:1,14
DA:6,14
DA:7,14
DA:10,103
DA:12,103
DA:13,103
DA:16,103
DA:17,0
DA:18,103
DA:19,0
DA:22,103
DA:23,5
DA:26,103
DA:27,0
DA:30,103
DA:34,137
DA:35,137
DA:36,34
DA:37,1
DA:39,33
DA:42,103
DA:43,103
DA:44,103
DA:46,103
DA:47,0
DA:48,0
DA:49,0
DA:52,103
DA:53,0
DA:54,0
DA:55,0
DA:58,103
DA:59,0
DA:60,0
DA:61,0
DA:64,103
DA:68,103
DA:69,103
DA:70,103
DA:71,103
DA:72,103
DA:84,136
DA:85,136
DA:88,136
DA:89,103
DA:92,0
DA:93,0
DA:99,136
DA:104,188
DA:106,188
DA:107,102
DA:108,102
DA:109,102
DA:111,102
DA:112,101
DA:113,101
DA:115,1
DA:118,0
DA:119,0
DA:120,0
DA:123,101
DA:124,101
DA:125,4
DA:127,97
DA:129,101
DA:130,1
DA:137,1
DA:138,0
DA:140,1
DA:151,100
DA:153,1
DA:158,1
DA:167,14
LF:73
LH:55
BRDA:9,0,0,0
BRDA:12,1,0,103
BRDA:12,1,1,0
BRDA:16,2,0,0
BRDA:16,2,1,103
BRDA:18,3,0,0
BRDA:18,3,1,103
BRDA:22,4,0,5
BRDA:22,4,1,98
BRDA:26,5,0,0
BRDA:26,5,1,103
BRDA:33,6,0,0
BRDA:33,7,0,0
BRDA:34,8,0,137
BRDA:34,8,1,34
BRDA:35,9,0,34
BRDA:35,9,1,103
BRDA:36,10,0,1
BRDA:36,10,1,33
BRDA:46,11,0,0
BRDA:46,11,1,103
BRDA:52,12,0,0
BRDA:52,12,1,103
BRDA:58,13,0,0
BRDA:58,13,1,103
BRDA:58,14,0,103
BRDA:58,14,1,0
BRDA:88,15,0,103
BRDA:88,15,1,33
BRDA:103,16,0,15
BRDA:104,17,0,15
BRDA:104,18,0,188
BRDA:111,19,0,101
BRDA:111,19,1,1
BRDA:111,20,0,102
BRDA:111,20,1,101
BRDA:113,21,0,101
BRDA:113,21,1,0
BRDA:124,22,0,4
BRDA:124,22,1,97
BRDA:125,23,0,4
BRDA:125,23,1,4
BRDA:129,24,0,1
BRDA:129,24,1,100
BRDA:137,25,0,0
BRDA:137,25,1,1
BRF:46
BRH:33
end_of_record
TN:
SF:src/middleware/validate.js
FN:7,formatZodErrors
FN:13,(anonymous_1)
FN:19,buildValidator
FN:20,(anonymous_3)
FN:53,(anonymous_4)
FN:54,(anonymous_5)
FN:55,(anonymous_6)
FNF:7
FNH:6
FNDA:5,formatZodErrors
FNDA:6,(anonymous_1)
FNDA:57,buildValidator
FNDA:19,(anonymous_3)
FNDA:43,(anonymous_4)
FNDA:14,(anonymous_5)
FNDA:0,(anonymous_6)
DA:1,14
DA:5,14
DA:8,5
DA:13,5
DA:14,6
DA:15,6
DA:20,57
DA:21,19
DA:23,19
DA:24,19
DA:26,14
DA:27,8
DA:28,6
DA:29,0
DA:31,6
DA:34,14
DA:36,5
DA:37,5
DA:48,0
DA:53,43
DA:54,14
DA:55,14
DA:57,14
LF:23
LH:21
BRDA:8,0,0,0
BRDA:8,0,1,5
BRDA:10,1,0,5
BRDA:10,1,1,0
BRDA:15,2,0,6
BRDA:15,2,1,0
BRDA:19,3,0,0
BRDA:23,4,0,9
BRDA:23,4,1,10
BRDA:23,5,0,0
BRDA:23,5,1,10
BRDA:24,6,0,19
BRDA:24,6,1,0
BRDA:26,7,0,8
BRDA:26,7,1,6
BRDA:28,8,0,0
BRDA:28,8,1,6
BRDA:36,9,0,5
BRDA:36,9,1,0
BRF:19
BRH:11
end_of_record
TN:
SF:src/poi/providers/googlePlacesPoi.js
FN:11,placesHeaders
FN:46,deg2rad
FN:49,kmBetween
FN:61,mapPlaceToPoiCard
FN:73,(anonymous_4)
FN:82,(anonymous_5)
FN:91,(anonymous_6)
FN:137,geocodeText
FN:156,searchNearbyPoi
FN:162,(anonymous_9)
FN:164,(anonymous_10)
FN:164,(anonymous_11)
FN:167,(anonymous_12)
FN:191,applySmartFilters
FN:198,(anonymous_14)
FN:201,(anonymous_15)
FN:202,(anonymous_16)
FN:221,(anonymous_17)
FN:228,(anonymous_18)
FN:232,(anonymous_19)
FN:236,(anonymous_20)
FN:238,(anonymous_21)
FNF:22
FNH:0
FNDA:0,placesHeaders
FNDA:0,deg2rad
FNDA:0,kmBetween
FNDA:0,mapPlaceToPoiCard
FNDA:0,(anonymous_4)
FNDA:0,(anonymous_5)
FNDA:0,(anonymous_6)
FNDA:0,geocodeText
FNDA:0,searchNearbyPoi
FNDA:0,(anonymous_9)
FNDA:0,(anonymous_10)
FNDA:0,(anonymous_11)
FNDA:0,(anonymous_12)
FNDA:0,applySmartFilters
FNDA:0,(anonymous_14)
FNDA:0,(anonymous_15)
FNDA:0,(anonymous_16)
FNDA:0,(anonymous_17)
FNDA:0,(anonymous_18)
FNDA:0,(anonymous_19)
FNDA:0,(anonymous_20)
FNDA:0,(anonymous_21)
DA:1,12
DA:9,12
DA:13,0
DA:17,0
DA:21,0
DA:22,0
DA:26,12
DA:36,12
DA:44,12
DA:47,0
DA:50,0
DA:51,0
DA:52,0
DA:54,0
DA:58,0
DA:62,0
DA:63,0
DA:64,0
DA:65,0
DA:68,0
DA:72,0
DA:73,0
DA:81,0
DA:82,0
DA:85,0
DA:87,0
DA:89,0
DA:91,0
DA:92,0
DA:94,0
DA:95,0
DA:99,0
DA:100,0
DA:101,0
DA:102,0
DA:103,0
DA:106,0
DA:138,0
DA:140,0
DA:141,0
DA:146,0
DA:147,0
DA:148,0
DA:149,0
DA:150,0
DA:151,0
DA:153,0
DA:157,0
DA:159,0
DA:161,0
DA:162,0
DA:163,0
DA:164,0
DA:167,0
DA:168,0
DA:170,0
DA:183,0
DA:188,0
DA:192,0
DA:194,0
DA:198,0
DA:200,0
DA:201,0
DA:202,0
DA:204,0
DA:206,0
DA:208,0
DA:210,0
DA:211,0
DA:212,0
DA:214,0
DA:216,0
DA:218,0
DA:220,0
DA:221,0
DA:223,0
DA:227,0
DA:228,0
DA:230,0
DA:231,0
DA:232,0
DA:234,0
DA:236,0
DA:237,0
DA:238,0
DA:240,0
DA:243,12
LF:87
LH:6
BRDA:11,0,0,0
BRDA:13,1,0,0
BRDA:13,1,1,0
BRDA:21,2,0,0
BRDA:21,2,1,0
BRDA:61,3,0,0
BRDA:64,4,0,0
BRDA:64,4,1,0
BRDA:65,5,0,0
BRDA:65,5,1,0
BRDA:68,6,0,0
BRDA:68,6,1,0
BRDA:68,7,0,0
BRDA:68,7,1,0
BRDA:68,7,2,0
BRDA:72,8,0,0
BRDA:72,8,1,0
BRDA:81,9,0,0
BRDA:81,9,1,0
BRDA:89,10,0,0
BRDA:89,10,1,0
BRDA:89,10,2,0
BRDA:91,11,0,0
BRDA:91,11,1,0
BRDA:94,12,0,0
BRDA:94,12,1,0
BRDA:94,13,0,0
BRDA:94,13,1,0
BRDA:100,14,0,0
BRDA:100,14,1,0
BRDA:100,15,0,0
BRDA:100,15,1,0
BRDA:102,16,0,0
BRDA:102,16,1,0
BRDA:102,17,0,0
BRDA:102,17,1,0
BRDA:108,18,0,0
BRDA:108,18,1,0
BRDA:108,18,2,0
BRDA:109,19,0,0
BRDA:109,19,1,0
BRDA:109,19,2,0
BRDA:110,20,0,0
BRDA:110,20,1,0
BRDA:111,21,0,0
BRDA:111,21,1,0
BRDA:113,22,0,0
BRDA:113,22,1,0
BRDA:120,23,0,0
BRDA:120,23,1,0
BRDA:121,24,0,0
BRDA:121,24,1,0
BRDA:124,25,0,0
BRDA:124,25,1,0
BRDA:124,25,2,0
BRDA:124,25,3,0
BRDA:131,26,0,0
BRDA:131,26,1,0
BRDA:133,27,0,0
BRDA:133,27,1,0
BRDA:137,28,0,0
BRDA:147,29,0,0
BRDA:147,29,1,0
BRDA:150,30,0,0
BRDA:150,30,1,0
BRDA:150,31,0,0
BRDA:150,31,1,0
BRDA:156,32,0,0
BRDA:156,33,0,0
BRDA:156,34,0,0
BRDA:162,35,0,0
BRDA:162,35,1,0
BRDA:162,36,0,0
BRDA:162,36,1,0
BRDA:163,37,0,0
BRDA:163,37,1,0
BRDA:164,38,0,0
BRDA:164,38,1,0
BRDA:168,39,0,0
BRDA:168,39,1,0
BRDA:188,40,0,0
BRDA:188,40,1,0
BRDA:194,41,0,0
BRDA:194,41,1,0
BRDA:196,42,0,0
BRDA:196,42,1,0
BRDA:200,43,0,0
BRDA:200,43,1,0
BRDA:202,44,0,0
BRDA:202,44,1,0
BRDA:204,45,0,0
BRDA:204,45,1,0
BRDA:204,46,0,0
BRDA:204,46,1,0
BRDA:204,46,2,0
BRDA:206,47,0,0
BRDA:206,47,1,0
BRDA:206,48,0,0
BRDA:206,48,1,0
BRDA:206,48,2,0
BRDA:208,49,0,0
BRDA:208,49,1,0
BRDA:208,50,0,0
BRDA:208,50,1,0
BRDA:210,51,0,0
BRDA:210,51,1,0
BRDA:211,52,0,0
BRDA:211,52,1,0
BRDA:211,53,0,0
BRDA:211,53,1,0
BRDA:212,54,0,0
BRDA:212,54,1,0
BRDA:212,55,0,0
BRDA:212,55,1,0
BRDA:212,55,2,0
BRDA:212,55,3,0
BRDA:212,55,4,0
BRDA:212,55,5,0
BRDA:220,56,0,0
BRDA:220,56,1,0
BRDA:220,57,0,0
BRDA:220,57,1,0
BRDA:223,58,0,0
BRDA:223,58,1,0
BRDA:223,59,0,0
BRDA:223,59,1,0
BRDA:227,60,0,0
BRDA:227,60,1,0
BRDA:227,61,0,0
BRDA:227,61,1,0
BRDA:228,62,0,0
BRDA:228,62,1,0
BRDA:230,63,0,0
BRDA:230,63,1,0
BRDA:234,64,0,0
BRDA:234,64,1,0
BRDA:236,65,0,0
BRDA:236,65,1,0
BRDA:237,66,0,0
BRDA:237,66,1,0
BRDA:238,67,0,0
BRDA:238,67,1,0
BRF:142
BRH:0
end_of_record
TN:
SF:src/routes/culturalEtiquetteRoutes.js
FNF:0
FNH:0
DA:1,14
DA:2,14
DA:5,14
DA:9,14
DA:11,14
LF:5
LH:5
BRF:0
BRH:0
end_of_record
TN:
SF:src/routes/cultureIntelligenceRoutes.js
FNF:0
FNH:0
DA:1,14
DA:2,14
DA:8,14
DA:12,14
DA:22,14
DA:32,14
DA:38,14
DA:45,14
DA:48,14
DA:51,14
DA:53,14
LF:11
LH:11
BRF:0
BRH:0
end_of_record
TN:
SF:src/routes/itineraryRoutes.js
FNF:0
FNH:0
DA:1,14
DA:2,14
DA:3,14
DA:4,14
DA:6,14
DA:8,14
DA:14,14
LF:7
LH:7
BRF:0
BRH:0
end_of_record
TN:
SF:src/routes/phrasebookRoutes.js
FNF:0
FNH:0
DA:1,14
DA:2,14
DA:3,14
DA:4,14
DA:5,14
DA:7,14
DA:9,14
DA:16,14
LF:8
LH:8
BRF:0
BRH:0
end_of_record
TN:
SF:src/routes/poiRoutes.js
FNF:0
FNH:0
DA:1,14
DA:2,14
DA:3,14
DA:4,14
DA:5,14
DA:7,14
DA:13,14
DA:19,14
DA:25,14
DA:32,14
LF:10
LH:10
BRDA:8,0,0,14
BRDA:8,0,1,14
BRDA:9,1,0,14
BRDA:9,1,1,14
BRDA:14,2,0,14
BRDA:14,2,1,14
BRDA:15,3,0,14
BRDA:15,3,1,14
BRF:8
BRH:8
end_of_record
TN:
SF:src/routes/savedPhraseRoutes.js
FNF:0
FNH:0
DA:4,14
DA:5,14
DA:7,14
DA:10,14
DA:13,14
DA:16,14
DA:18,14
LF:7
LH:7
BRF:0
BRH:0
end_of_record
TN:
SF:src/routes/staysRoutes.js
FN:41,(anonymous_0)
FN:44,(anonymous_1)
FN:48,(anonymous_2)
FN:84,(anonymous_3)
FN:95,(anonymous_4)
FN:126,(anonymous_5)
FN:207,(anonymous_6)
FN:213,(anonymous_7)
FN:216,(anonymous_8)
FN:223,(anonymous_9)
FN:224,(anonymous_10)
FN:230,(anonymous_11)
FN:238,(anonymous_12)
FN:242,(anonymous_13)
FN:244,(anonymous_14)
FN:253,(anonymous_15)
FN:292,(anonymous_16)
FNF:17
FNH:3
FNDA:0,(anonymous_0)
FNDA:0,(anonymous_1)
FNDA:0,(anonymous_2)
FNDA:0,(anonymous_3)
FNDA:0,(anonymous_4)
FNDA:62,(anonymous_5)
FNDA:3,(anonymous_6)
FNDA:0,(anonymous_7)
FNDA:0,(anonymous_8)
FNDA:0,(anonymous_9)
FNDA:0,(anonymous_10)
FNDA:0,(anonymous_11)
FNDA:0,(anonymous_12)
FNDA:0,(anonymous_13)
FNDA:0,(anonymous_14)
FNDA:0,(anonymous_15)
FNDA:2,(anonymous_16)
DA:1,14
DA:2,14
DA:3,14
DA:12,14
DA:18,14
DA:19,14
DA:20,14
DA:21,14
DA:22,14
DA:24,14
DA:30,14
DA:36,14
DA:37,14
DA:41,14
DA:42,0
DA:44,0
DA:48,14
DA:49,0
DA:51,0
DA:52,0
DA:54,0
DA:55,0
DA:56,0
DA:67,0
DA:68,0
DA:69,0
DA:70,0
DA:71,0
DA:74,0
DA:75,0
DA:84,0
DA:88,0
DA:89,0
DA:92,0
DA:93,0
DA:95,0
DA:99,0
DA:100,0
DA:102,0
DA:107,0
DA:109,0
DA:110,0
DA:122,14
DA:127,62
DA:141,62
DA:143,62
DA:146,62
DA:147,62
DA:148,61
DA:149,1
DA:150,0
DA:151,0
DA:152,0
DA:163,1
DA:174,61
DA:175,61
DA:181,61
DA:182,0
DA:194,61
DA:200,61
DA:207,61
DA:210,61
DA:211,0
DA:213,0
DA:215,0
DA:216,0
DA:218,0
DA:223,0
DA:224,0
DA:228,61
DA:229,0
DA:230,0
DA:235,61
DA:236,0
DA:238,0
DA:241,0
DA:242,0
DA:243,0
DA:244,0
DA:249,61
DA:250,0
DA:251,0
DA:252,0
DA:253,0
DA:259,61
DA:260,61
DA:261,61
DA:262,61
DA:263,61
DA:264,61
DA:266,61
DA:275,0
DA:276,0
DA:278,0
DA:279,0
DA:288,14
DA:293,2
DA:294,2
DA:300,2
DA:301,0
DA:313,2
DA:314,2
DA:319,2
DA:320,1
DA:325,1
DA:327,0
DA:328,0
DA:335,14
LF:108
LH:51
BRDA:25,0,0,14
BRDA:25,0,1,14
BRDA:26,1,0,14
BRDA:26,1,1,14
BRDA:31,2,0,14
BRDA:31,2,1,14
BRDA:32,3,0,14
BRDA:32,3,1,14
BRDA:36,4,0,14
BRDA:36,4,1,14
BRDA:38,5,0,14
BRDA:38,5,1,14
BRDA:54,6,0,0
BRDA:54,6,1,0
BRDA:55,7,0,0
BRDA:55,7,1,0
BRDA:68,8,0,0
BRDA:68,8,1,0
BRDA:69,9,0,0
BRDA:69,9,1,0
BRDA:70,10,0,0
BRDA:70,10,1,0
BRDA:70,11,0,0
BRDA:70,11,1,0
BRDA:84,12,0,0
BRDA:84,12,1,0
BRDA:92,13,0,0
BRDA:92,13,1,0
BRDA:92,14,0,0
BRDA:92,14,1,0
BRDA:95,15,0,0
BRDA:95,15,1,0
BRDA:99,16,0,0
BRDA:99,16,1,0
BRDA:136,17,0,62
BRDA:137,18,0,62
BRDA:143,19,0,62
BRDA:143,19,1,0
BRDA:147,20,0,61
BRDA:147,20,1,1
BRDA:147,21,0,62
BRDA:147,21,1,61
BRDA:149,22,0,0
BRDA:149,22,1,1
BRDA:174,23,0,61
BRDA:174,23,1,61
BRDA:176,24,0,61
BRDA:176,24,1,0
BRDA:176,24,2,0
BRDA:181,25,0,0
BRDA:181,25,1,61
BRDA:202,26,0,61
BRDA:202,26,1,0
BRDA:204,27,0,61
BRDA:204,27,1,61
BRDA:204,27,2,61
BRDA:210,28,0,0
BRDA:210,28,1,61
BRDA:215,29,0,0
BRDA:215,29,1,0
BRDA:218,30,0,0
BRDA:218,30,1,0
BRDA:218,31,0,0
BRDA:218,31,1,0
BRDA:220,32,0,0
BRDA:220,32,1,0
BRDA:228,33,0,0
BRDA:228,33,1,61
BRDA:230,34,0,0
BRDA:230,34,1,0
BRDA:235,35,0,0
BRDA:235,35,1,61
BRDA:241,36,0,0
BRDA:241,36,1,0
BRDA:243,37,0,0
BRDA:243,37,1,0
BRDA:249,38,0,0
BRDA:249,38,1,61
BRDA:251,39,0,0
BRDA:251,39,1,0
BRDA:253,40,0,0
BRDA:253,40,1,0
BRDA:276,41,0,0
BRDA:276,41,1,0
BRDA:276,41,2,0
BRDA:278,42,0,0
BRDA:278,42,1,0
BRDA:278,42,2,0
BRDA:295,43,0,2
BRDA:295,43,1,0
BRDA:300,44,0,0
BRDA:300,44,1,2
BRDA:313,45,0,2
BRDA:313,45,1,2
BRDA:316,46,0,2
BRDA:316,46,1,0
BRDA:319,47,0,1
BRDA:319,47,1,1
BRF:98
BRH:39
end_of_record
TN:
SF:src/routes/translationRoutes.js
FNF:0
FNH:0
DA:1,14
DA:2,14
DA:3,14
DA:4,14
DA:5,14
DA:7,14
DA:9,14
DA:15,14
DA:17,14
LF:9
LH:9
BRF:0
BRH:0
end_of_record
TN:
SF:src/stays/providers/googlePlaces.js
FN:13,ensureKey
FN:23,placesHeaders
FN:95,deg2rad
FN:98,kmBetween
FN:110,classifyTypes
FN:118,(anonymous_5)
FN:122,(anonymous_6)
FN:127,(anonymous_7)
FN:140,inferType
FN:144,inferAmenitiesFromTypes
FN:146,(anonymous_10)
FN:149,(anonymous_11)
FN:163,collectPlaceFeatures
FN:166,(anonymous_13)
FN:181,(anonymous_14)
FN:197,(anonymous_15)
FN:207,pricePayload
FN:215,encodePlacePath
FN:222,buildPhotoProxy
FN:230,parseCityStateCountry
FN:238,(anonymous_20)
FN:263,mapPlaceToResult
FN:278,(anonymous_22)
FN:320,mapPlaceToDetail
FN:329,(anonymous_24)
FN:343,(anonymous_25)
FN:400,geocodeCity
FN:470,nearbyLodging
FN:531,fetchById
FNF:29
FNH:3
FNDA:120,ensureKey
FNDA:60,placesHeaders
FNDA:0,deg2rad
FNDA:0,kmBetween
FNDA:0,classifyTypes
FNDA:0,(anonymous_5)
FNDA:0,(anonymous_6)
FNDA:0,(anonymous_7)
FNDA:0,inferType
FNDA:0,inferAmenitiesFromTypes
FNDA:0,(anonymous_10)
FNDA:0,(anonymous_11)
FNDA:0,collectPlaceFeatures
FNDA:0,(anonymous_13)
FNDA:0,(anonymous_14)
FNDA:0,(anonymous_15)
FNDA:0,pricePayload
FNDA:0,encodePlacePath
FNDA:0,buildPhotoProxy
FNDA:0,parseCityStateCountry
FNDA:0,(anonymous_20)
FNDA:0,mapPlaceToResult
FNDA:0,(anonymous_22)
FNDA:0,mapPlaceToDetail
FNDA:0,(anonymous_24)
FNDA:0,(anonymous_25)
FNDA:0,geocodeCity
FNDA:60,nearbyLodging
FNDA:0,fetchById
DA:1,9
DA:3,9
DA:4,9
DA:5,9
DA:7,9
DA:8,0
DA:14,120
DA:15,0
DA:18,0
DA:19,0
DA:24,60
DA:26,60
DA:30,60
DA:34,60
DA:35,60
DA:38,9
DA:47,9
DA:49,9
DA:64,9
DA:72,9
DA:96,0
DA:99,0
DA:100,0
DA:101,0
DA:103,0
DA:107,0
DA:111,0
DA:112,0
DA:113,0
DA:114,0
DA:115,0
DA:118,0
DA:119,0
DA:121,0
DA:122,0
DA:123,0
DA:127,0
DA:128,0
DA:129,0
DA:132,0
DA:134,0
DA:141,0
DA:145,0
DA:146,0
DA:147,0
DA:149,0
DA:150,0
DA:153,0
DA:154,0
DA:156,0
DA:157,0
DA:160,0
DA:164,0
DA:166,0
DA:168,0
DA:169,0
DA:170,0
DA:173,0
DA:174,0
DA:178,0
DA:181,0
DA:182,0
DA:185,0
DA:186,0
DA:187,0
DA:189,0
DA:190,0
DA:192,0
DA:193,0
DA:196,0
DA:197,0
DA:198,0
DA:199,0
DA:200,0
DA:201,0
DA:204,0
DA:208,0
DA:209,0
DA:216,0
DA:223,0
DA:224,0
DA:225,0
DA:226,0
DA:227,0
DA:231,0
DA:232,0
DA:233,0
DA:236,0
DA:238,0
DA:241,0
DA:242,0
DA:243,0
DA:246,0
DA:247,0
DA:248,0
DA:249,0
DA:252,0
DA:253,0
DA:254,0
DA:256,0
DA:257,0
DA:260,0
DA:264,0
DA:265,0
DA:267,0
DA:269,0
DA:271,0
DA:277,0
DA:278,0
DA:286,0
DA:291,0
DA:321,0
DA:322,0
DA:324,0
DA:326,0
DA:328,0
DA:329,0
DA:338,0
DA:342,0
DA:343,0
DA:353,0
DA:358,0
DA:401,0
DA:403,0
DA:404,0
DA:405,0
DA:416,0
DA:417,0
DA:419,0
DA:420,0
DA:421,0
DA:422,0
DA:426,0
DA:432,0
DA:436,0
DA:441,0
DA:451,0
DA:461,0
DA:476,60
DA:478,60
DA:480,60
DA:483,60
DA:498,60
DA:506,60
DA:508,0
DA:522,0
DA:532,0
DA:534,0
DA:535,0
DA:536,0
DA:540,0
DA:542,0
DA:543,0
DA:553,0
DA:554,0
DA:556,0
DA:571,0
DA:580,9
LF:158
LH:23
BRDA:7,0,0,0
BRDA:7,0,1,9
BRDA:14,1,0,0
BRDA:14,1,1,120
BRDA:23,2,0,60
BRDA:26,3,0,0
BRDA:26,3,1,60
BRDA:34,4,0,60
BRDA:34,4,1,0
BRDA:110,5,0,0
BRDA:110,6,0,0
BRDA:112,7,0,0
BRDA:112,7,1,0
BRDA:113,8,0,0
BRDA:113,8,1,0
BRDA:114,9,0,0
BRDA:114,9,1,0
BRDA:122,10,0,0
BRDA:122,10,1,0
BRDA:127,11,0,0
BRDA:127,11,1,0
BRDA:132,12,0,0
BRDA:132,12,1,0
BRDA:135,13,0,0
BRDA:135,13,1,0
BRDA:140,14,0,0
BRDA:144,15,0,0
BRDA:145,16,0,0
BRDA:145,16,1,0
BRDA:150,17,0,0
BRDA:150,17,1,0
BRDA:153,18,0,0
BRDA:153,18,1,0
BRDA:153,19,0,0
BRDA:153,19,1,0
BRDA:156,20,0,0
BRDA:156,20,1,0
BRDA:156,21,0,0
BRDA:156,21,1,0
BRDA:163,22,0,0
BRDA:169,23,0,0
BRDA:169,23,1,0
BRDA:169,24,0,0
BRDA:169,24,1,0
BRDA:169,24,2,0
BRDA:173,25,0,0
BRDA:173,25,1,0
BRDA:178,26,0,0
BRDA:178,26,1,0
BRDA:178,26,2,0
BRDA:181,27,0,0
BRDA:181,27,1,0
BRDA:181,28,0,0
BRDA:181,28,1,0
BRDA:185,29,0,0
BRDA:185,29,1,0
BRDA:186,30,0,0
BRDA:186,30,1,0
BRDA:189,31,0,0
BRDA:189,31,1,0
BRDA:192,32,0,0
BRDA:192,32,1,0
BRDA:198,33,0,0
BRDA:198,33,1,0
BRDA:199,34,0,0
BRDA:199,34,1,0
BRDA:200,35,0,0
BRDA:200,35,1,0
BRDA:208,36,0,0
BRDA:208,36,1,0
BRDA:210,37,0,0
BRDA:210,37,1,0
BRDA:222,38,0,0
BRDA:223,39,0,0
BRDA:223,39,1,0
BRDA:225,40,0,0
BRDA:225,40,1,0
BRDA:226,41,0,0
BRDA:226,41,1,0
BRDA:230,42,0,0
BRDA:231,43,0,0
BRDA:231,43,1,0
BRDA:231,44,0,0
BRDA:231,44,1,0
BRDA:232,45,0,0
BRDA:232,45,1,0
BRDA:241,46,0,0
BRDA:241,46,1,0
BRDA:242,47,0,0
BRDA:242,47,1,0
BRDA:246,48,0,0
BRDA:246,48,1,0
BRDA:248,49,0,0
BRDA:248,49,1,0
BRDA:249,50,0,0
BRDA:249,50,1,0
BRDA:253,51,0,0
BRDA:253,51,1,0
BRDA:254,52,0,0
BRDA:254,52,1,0
BRDA:256,53,0,0
BRDA:256,53,1,0
BRDA:256,54,0,0
BRDA:256,54,1,0
BRDA:263,55,0,0
BRDA:267,56,0,0
BRDA:267,56,1,0
BRDA:269,57,0,0
BRDA:269,57,1,0
BRDA:271,58,0,0
BRDA:271,58,1,0
BRDA:271,59,0,0
BRDA:271,59,1,0
BRDA:271,59,2,0
BRDA:277,60,0,0
BRDA:277,60,1,0
BRDA:293,61,0,0
BRDA:293,61,1,0
BRDA:293,61,2,0
BRDA:294,62,0,0
BRDA:294,62,1,0
BRDA:295,63,0,0
BRDA:295,63,1,0
BRDA:301,64,0,0
BRDA:301,64,1,0
BRDA:302,65,0,0
BRDA:302,65,1,0
BRDA:305,66,0,0
BRDA:305,66,1,0
BRDA:305,66,2,0
BRDA:305,66,3,0
BRDA:311,67,0,0
BRDA:311,67,1,0
BRDA:314,68,0,0
BRDA:314,68,1,0
BRDA:316,69,0,0
BRDA:316,69,1,0
BRDA:320,70,0,0
BRDA:324,71,0,0
BRDA:324,71,1,0
BRDA:326,72,0,0
BRDA:326,72,1,0
BRDA:328,73,0,0
BRDA:328,73,1,0
BRDA:338,74,0,0
BRDA:338,74,1,0
BRDA:338,74,2,0
BRDA:342,75,0,0
BRDA:342,75,1,0
BRDA:345,76,0,0
BRDA:345,76,1,0
BRDA:346,77,0,0
BRDA:346,77,1,0
BRDA:347,78,0,0
BRDA:347,78,1,0
BRDA:349,79,0,0
BRDA:349,79,1,0
BRDA:360,80,0,0
BRDA:360,80,1,0
BRDA:360,80,2,0
BRDA:362,81,0,0
BRDA:362,81,1,0
BRDA:362,81,2,0
BRDA:365,82,0,0
BRDA:365,82,1,0
BRDA:366,83,0,0
BRDA:366,83,1,0
BRDA:372,84,0,0
BRDA:372,84,1,0
BRDA:373,85,0,0
BRDA:373,85,1,0
BRDA:375,86,0,0
BRDA:375,86,1,0
BRDA:375,86,2,0
BRDA:375,86,3,0
BRDA:381,87,0,0
BRDA:381,87,1,0
BRDA:381,87,2,0
BRDA:384,88,0,0
BRDA:384,88,1,0
BRDA:388,89,0,0
BRDA:388,89,1,0
BRDA:390,90,0,0
BRDA:390,90,1,0
BRDA:393,91,0,0
BRDA:393,91,1,0
BRDA:400,92,0,0
BRDA:417,93,0,0
BRDA:417,93,1,0
BRDA:421,94,0,0
BRDA:421,94,1,0
BRDA:421,95,0,0
BRDA:421,95,1,0
BRDA:426,96,0,0
BRDA:426,96,1,0
BRDA:426,96,2,0
BRDA:426,96,3,0
BRDA:426,96,4,0
BRDA:432,97,0,0
BRDA:432,97,1,0
BRDA:432,97,2,0
BRDA:432,97,3,0
BRDA:438,98,0,0
BRDA:438,98,1,0
BRDA:462,99,0,0
BRDA:462,99,1,0
BRDA:462,99,2,0
BRDA:462,99,3,0
BRDA:473,100,0,0
BRDA:474,101,0,0
BRDA:506,102,0,60
BRDA:506,102,1,60
BRDA:517,103,0,0
BRDA:517,103,1,0
BRDA:523,104,0,0
BRDA:523,104,1,0
BRDA:523,104,2,0
BRDA:523,104,3,0
BRDA:531,105,0,0
BRDA:535,106,0,0
BRDA:535,106,1,0
BRDA:553,107,0,0
BRDA:553,107,1,0
BRDA:566,108,0,0
BRDA:566,108,1,0
BRDA:572,109,0,0
BRDA:572,109,1,0
BRDA:572,109,2,0
BRDA:572,109,3,0
BRF:229
BRH:7
end_of_record
TN:
SF:src/utils/errorHandler.js
FN:31,(anonymous_0)
FN:46,(anonymous_1)
FN:56,(anonymous_2)
FNF:3
FNH:3
FNDA:56,(anonymous_0)
FNDA:114,(anonymous_1)
FNDA:1,(anonymous_2)
DA:2,17
DA:31,17
DA:32,56
DA:39,56
DA:40,13
DA:42,56
DA:46,17
DA:47,114
DA:52,114
DA:56,17
DA:57,1
DA:58,1
DA:59,1
DA:60,1
DA:63,1
DA:64,1
DA:65,1
DA:66,1
DA:70,1
DA:71,0
DA:72,0
DA:73,0
DA:74,0
DA:75,1
DA:76,0
DA:77,0
DA:78,0
DA:79,1
DA:80,0
DA:81,0
DA:82,0
DA:83,1
DA:84,0
DA:85,0
DA:86,0
DA:87,1
DA:88,0
DA:89,0
DA:90,0
DA:91,1
DA:93,0
DA:94,0
DA:95,0
DA:96,0
DA:97,1
DA:99,0
DA:100,0
DA:101,1
DA:103,1
DA:107,1
DA:110,1
DA:113,17
LF:52
LH:30
BRDA:31,0,0,42
BRDA:39,1,0,13
BRDA:39,1,1,43
BRDA:46,2,0,0
BRDA:57,3,0,1
BRDA:57,3,1,1
BRDA:57,3,2,1
BRDA:63,4,0,1
BRDA:63,4,1,0
BRDA:70,5,0,0
BRDA:70,5,1,1
BRDA:75,6,0,0
BRDA:75,6,1,1
BRDA:79,7,0,0
BRDA:79,7,1,1
BRDA:79,8,0,1
BRDA:79,8,1,1
BRDA:83,9,0,0
BRDA:83,9,1,1
BRDA:87,10,0,0
BRDA:87,10,1,1
BRDA:91,11,0,0
BRDA:91,11,1,1
BRDA:91,12,0,1
BRDA:91,12,1,0
BRDA:97,13,0,0
BRDA:97,13,1,1
BRDA:97,14,0,1
BRDA:97,14,1,1
BRDA:99,15,0,0
BRDA:99,15,1,0
BRDA:101,16,0,1
BRDA:101,16,1,0
BRF:33
BRH:20
end_of_record
TN:
SF:src/utils/monitoring.js
FN:3,envKeyFor
FN:7,trackExternalCall
FN:44,getUsageSnapshot
FN:45,(anonymous_3)
FNF:4
FNH:2
FNDA:72,envKeyFor
FNDA:72,trackExternalCall
FNDA:0,getUsageSnapshot
FNDA:0,(anonymous_3)
DA:1,13
DA:4,72
DA:14,72
DA:16,72
DA:17,72
DA:18,72
DA:23,72
DA:24,72
DA:26,72
DA:27,72
DA:29,72
DA:30,0
DA:31,0
DA:41,72
DA:45,0
DA:51,13
LF:16
LH:13
BRDA:9,0,0,0
BRDA:10,1,0,72
BRDA:11,2,0,72
BRDA:12,3,0,0
BRDA:14,4,0,0
BRDA:14,4,1,72
BRDA:18,5,0,72
BRDA:18,5,1,7
BRDA:27,6,0,72
BRDA:27,6,1,72
BRDA:27,6,2,72
BRDA:29,7,0,0
BRDA:29,7,1,72
BRDA:29,8,0,72
BRDA:29,8,1,72
BRDA:29,8,2,72
BRF:16
BRH:12
end_of_record
TN:
SF:src/utils/quota.js
FN:3,buildKey
FN:7,enforceQuota
FNF:2
FNH:2
FNDA:71,buildKey
FNDA:71,enforceQuota
DA:1,13
DA:4,71
DA:13,71
DA:14,0
DA:16,71
DA:17,71
DA:18,71
DA:19,71
DA:20,71
DA:22,71
DA:23,1
DA:30,70
DA:31,70
DA:38,13
LF:14
LH:13
BRDA:8,0,0,0
BRDA:10,1,0,0
BRDA:11,2,0,0
BRDA:13,3,0,0
BRDA:13,3,1,71
BRDA:19,4,0,62
BRDA:19,4,1,9
BRDA:19,5,0,71
BRDA:19,5,1,63
BRDA:20,6,0,62
BRDA:20,6,1,9
BRDA:20,7,0,71
BRDA:20,7,1,63
BRDA:22,8,0,1
BRDA:22,8,1,70
BRF:15
BRH:11
end_of_record
TN:
SF:src/utils/rateLimiter.js
FN:22,createCustomLimiter
FN:37,(anonymous_1)
FN:67,registerLimiter
FN:77,getLimiter
FN:89,createRoleBasedLimiter
FN:100,(anonymous_5)
FN:102,(anonymous_6)
FN:110,(anonymous_7)
FN:125,(anonymous_8)
FN:151,createMethodBasedLimiter
FN:162,(anonymous_10)
FN:165,(anonymous_11)
FN:173,(anonymous_12)
FN:188,(anonymous_13)
FNF:14
FNH:13
FNDA:444,createCustomLimiter
FNDA:5,(anonymous_1)
FNDA:90,registerLimiter
FNDA:0,getLimiter
FNDA:30,createRoleBasedLimiter
FNDA:88,(anonymous_5)
FNDA:162,(anonymous_6)
FNDA:3,(anonymous_7)
FNDA:162,(anonymous_8)
FNDA:16,createMethodBasedLimiter
FNDA:76,(anonymous_10)
FNDA:136,(anonymous_11)
FNDA:1,(anonymous_12)
FNDA:136,(anonymous_13)
DA:1,15
DA:2,15
DA:7,15
DA:10,15
DA:29,444
DA:31,444
DA:38,5
DA:39,4
DA:42,5
DA:49,5
DA:59,444
DA:68,90
DA:69,90
DA:78,0
DA:94,30
DA:97,30
DA:100,30
DA:101,88
DA:102,162
DA:103,88
DA:105,88
DA:111,3
DA:125,30
DA:128,162
DA:133,162
DA:134,0
DA:138,162
DA:139,162
DA:156,16
DA:159,16
DA:162,16
DA:163,76
DA:164,76
DA:165,136
DA:166,76
DA:168,76
DA:174,1
DA:188,16
DA:190,136
DA:193,136
DA:194,0
DA:198,136
DA:199,136
DA:204,15
DA:205,15
DA:206,15
DA:207,15
DA:208,15
DA:209,15
DA:211,15
LF:50
LH:47
BRDA:22,0,0,0
BRDA:24,1,0,0
BRDA:25,2,0,0
BRDA:27,3,0,195
BRDA:28,4,0,280
BRDA:34,5,0,444
BRDA:34,5,1,279
BRDA:38,6,0,4
BRDA:38,6,1,1
BRDA:44,7,0,1
BRDA:44,7,1,4
BRDA:78,8,0,0
BRDA:78,8,1,0
BRDA:89,9,0,0
BRDA:91,10,0,0
BRDA:92,11,0,0
BRDA:93,12,0,0
BRDA:113,13,0,1
BRDA:113,13,1,2
BRDA:128,14,0,104
BRDA:128,14,1,58
BRDA:128,15,0,162
BRDA:128,15,1,104
BRDA:133,16,0,0
BRDA:133,16,1,162
BRDA:151,17,0,0
BRDA:153,18,0,0
BRDA:154,19,0,0
BRDA:155,20,0,0
BRDA:163,21,0,76
BRDA:163,21,1,0
BRDA:176,22,0,0
BRDA:176,22,1,1
BRDA:193,23,0,0
BRDA:193,23,1,136
BRDA:193,24,0,136
BRDA:193,24,1,0
BRDA:198,25,0,136
BRDA:198,25,1,0
BRF:39
BRH:20
end_of_record
TN:
SF:src/utils/schemas.js
FN:12,(anonymous_0)
FN:44,(anonymous_1)
FN:61,(anonymous_2)
FN:70,(anonymous_3)
FN:79,(anonymous_4)
FN:85,(anonymous_5)
FN:91,(anonymous_6)
FN:98,(anonymous_7)
FN:112,(anonymous_8)
FNF:9
FNH:5
FNDA:168,(anonymous_0)
FNDA:3,(anonymous_1)
FNDA:1,(anonymous_2)
FNDA:1,(anonymous_3)
FNDA:0,(anonymous_4)
FNDA:0,(anonymous_5)
FNDA:0,(anonymous_6)
FNDA:0,(anonymous_7)
FNDA:9,(anonymous_8)
DA:1,14
DA:2,14
DA:4,14
DA:12,14
DA:13,168
DA:21,14
DA:36,14
DA:44,3
DA:51,14
DA:61,1
DA:70,1
DA:79,0
DA:85,0
DA:91,0
DA:98,0
DA:113,9
DA:122,14
DA:138,14
LF:18
LH:14
BRDA:12,0,0,0
BRDA:61,1,0,0
BRDA:61,1,1,1
BRDA:70,2,0,0
BRDA:70,2,1,1
BRDA:79,3,0,0
BRDA:79,3,1,0
BRDA:85,4,0,0
BRDA:85,4,1,0
BRDA:91,5,0,0
BRDA:91,5,1,0
BRDA:98,6,0,0
BRDA:98,6,1,0
BRDA:113,7,0,9
BRDA:113,7,1,8
BRDA:113,7,2,2
BRDA:113,7,3,1
BRF:17
BRH:6
end_of_record
TN:
SF:src/utils/security.js
FN:13,generateSecureToken
FN:23,secureHash
FN:36,createSignature
FN:47,verifySignature
FN:68,generateRequestFingerprint
FN:85,validateRequestSignature
FN:99,(anonymous_6)
FN:101,(anonymous_7)
FN:110,(anonymous_8)
FN:202,addSecurityHeaders
FN:225,(anonymous_10)
FN:234,(anonymous_11)
FN:247,(anonymous_12)
FN:302,securityLogging
FN:305,(anonymous_14)
FN:310,(anonymous_15)
FN:348,enhancedAuthorization
FN:351,(anonymous_17)
FN:365,(anonymous_18)
FN:366,(anonymous_19)
FN:389,(anonymous_20)
FNF:21
FNH:20
FNDA:0,generateSecureToken
FNDA:137,secureHash
FNDA:2,createSignature
FNDA:2,verifySignature
FNDA:137,generateRequestFingerprint
FNDA:17,validateRequestSignature
FNDA:138,(anonymous_6)
FNDA:138,(anonymous_7)
FNDA:269,(anonymous_8)
FNDA:15,addSecurityHeaders
FNDA:134,(anonymous_10)
FNDA:670,(anonymous_11)
FNDA:1206,(anonymous_12)
FNDA:15,securityLogging
FNDA:134,(anonymous_14)
FNDA:134,(anonymous_15)
FNDA:15,enhancedAuthorization
FNDA:134,(anonymous_17)
FNDA:670,(anonymous_18)
FNDA:268,(anonymous_19)
FNDA:30,(anonymous_20)
DA:1,16
DA:6,16
DA:14,0
DA:24,137
DA:37,2
DA:48,2
DA:49,0
DA:52,2
DA:53,2
DA:54,2
DA:59,0
DA:69,137
DA:70,137
DA:71,137
DA:72,137
DA:74,137
DA:75,137
DA:91,17
DA:93,17
DA:94,0
DA:99,17
DA:100,138
DA:101,138
DA:102,138
DA:104,138
DA:105,0
DA:109,138
DA:110,138
DA:111,269
DA:113,138
DA:114,33
DA:118,105
DA:119,95
DA:122,10
DA:123,10
DA:124,8
DA:135,2
DA:136,2
DA:137,0
DA:149,2
DA:150,2
DA:151,2
DA:152,0
DA:164,2
DA:165,2
DA:166,2
DA:167,2
DA:170,2
DA:171,0
DA:178,0
DA:190,2
DA:191,2
DA:193,2
DA:223,15
DA:225,15
DA:227,134
DA:234,670
DA:236,134
DA:238,0
DA:239,0
DA:244,134
DA:245,134
DA:248,1206
DA:251,134
DA:255,134
DA:256,134
DA:260,134
DA:261,134
DA:265,134
DA:266,134
DA:270,134
DA:271,134
DA:275,134
DA:276,134
DA:280,134
DA:281,0
DA:285,134
DA:288,134
DA:293,134
DA:303,15
DA:305,15
DA:306,134
DA:307,134
DA:310,134
DA:312,134
DA:315,134
DA:318,134
DA:322,134
DA:323,51
DA:336,134
DA:339,134
DA:349,15
DA:351,15
DA:353,134
DA:362,134
DA:364,134
DA:365,670
DA:366,268
DA:368,64
DA:374,70
DA:376,70
DA:378,40
DA:383,40
DA:387,30
DA:388,30
DA:389,30
DA:392,30
DA:393,0
DA:402,0
DA:403,0
DA:416,30
DA:418,30
DA:423,30
DA:424,0
DA:432,0
DA:447,30
DA:453,30
DA:457,16
LF:118
LH:101
BRDA:13,0,0,0
BRDA:23,1,0,137
BRDA:48,2,0,0
BRDA:48,2,1,2
BRDA:48,3,0,2
BRDA:48,3,1,2
BRDA:69,4,0,137
BRDA:69,4,1,2
BRDA:70,5,0,137
BRDA:70,5,1,137
BRDA:71,6,0,137
BRDA:71,6,1,0
BRDA:72,7,0,137
BRDA:72,7,1,0
BRDA:85,8,0,0
BRDA:87,9,0,0
BRDA:88,10,0,0
BRDA:89,11,0,0
BRDA:90,12,0,17
BRDA:93,13,0,0
BRDA:93,13,1,17
BRDA:100,14,0,138
BRDA:100,14,1,0
BRDA:100,14,2,0
BRDA:104,15,0,0
BRDA:104,15,1,138
BRDA:113,16,0,33
BRDA:113,16,1,105
BRDA:113,17,0,138
BRDA:113,17,1,114
BRDA:118,18,0,95
BRDA:118,18,1,10
BRDA:118,19,0,105
BRDA:118,19,1,95
BRDA:123,20,0,8
BRDA:123,20,1,2
BRDA:136,21,0,0
BRDA:136,21,1,2
BRDA:151,22,0,0
BRDA:151,22,1,2
BRDA:151,23,0,2
BRDA:151,23,1,2
BRDA:164,24,0,2
BRDA:164,24,1,0
BRDA:170,25,0,0
BRDA:170,25,1,2
BRDA:173,26,0,0
BRDA:173,26,1,0
BRDA:202,27,0,15
BRDA:204,28,0,15
BRDA:217,29,0,15
BRDA:218,30,0,15
BRDA:219,31,0,15
BRDA:220,32,0,15
BRDA:221,33,0,15
BRDA:222,34,0,15
BRDA:236,35,0,0
BRDA:236,35,1,134
BRDA:244,36,0,134
BRDA:244,36,1,0
BRDA:248,37,0,1206
BRDA:248,37,1,0
BRDA:255,38,0,134
BRDA:255,38,1,0
BRDA:260,39,0,134
BRDA:260,39,1,0
BRDA:265,40,0,134
BRDA:265,40,1,0
BRDA:270,41,0,134
BRDA:270,41,1,0
BRDA:275,42,0,134
BRDA:275,42,1,0
BRDA:280,43,0,0
BRDA:280,43,1,134
BRDA:280,44,0,134
BRDA:280,44,1,134
BRDA:302,45,0,0
BRDA:303,46,0,0
BRDA:315,47,0,134
BRDA:315,47,1,0
BRDA:318,48,0,134
BRDA:318,48,1,134
BRDA:318,48,2,51
BRDA:318,48,3,109
BRDA:322,49,0,51
BRDA:322,49,1,83
BRDA:325,50,0,22
BRDA:325,50,1,29
BRDA:348,51,0,0
BRDA:349,52,0,0
BRDA:364,53,0,64
BRDA:364,53,1,70
BRDA:365,54,0,134
BRDA:365,54,1,134
BRDA:374,55,0,70
BRDA:374,55,1,40
BRDA:376,56,0,40
BRDA:376,56,1,30
BRDA:392,57,0,0
BRDA:392,57,1,30
BRDA:395,58,0,0
BRDA:395,58,1,0
BRDA:402,59,0,0
BRDA:402,59,1,0
BRDA:416,60,0,30
BRDA:416,60,1,0
BRDA:418,61,0,30
BRDA:418,61,1,30
BRDA:418,61,2,0
BRDA:418,61,3,30
BRDA:418,61,4,30
BRDA:423,62,0,0
BRDA:423,62,1,30
BRDA:423,63,0,30
BRDA:423,63,1,0
BRDA:426,64,0,0
BRDA:426,64,1,0
BRF:117
BRH:74
end_of_record
TN:
SF:src/utils/validation.js
FN:4,sanitizeString
FN:24,sanitizeTextInput
FN:32,normalizeLangPair
FN:46,validateLangCode
FN:57,ensureOwner
FNF:5
FNH:4
FNDA:121,sanitizeString
FNDA:1,sanitizeTextInput
FNDA:0,normalizeLangPair
FNDA:3,validateLangCode
FNDA:5,ensureOwner
DA:1,14
DA:2,14
DA:5,121
DA:6,3
DA:11,118
DA:12,118
DA:13,2
DA:15,116
DA:16,0
DA:21,116
DA:25,1
DA:33,0
DA:34,0
DA:36,0
DA:37,0
DA:38,0
DA:40,0
DA:41,0
DA:43,0
DA:47,3
DA:48,3
DA:49,3
DA:50,0
DA:54,3
DA:58,5
DA:59,0
DA:61,5
DA:62,0
DA:64,5
DA:67,14
LF:30
LH:18
BRDA:1,0,0,14
BRDA:1,0,1,0
BRDA:4,1,0,0
BRDA:4,2,0,57
BRDA:4,3,0,0
BRDA:4,4,0,82
BRDA:5,5,0,3
BRDA:5,5,1,118
BRDA:5,6,0,121
BRDA:5,6,1,118
BRDA:7,7,0,2
BRDA:7,7,1,1
BRDA:12,8,0,2
BRDA:12,8,1,116
BRDA:12,9,0,118
BRDA:12,9,1,29
BRDA:15,10,0,0
BRDA:15,10,1,116
BRDA:24,11,0,0
BRDA:26,12,0,1
BRDA:26,12,1,1
BRDA:27,13,0,1
BRDA:27,13,1,0
BRDA:32,14,0,0
BRDA:33,15,0,0
BRDA:33,15,1,0
BRDA:33,16,0,0
BRDA:33,16,1,0
BRDA:37,17,0,0
BRDA:37,17,1,0
BRDA:40,18,0,0
BRDA:40,18,1,0
BRDA:40,19,0,0
BRDA:40,19,1,0
BRDA:46,20,0,0
BRDA:46,21,0,0
BRDA:47,22,0,0
BRDA:47,22,1,3
BRDA:49,23,0,0
BRDA:49,23,1,3
BRDA:58,24,0,0
BRDA:58,24,1,5
BRDA:61,25,0,0
BRDA:61,25,1,5
BRF:44
BRH:21
end_of_record
